{"C:\\Users\\jjl05\\Desktop\\Help-1\\frontend\\src\\app\\api\\activities.ts": {"path":"C:\\Users\\jjl05\\Desktop\\Help-1\\frontend\\src\\app\\api\\activities.ts","statementMap":{"0":{"start":{"line":3,"column":29},"end":{"line":13,"column":null}},"1":{"start":{"line":5,"column":4},"end":{"line":5,"column":null}},"2":{"start":{"line":8,"column":4},"end":{"line":8,"column":null}},"3":{"start":{"line":11,"column":4},"end":{"line":11,"column":null}}},"fnMap":{"0":{"name":"(anonymous_0)","decl":{"start":{"line":4,"column":8},"end":{"line":4,"column":14}},"loc":{"start":{"line":4,"column":14},"end":{"line":6,"column":null}},"line":4},"1":{"name":"(anonymous_1)","decl":{"start":{"line":7,"column":9},"end":{"line":7,"column":10}},"loc":{"start":{"line":7,"column":25},"end":{"line":9,"column":null}},"line":7},"2":{"name":"(anonymous_2)","decl":{"start":{"line":10,"column":19},"end":{"line":10,"column":25}},"loc":{"start":{"line":10,"column":25},"end":{"line":12,"column":null}},"line":10}},"branchMap":{},"s":{"0":1,"1":1,"2":1,"3":1},"f":{"0":1,"1":1,"2":1},"b":{},"meta":{"lastBranch":0,"lastFunction":3,"lastStatement":4,"seen":{"s:3:29:13:Infinity":0,"f:4:8:4:14":0,"s:5:4:5:Infinity":1,"f:7:9:7:10":1,"s:8:4:8:Infinity":2,"f:10:19:10:25":2,"s:11:4:11:Infinity":3}}}
,"C:\\Users\\jjl05\\Desktop\\Help-1\\frontend\\src\\app\\api\\auth.ts": {"path":"C:\\Users\\jjl05\\Desktop\\Help-1\\frontend\\src\\app\\api\\auth.ts","statementMap":{"0":{"start":{"line":27,"column":23},"end":{"line":42,"column":null}},"1":{"start":{"line":30,"column":4},"end":{"line":30,"column":null}},"2":{"start":{"line":35,"column":4},"end":{"line":35,"column":null}},"3":{"start":{"line":40,"column":4},"end":{"line":40,"column":null}}},"fnMap":{"0":{"name":"(anonymous_0)","decl":{"start":{"line":29,"column":9},"end":{"line":29,"column":10}},"loc":{"start":{"line":29,"column":30},"end":{"line":31,"column":null}},"line":29},"1":{"name":"(anonymous_1)","decl":{"start":{"line":34,"column":12},"end":{"line":34,"column":13}},"loc":{"start":{"line":34,"column":36},"end":{"line":36,"column":null}},"line":34},"2":{"name":"(anonymous_2)","decl":{"start":{"line":39,"column":10},"end":{"line":39,"column":16}},"loc":{"start":{"line":39,"column":16},"end":{"line":41,"column":null}},"line":39}},"branchMap":{},"s":{"0":3,"1":1,"2":1,"3":1},"f":{"0":1,"1":1,"2":1},"b":{},"meta":{"lastBranch":0,"lastFunction":3,"lastStatement":4,"seen":{"s:27:23:42:Infinity":0,"f:29:9:29:10":0,"s:30:4:30:Infinity":1,"f:34:12:34:13":1,"s:35:4:35:Infinity":2,"f:39:10:39:16":2,"s:40:4:40:Infinity":3}}}
,"C:\\Users\\jjl05\\Desktop\\Help-1\\frontend\\src\\app\\api\\client.ts": {"path":"C:\\Users\\jjl05\\Desktop\\Help-1\\frontend\\src\\app\\api\\client.ts","statementMap":{"0":{"start":{"line":3,"column":18},"end":{"line":9,"column":null}},"1":{"start":{"line":11,"column":0},"end":{"line":23,"column":null}},"2":{"start":{"line":13,"column":18},"end":{"line":13,"column":null}},"3":{"start":{"line":15,"column":4},"end":{"line":17,"column":null}},"4":{"start":{"line":16,"column":6},"end":{"line":16,"column":null}},"5":{"start":{"line":18,"column":4},"end":{"line":18,"column":null}},"6":{"start":{"line":21,"column":4},"end":{"line":21,"column":null}},"7":{"start":{"line":26,"column":0},"end":{"line":51,"column":null}},"8":{"start":{"line":28,"column":4},"end":{"line":28,"column":null}},"9":{"start":{"line":31,"column":4},"end":{"line":48,"column":null}},"10":{"start":{"line":32,"column":6},"end":{"line":45,"column":null}},"11":{"start":{"line":34,"column":10},"end":{"line":34,"column":null}},"12":{"start":{"line":35,"column":10},"end":{"line":35,"column":null}},"13":{"start":{"line":36,"column":10},"end":{"line":36,"column":null}},"14":{"start":{"line":38,"column":10},"end":{"line":38,"column":null}},"15":{"start":{"line":39,"column":10},"end":{"line":39,"column":null}},"16":{"start":{"line":41,"column":10},"end":{"line":41,"column":null}},"17":{"start":{"line":42,"column":10},"end":{"line":42,"column":null}},"18":{"start":{"line":44,"column":10},"end":{"line":44,"column":null}},"19":{"start":{"line":46,"column":4},"end":{"line":48,"column":null}},"20":{"start":{"line":47,"column":6},"end":{"line":47,"column":null}},"21":{"start":{"line":49,"column":4},"end":{"line":49,"column":null}}},"fnMap":{"0":{"name":"(anonymous_0)","decl":{"start":{"line":12,"column":2},"end":{"line":12,"column":3}},"loc":{"start":{"line":12,"column":14},"end":{"line":19,"column":null}},"line":12},"1":{"name":"(anonymous_1)","decl":{"start":{"line":20,"column":2},"end":{"line":20,"column":3}},"loc":{"start":{"line":20,"column":13},"end":{"line":22,"column":null}},"line":20},"2":{"name":"(anonymous_2)","decl":{"start":{"line":27,"column":2},"end":{"line":27,"column":3}},"loc":{"start":{"line":27,"column":16},"end":{"line":29,"column":null}},"line":27},"3":{"name":"(anonymous_3)","decl":{"start":{"line":30,"column":2},"end":{"line":30,"column":3}},"loc":{"start":{"line":30,"column":13},"end":{"line":50,"column":null}},"line":30}},"branchMap":{"0":{"loc":{"start":{"line":4,"column":11},"end":{"line":4,"column":null}},"type":"binary-expr","locations":[{"start":{"line":4,"column":11},"end":{"line":4,"column":43}},{"start":{"line":4,"column":43},"end":{"line":4,"column":null}}],"line":4},"1":{"loc":{"start":{"line":15,"column":4},"end":{"line":17,"column":null}},"type":"if","locations":[{"start":{"line":15,"column":4},"end":{"line":17,"column":null}},{"start":{},"end":{}}],"line":15},"2":{"loc":{"start":{"line":15,"column":8},"end":{"line":15,"column":33}},"type":"binary-expr","locations":[{"start":{"line":15,"column":8},"end":{"line":15,"column":17}},{"start":{"line":15,"column":17},"end":{"line":15,"column":33}}],"line":15},"3":{"loc":{"start":{"line":31,"column":4},"end":{"line":48,"column":null}},"type":"if","locations":[{"start":{"line":31,"column":4},"end":{"line":48,"column":null}},{"start":{"line":46,"column":4},"end":{"line":48,"column":null}}],"line":31},"4":{"loc":{"start":{"line":32,"column":6},"end":{"line":45,"column":null}},"type":"switch","locations":[{"start":{"line":33,"column":8},"end":{"line":36,"column":null}},{"start":{"line":37,"column":8},"end":{"line":39,"column":null}},{"start":{"line":40,"column":8},"end":{"line":42,"column":null}},{"start":{"line":43,"column":8},"end":{"line":44,"column":null}}],"line":32},"5":{"loc":{"start":{"line":46,"column":4},"end":{"line":48,"column":null}},"type":"if","locations":[{"start":{"line":46,"column":4},"end":{"line":48,"column":null}},{"start":{},"end":{}}],"line":46}},"s":{"0":3,"1":3,"2":2,"3":2,"4":1,"5":2,"6":1,"7":3,"8":1,"9":5,"10":4,"11":1,"12":1,"13":1,"14":1,"15":1,"16":1,"17":1,"18":1,"19":1,"20":1,"21":5},"f":{"0":2,"1":1,"2":1,"3":5},"b":{"0":[3,3],"1":[1,1],"2":[2,1],"3":[4,1],"4":[1,1,1,1],"5":[1,0]},"meta":{"lastBranch":6,"lastFunction":4,"lastStatement":22,"seen":{"s:3:18:9:Infinity":0,"b:4:11:4:43:4:43:4:Infinity":0,"s:11:0:23:Infinity":1,"f:12:2:12:3":0,"s:13:18:13:Infinity":2,"b:15:4:17:Infinity:undefined:undefined:undefined:undefined":1,"s:15:4:17:Infinity":3,"b:15:8:15:17:15:17:15:33":2,"s:16:6:16:Infinity":4,"s:18:4:18:Infinity":5,"f:20:2:20:3":1,"s:21:4:21:Infinity":6,"s:26:0:51:Infinity":7,"f:27:2:27:3":2,"s:28:4:28:Infinity":8,"f:30:2:30:3":3,"b:31:4:48:Infinity:46:4:48:Infinity":3,"s:31:4:48:Infinity":9,"b:33:8:36:Infinity:37:8:39:Infinity:40:8:42:Infinity:43:8:44:Infinity":4,"s:32:6:45:Infinity":10,"s:34:10:34:Infinity":11,"s:35:10:35:Infinity":12,"s:36:10:36:Infinity":13,"s:38:10:38:Infinity":14,"s:39:10:39:Infinity":15,"s:41:10:41:Infinity":16,"s:42:10:42:Infinity":17,"s:44:10:44:Infinity":18,"b:46:4:48:Infinity:undefined:undefined:undefined:undefined":5,"s:46:4:48:Infinity":19,"s:47:6:47:Infinity":20,"s:49:4:49:Infinity":21}}}
,"C:\\Users\\jjl05\\Desktop\\Help-1\\frontend\\src\\app\\api\\tasks.ts": {"path":"C:\\Users\\jjl05\\Desktop\\Help-1\\frontend\\src\\app\\api\\tasks.ts","statementMap":{"0":{"start":{"line":37,"column":24},"end":{"line":76,"column":null}},"1":{"start":{"line":39,"column":4},"end":{"line":39,"column":null}},"2":{"start":{"line":43,"column":4},"end":{"line":43,"column":null}},"3":{"start":{"line":54,"column":4},"end":{"line":54,"column":null}},"4":{"start":{"line":58,"column":4},"end":{"line":58,"column":null}},"5":{"start":{"line":62,"column":4},"end":{"line":62,"column":null}},"6":{"start":{"line":66,"column":4},"end":{"line":66,"column":null}},"7":{"start":{"line":70,"column":4},"end":{"line":70,"column":null}},"8":{"start":{"line":74,"column":4},"end":{"line":74,"column":null}}},"fnMap":{"0":{"name":"(anonymous_0)","decl":{"start":{"line":38,"column":12},"end":{"line":38,"column":13}},"loc":{"start":{"line":38,"column":42},"end":{"line":40,"column":null}},"line":38},"1":{"name":"(anonymous_1)","decl":{"start":{"line":42,"column":15},"end":{"line":42,"column":16}},"loc":{"start":{"line":42,"column":40},"end":{"line":44,"column":null}},"line":42},"2":{"name":"(anonymous_2)","decl":{"start":{"line":46,"column":14},"end":{"line":46,"column":15}},"loc":{"start":{"line":53,"column":8},"end":{"line":55,"column":null}},"line":53},"3":{"name":"(anonymous_3)","decl":{"start":{"line":57,"column":18},"end":{"line":57,"column":24}},"loc":{"start":{"line":57,"column":24},"end":{"line":59,"column":null}},"line":57},"4":{"name":"(anonymous_4)","decl":{"start":{"line":61,"column":17},"end":{"line":61,"column":23}},"loc":{"start":{"line":61,"column":23},"end":{"line":63,"column":null}},"line":61},"5":{"name":"(anonymous_5)","decl":{"start":{"line":65,"column":14},"end":{"line":65,"column":15}},"loc":{"start":{"line":65,"column":39},"end":{"line":67,"column":null}},"line":65},"6":{"name":"(anonymous_6)","decl":{"start":{"line":69,"column":16},"end":{"line":69,"column":17}},"loc":{"start":{"line":69,"column":41},"end":{"line":71,"column":null}},"line":69},"7":{"name":"(anonymous_7)","decl":{"start":{"line":73,"column":14},"end":{"line":73,"column":15}},"loc":{"start":{"line":73,"column":39},"end":{"line":75,"column":null}},"line":73}},"branchMap":{},"s":{"0":1,"1":1,"2":1,"3":0,"4":1,"5":0,"6":1,"7":0,"8":1},"f":{"0":1,"1":1,"2":0,"3":1,"4":0,"5":1,"6":0,"7":1},"b":{},"meta":{"lastBranch":0,"lastFunction":8,"lastStatement":9,"seen":{"s:37:24:76:Infinity":0,"f:38:12:38:13":0,"s:39:4:39:Infinity":1,"f:42:15:42:16":1,"s:43:4:43:Infinity":2,"f:46:14:46:15":2,"s:54:4:54:Infinity":3,"f:57:18:57:24":3,"s:58:4:58:Infinity":4,"f:61:17:61:23":4,"s:62:4:62:Infinity":5,"f:65:14:65:15":5,"s:66:4:66:Infinity":6,"f:69:16:69:17":6,"s:70:4:70:Infinity":7,"f:73:14:73:15":7,"s:74:4:74:Infinity":8}}}
,"C:\\Users\\jjl05\\Desktop\\Help-1\\frontend\\src\\app\\api\\user.ts": {"path":"C:\\Users\\jjl05\\Desktop\\Help-1\\frontend\\src\\app\\api\\user.ts","statementMap":{"0":{"start":{"line":13,"column":23},"end":{"line":29,"column":null}},"1":{"start":{"line":15,"column":4},"end":{"line":15,"column":null}},"2":{"start":{"line":19,"column":4},"end":{"line":19,"column":null}},"3":{"start":{"line":23,"column":4},"end":{"line":23,"column":null}},"4":{"start":{"line":27,"column":4},"end":{"line":27,"column":null}}},"fnMap":{"0":{"name":"(anonymous_0)","decl":{"start":{"line":14,"column":14},"end":{"line":14,"column":20}},"loc":{"start":{"line":14,"column":20},"end":{"line":16,"column":null}},"line":14},"1":{"name":"(anonymous_1)","decl":{"start":{"line":18,"column":20},"end":{"line":18,"column":26}},"loc":{"start":{"line":18,"column":26},"end":{"line":20,"column":null}},"line":18},"2":{"name":"(anonymous_2)","decl":{"start":{"line":22,"column":17},"end":{"line":22,"column":18}},"loc":{"start":{"line":22,"column":78},"end":{"line":24,"column":null}},"line":22},"3":{"name":"(anonymous_3)","decl":{"start":{"line":26,"column":18},"end":{"line":26,"column":19}},"loc":{"start":{"line":26,"column":78},"end":{"line":28,"column":null}},"line":26}},"branchMap":{},"s":{"0":1,"1":1,"2":1,"3":1,"4":1},"f":{"0":1,"1":1,"2":1,"3":1},"b":{},"meta":{"lastBranch":0,"lastFunction":4,"lastStatement":5,"seen":{"s:13:23:29:Infinity":0,"f:14:14:14:20":0,"s:15:4:15:Infinity":1,"f:18:20:18:26":1,"s:19:4:19:Infinity":2,"f:22:17:22:18":2,"s:23:4:23:Infinity":3,"f:26:18:26:19":3,"s:27:4:27:Infinity":4}}}
,"C:\\Users\\jjl05\\Desktop\\Help-1\\frontend\\src\\app\\components\\PointsBadge.tsx": {"path":"C:\\Users\\jjl05\\Desktop\\Help-1\\frontend\\src\\app\\components\\PointsBadge.tsx","statementMap":{"0":{"start":{"line":10,"column":2},"end":{"line":13,"column":null}}},"fnMap":{"0":{"name":"PointsBadge","decl":{"start":{"line":9,"column":16},"end":{"line":9,"column":28}},"loc":{"start":{"line":9,"column":74},"end":{"line":15,"column":null}},"line":9}},"branchMap":{"0":{"loc":{"start":{"line":9,"column":38},"end":{"line":9,"column":53}},"type":"default-arg","locations":[{"start":{"line":9,"column":50},"end":{"line":9,"column":53}}],"line":9}},"s":{"0":3},"f":{"0":3},"b":{"0":[3]},"meta":{"lastBranch":1,"lastFunction":1,"lastStatement":1,"seen":{"f:9:16:9:28":0,"b:9:50:9:53":0,"s:10:2:13:Infinity":0}}}
,"C:\\Users\\jjl05\\Desktop\\Help-1\\frontend\\src\\app\\components\\TaskCard.tsx": {"path":"C:\\Users\\jjl05\\Desktop\\Help-1\\frontend\\src\\app\\components\\TaskCard.tsx","statementMap":{"0":{"start":{"line":24,"column":2},"end":{"line":81,"column":null}},"1":{"start":{"line":27,"column":21},"end":{"line":27,"column":null}},"2":{"start":{"line":56,"column":16},"end":{"line":58,"column":null}},"3":{"start":{"line":71,"column":18},"end":{"line":71,"column":null}},"4":{"start":{"line":72,"column":18},"end":{"line":72,"column":null}}},"fnMap":{"0":{"name":"TaskCard","decl":{"start":{"line":23,"column":16},"end":{"line":23,"column":25}},"loc":{"start":{"line":23,"column":62},"end":{"line":83,"column":null}},"line":23},"1":{"name":"(anonymous_1)","decl":{"start":{"line":27,"column":15},"end":{"line":27,"column":21}},"loc":{"start":{"line":27,"column":21},"end":{"line":27,"column":null}},"line":27},"2":{"name":"(anonymous_2)","decl":{"start":{"line":55,"column":29},"end":{"line":55,"column":null}},"loc":{"start":{"line":56,"column":16},"end":{"line":58,"column":null}},"line":56},"3":{"name":"(anonymous_3)","decl":{"start":{"line":70,"column":25},"end":{"line":70,"column":26}},"loc":{"start":{"line":70,"column":32},"end":{"line":73,"column":null}},"line":70}},"branchMap":{"0":{"loc":{"start":{"line":37,"column":16},"end":{"line":37,"column":null}},"type":"cond-expr","locations":[{"start":{"line":37,"column":41},"end":{"line":37,"column":73}},{"start":{"line":37,"column":73},"end":{"line":37,"column":null}}],"line":37},"1":{"loc":{"start":{"line":39,"column":17},"end":{"line":39,"column":null}},"type":"cond-expr","locations":[{"start":{"line":39,"column":42},"end":{"line":39,"column":50}},{"start":{"line":39,"column":50},"end":{"line":39,"column":null}}],"line":39}},"s":{"0":3,"1":0,"2":7,"3":1,"4":1},"f":{"0":3,"1":0,"2":7,"3":1},"b":{"0":[3,0],"1":[3,0]},"meta":{"lastBranch":2,"lastFunction":4,"lastStatement":5,"seen":{"f:23:16:23:25":0,"s:24:2:81:Infinity":0,"f:27:15:27:21":1,"s:27:21:27:Infinity":1,"b:37:41:37:73:37:73:37:Infinity":0,"b:39:42:39:50:39:50:39:Infinity":1,"f:55:29:55:Infinity":2,"s:56:16:58:Infinity":2,"f:70:25:70:26":3,"s:71:18:71:Infinity":3,"s:72:18:72:Infinity":4}}}
,"C:\\Users\\jjl05\\Desktop\\Help-1\\frontend\\src\\app\\components\\TaskStatusBadge.tsx": {"path":"C:\\Users\\jjl05\\Desktop\\Help-1\\frontend\\src\\app\\components\\TaskStatusBadge.tsx","statementMap":{"0":{"start":{"line":9,"column":25},"end":{"line":20,"column":null}},"1":{"start":{"line":10,"column":4},"end":{"line":19,"column":null}},"2":{"start":{"line":12,"column":8},"end":{"line":12,"column":null}},"3":{"start":{"line":14,"column":8},"end":{"line":14,"column":null}},"4":{"start":{"line":16,"column":8},"end":{"line":16,"column":null}},"5":{"start":{"line":18,"column":8},"end":{"line":18,"column":null}},"6":{"start":{"line":22,"column":2},"end":{"line":25,"column":null}}},"fnMap":{"0":{"name":"TaskStatusBadge","decl":{"start":{"line":8,"column":16},"end":{"line":8,"column":32}},"loc":{"start":{"line":8,"column":66},"end":{"line":27,"column":null}},"line":8},"1":{"name":"(anonymous_1)","decl":{"start":{"line":9,"column":25},"end":{"line":9,"column":31}},"loc":{"start":{"line":9,"column":31},"end":{"line":20,"column":null}},"line":9}},"branchMap":{"0":{"loc":{"start":{"line":10,"column":4},"end":{"line":19,"column":null}},"type":"switch","locations":[{"start":{"line":11,"column":6},"end":{"line":12,"column":null}},{"start":{"line":13,"column":6},"end":{"line":14,"column":null}},{"start":{"line":15,"column":6},"end":{"line":16,"column":null}},{"start":{"line":17,"column":6},"end":{"line":18,"column":null}}],"line":10}},"s":{"0":4,"1":4,"2":1,"3":1,"4":1,"5":1,"6":4},"f":{"0":4,"1":4},"b":{"0":[1,1,1,1]},"meta":{"lastBranch":1,"lastFunction":2,"lastStatement":7,"seen":{"f:8:16:8:32":0,"s:9:25:20:Infinity":0,"f:9:25:9:31":1,"b:11:6:12:Infinity:13:6:14:Infinity:15:6:16:Infinity:17:6:18:Infinity":0,"s:10:4:19:Infinity":1,"s:12:8:12:Infinity":2,"s:14:8:14:Infinity":3,"s:16:8:16:Infinity":4,"s:18:8:18:Infinity":5,"s:22:2:25:Infinity":6}}}
,"C:\\Users\\jjl05\\Desktop\\Help-1\\frontend\\src\\app\\components\\ui\\alert.tsx": {"path":"C:\\Users\\jjl05\\Desktop\\Help-1\\frontend\\src\\app\\components\\ui\\alert.tsx","statementMap":{"0":{"start":{"line":6,"column":6},"end":{"line":20,"column":null}},"1":{"start":{"line":27,"column":2},"end":{"line":33,"column":null}},"2":{"start":{"line":38,"column":2},"end":{"line":46,"column":null}},"3":{"start":{"line":54,"column":2},"end":{"line":62,"column":null}}},"fnMap":{"0":{"name":"Alert","decl":{"start":{"line":22,"column":9},"end":{"line":22,"column":15}},"loc":{"start":{"line":26,"column":69},"end":{"line":35,"column":null}},"line":26},"1":{"name":"AlertTitle","decl":{"start":{"line":37,"column":9},"end":{"line":37,"column":20}},"loc":{"start":{"line":37,"column":74},"end":{"line":48,"column":null}},"line":37},"2":{"name":"AlertDescription","decl":{"start":{"line":50,"column":9},"end":{"line":50,"column":26}},"loc":{"start":{"line":53,"column":32},"end":{"line":64,"column":null}},"line":53}},"branchMap":{},"s":{"0":1,"1":41,"2":0,"3":41},"f":{"0":41,"1":0,"2":41},"b":{},"meta":{"lastBranch":0,"lastFunction":3,"lastStatement":4,"seen":{"s:6:6:20:Infinity":0,"f:22:9:22:15":0,"s:27:2:33:Infinity":1,"f:37:9:37:20":1,"s:38:2:46:Infinity":2,"f:50:9:50:26":2,"s:54:2:62:Infinity":3}}}
,"C:\\Users\\jjl05\\Desktop\\Help-1\\frontend\\src\\app\\components\\ui\\avatar.tsx": {"path":"C:\\Users\\jjl05\\Desktop\\Help-1\\frontend\\src\\app\\components\\ui\\avatar.tsx","statementMap":{"0":{"start":{"line":6,"column":0},"end":{"line":6,"column":null}},"1":{"start":{"line":12,"column":2},"end":{"line":20,"column":null}},"2":{"start":{"line":28,"column":2},"end":{"line":33,"column":null}},"3":{"start":{"line":41,"column":2},"end":{"line":49,"column":null}}},"fnMap":{"0":{"name":"Avatar","decl":{"start":{"line":8,"column":9},"end":{"line":8,"column":16}},"loc":{"start":{"line":11,"column":54},"end":{"line":22,"column":null}},"line":11},"1":{"name":"AvatarImage","decl":{"start":{"line":24,"column":9},"end":{"line":24,"column":21}},"loc":{"start":{"line":27,"column":55},"end":{"line":35,"column":null}},"line":27},"2":{"name":"AvatarFallback","decl":{"start":{"line":37,"column":9},"end":{"line":37,"column":24}},"loc":{"start":{"line":40,"column":58},"end":{"line":51,"column":null}},"line":40}},"branchMap":{},"s":{"0":1,"1":10,"2":0,"3":10},"f":{"0":10,"1":0,"2":10},"b":{},"meta":{"lastBranch":0,"lastFunction":3,"lastStatement":4,"seen":{"s:6:0:6:Infinity":0,"f:8:9:8:16":0,"s:12:2:20:Infinity":1,"f:24:9:24:21":1,"s:28:2:33:Infinity":2,"f:37:9:37:24":2,"s:41:2:49:Infinity":3}}}
,"C:\\Users\\jjl05\\Desktop\\Help-1\\frontend\\src\\app\\components\\ui\\badge.tsx": {"path":"C:\\Users\\jjl05\\Desktop\\Help-1\\frontend\\src\\app\\components\\ui\\badge.tsx","statementMap":{"0":{"start":{"line":7,"column":6},"end":{"line":26,"column":null}},"1":{"start":{"line":35,"column":15},"end":{"line":35,"column":null}},"2":{"start":{"line":37,"column":2},"end":{"line":42,"column":null}}},"fnMap":{"0":{"name":"Badge","decl":{"start":{"line":28,"column":9},"end":{"line":28,"column":15}},"loc":{"start":{"line":34,"column":62},"end":{"line":44,"column":null}},"line":34}},"branchMap":{"0":{"loc":{"start":{"line":31,"column":2},"end":{"line":31,"column":null}},"type":"default-arg","locations":[{"start":{"line":31,"column":12},"end":{"line":31,"column":null}}],"line":31},"1":{"loc":{"start":{"line":35,"column":15},"end":{"line":35,"column":null}},"type":"cond-expr","locations":[{"start":{"line":35,"column":25},"end":{"line":35,"column":32}},{"start":{"line":35,"column":32},"end":{"line":35,"column":null}}],"line":35}},"s":{"0":6,"1":43,"2":43},"f":{"0":43},"b":{"0":[43],"1":[0,43]},"meta":{"lastBranch":2,"lastFunction":1,"lastStatement":3,"seen":{"s:7:6:26:Infinity":0,"f:28:9:28:15":0,"b:31:12:31:Infinity":0,"s:35:15:35:Infinity":1,"b:35:25:35:32:35:32:35:Infinity":1,"s:37:2:42:Infinity":2}}}
,"C:\\Users\\jjl05\\Desktop\\Help-1\\frontend\\src\\app\\components\\ui\\button.tsx": {"path":"C:\\Users\\jjl05\\Desktop\\Help-1\\frontend\\src\\app\\components\\ui\\button.tsx","statementMap":{"0":{"start":{"line":7,"column":6},"end":{"line":35,"column":null}},"1":{"start":{"line":43,"column":15},"end":{"line":54,"column":null}},"2":{"start":{"line":45,"column":17},"end":{"line":45,"column":null}},"3":{"start":{"line":46,"column":4},"end":{"line":51,"column":null}},"4":{"start":{"line":55,"column":0},"end":{"line":55,"column":null}}},"fnMap":{"0":{"name":"(anonymous_0)","decl":{"start":{"line":44,"column":2},"end":{"line":44,"column":3}},"loc":{"start":{"line":44,"column":68},"end":{"line":53,"column":null}},"line":44}},"branchMap":{"0":{"loc":{"start":{"line":44,"column":31},"end":{"line":44,"column":48}},"type":"default-arg","locations":[{"start":{"line":44,"column":41},"end":{"line":44,"column":48}}],"line":44},"1":{"loc":{"start":{"line":45,"column":17},"end":{"line":45,"column":null}},"type":"cond-expr","locations":[{"start":{"line":45,"column":27},"end":{"line":45,"column":34}},{"start":{"line":45,"column":34},"end":{"line":45,"column":null}}],"line":45}},"s":{"0":12,"1":12,"2":474,"3":474,"4":12},"f":{"0":474},"b":{"0":[474],"1":[0,474]},"meta":{"lastBranch":2,"lastFunction":1,"lastStatement":5,"seen":{"s:7:6:35:Infinity":0,"s:43:15:54:Infinity":1,"f:44:2:44:3":0,"b:44:41:44:48":0,"s:45:17:45:Infinity":2,"b:45:27:45:34:45:34:45:Infinity":1,"s:46:4:51:Infinity":3,"s:55:0:55:Infinity":4}}}
,"C:\\Users\\jjl05\\Desktop\\Help-1\\frontend\\src\\app\\components\\ui\\card.tsx": {"path":"C:\\Users\\jjl05\\Desktop\\Help-1\\frontend\\src\\app\\components\\ui\\card.tsx","statementMap":{"0":{"start":{"line":6,"column":2},"end":{"line":14,"column":null}},"1":{"start":{"line":19,"column":2},"end":{"line":27,"column":null}},"2":{"start":{"line":32,"column":2},"end":{"line":37,"column":null}},"3":{"start":{"line":42,"column":2},"end":{"line":47,"column":null}},"4":{"start":{"line":52,"column":2},"end":{"line":60,"column":null}},"5":{"start":{"line":65,"column":2},"end":{"line":70,"column":null}},"6":{"start":{"line":75,"column":2},"end":{"line":80,"column":null}}},"fnMap":{"0":{"name":"Card","decl":{"start":{"line":5,"column":9},"end":{"line":5,"column":14}},"loc":{"start":{"line":5,"column":68},"end":{"line":16,"column":null}},"line":5},"1":{"name":"CardHeader","decl":{"start":{"line":18,"column":9},"end":{"line":18,"column":20}},"loc":{"start":{"line":18,"column":74},"end":{"line":29,"column":null}},"line":18},"2":{"name":"CardTitle","decl":{"start":{"line":31,"column":9},"end":{"line":31,"column":19}},"loc":{"start":{"line":31,"column":73},"end":{"line":39,"column":null}},"line":31},"3":{"name":"CardDescription","decl":{"start":{"line":41,"column":9},"end":{"line":41,"column":25}},"loc":{"start":{"line":41,"column":79},"end":{"line":49,"column":null}},"line":41},"4":{"name":"CardAction","decl":{"start":{"line":51,"column":9},"end":{"line":51,"column":20}},"loc":{"start":{"line":51,"column":74},"end":{"line":62,"column":null}},"line":51},"5":{"name":"CardContent","decl":{"start":{"line":64,"column":9},"end":{"line":64,"column":21}},"loc":{"start":{"line":64,"column":75},"end":{"line":72,"column":null}},"line":64},"6":{"name":"CardFooter","decl":{"start":{"line":74,"column":9},"end":{"line":74,"column":20}},"loc":{"start":{"line":74,"column":74},"end":{"line":82,"column":null}},"line":74}},"branchMap":{},"s":{"0":299,"1":166,"2":166,"3":147,"4":0,"5":299,"6":0},"f":{"0":299,"1":166,"2":166,"3":147,"4":0,"5":299,"6":0},"b":{},"meta":{"lastBranch":0,"lastFunction":7,"lastStatement":7,"seen":{"f:5:9:5:14":0,"s:6:2:14:Infinity":0,"f:18:9:18:20":1,"s:19:2:27:Infinity":1,"f:31:9:31:19":2,"s:32:2:37:Infinity":2,"f:41:9:41:25":3,"s:42:2:47:Infinity":3,"f:51:9:51:20":4,"s:52:2:60:Infinity":4,"f:64:9:64:21":5,"s:65:2:70:Infinity":5,"f:74:9:74:20":6,"s:75:2:80:Infinity":6}}}
,"C:\\Users\\jjl05\\Desktop\\Help-1\\frontend\\src\\app\\components\\ui\\checkbox.tsx": {"path":"C:\\Users\\jjl05\\Desktop\\Help-1\\frontend\\src\\app\\components\\ui\\checkbox.tsx","statementMap":{"0":{"start":{"line":7,"column":0},"end":{"line":7,"column":null}},"1":{"start":{"line":13,"column":2},"end":{"line":28,"column":null}}},"fnMap":{"0":{"name":"Checkbox","decl":{"start":{"line":9,"column":9},"end":{"line":9,"column":18}},"loc":{"start":{"line":12,"column":56},"end":{"line":30,"column":null}},"line":12}},"branchMap":{},"s":{"0":3,"1":35},"f":{"0":35},"b":{},"meta":{"lastBranch":0,"lastFunction":1,"lastStatement":2,"seen":{"s:7:0:7:Infinity":0,"f:9:9:9:18":0,"s:13:2:28:Infinity":1}}}
,"C:\\Users\\jjl05\\Desktop\\Help-1\\frontend\\src\\app\\components\\ui\\dialog.tsx": {"path":"C:\\Users\\jjl05\\Desktop\\Help-1\\frontend\\src\\app\\components\\ui\\dialog.tsx","statementMap":{"0":{"start":{"line":7,"column":0},"end":{"line":7,"column":null}},"1":{"start":{"line":12,"column":2},"end":{"line":12,"column":null}},"2":{"start":{"line":18,"column":2},"end":{"line":18,"column":null}},"3":{"start":{"line":24,"column":2},"end":{"line":24,"column":null}},"4":{"start":{"line":30,"column":2},"end":{"line":30,"column":null}},"5":{"start":{"line":37,"column":2},"end":{"line":45,"column":null}},"6":{"start":{"line":54,"column":2},"end":{"line":71,"column":null}},"7":{"start":{"line":76,"column":2},"end":{"line":81,"column":null}},"8":{"start":{"line":86,"column":2},"end":{"line":94,"column":null}},"9":{"start":{"line":102,"column":2},"end":{"line":107,"column":null}},"10":{"start":{"line":115,"column":2},"end":{"line":120,"column":null}}},"fnMap":{"0":{"name":"Dialog","decl":{"start":{"line":9,"column":9},"end":{"line":9,"column":16}},"loc":{"start":{"line":11,"column":54},"end":{"line":13,"column":null}},"line":11},"1":{"name":"DialogTrigger","decl":{"start":{"line":15,"column":9},"end":{"line":15,"column":23}},"loc":{"start":{"line":17,"column":57},"end":{"line":19,"column":null}},"line":17},"2":{"name":"DialogPortal","decl":{"start":{"line":21,"column":9},"end":{"line":21,"column":22}},"loc":{"start":{"line":23,"column":56},"end":{"line":25,"column":null}},"line":23},"3":{"name":"DialogClose","decl":{"start":{"line":27,"column":9},"end":{"line":27,"column":21}},"loc":{"start":{"line":29,"column":55},"end":{"line":31,"column":null}},"line":29},"4":{"name":"DialogOverlay","decl":{"start":{"line":33,"column":9},"end":{"line":33,"column":23}},"loc":{"start":{"line":36,"column":57},"end":{"line":47,"column":null}},"line":36},"5":{"name":"DialogContent","decl":{"start":{"line":49,"column":9},"end":{"line":49,"column":23}},"loc":{"start":{"line":53,"column":57},"end":{"line":73,"column":null}},"line":53},"6":{"name":"DialogHeader","decl":{"start":{"line":75,"column":9},"end":{"line":75,"column":22}},"loc":{"start":{"line":75,"column":76},"end":{"line":83,"column":null}},"line":75},"7":{"name":"DialogFooter","decl":{"start":{"line":85,"column":9},"end":{"line":85,"column":22}},"loc":{"start":{"line":85,"column":76},"end":{"line":96,"column":null}},"line":85},"8":{"name":"DialogTitle","decl":{"start":{"line":98,"column":9},"end":{"line":98,"column":21}},"loc":{"start":{"line":101,"column":55},"end":{"line":109,"column":null}},"line":101},"9":{"name":"DialogDescription","decl":{"start":{"line":111,"column":9},"end":{"line":111,"column":27}},"loc":{"start":{"line":114,"column":61},"end":{"line":122,"column":null}},"line":114}},"branchMap":{},"s":{"0":3,"1":59,"2":0,"3":59,"4":0,"5":12,"6":59,"7":10,"8":10,"9":10,"10":10},"f":{"0":59,"1":0,"2":59,"3":0,"4":12,"5":59,"6":10,"7":10,"8":10,"9":10},"b":{},"meta":{"lastBranch":0,"lastFunction":10,"lastStatement":11,"seen":{"s:7:0:7:Infinity":0,"f:9:9:9:16":0,"s:12:2:12:Infinity":1,"f:15:9:15:23":1,"s:18:2:18:Infinity":2,"f:21:9:21:22":2,"s:24:2:24:Infinity":3,"f:27:9:27:21":3,"s:30:2:30:Infinity":4,"f:33:9:33:23":4,"s:37:2:45:Infinity":5,"f:49:9:49:23":5,"s:54:2:71:Infinity":6,"f:75:9:75:22":6,"s:76:2:81:Infinity":7,"f:85:9:85:22":7,"s:86:2:94:Infinity":8,"f:98:9:98:21":8,"s:102:2:107:Infinity":9,"f:111:9:111:27":9,"s:115:2:120:Infinity":10}}}
,"C:\\Users\\jjl05\\Desktop\\Help-1\\frontend\\src\\app\\components\\ui\\input.tsx": {"path":"C:\\Users\\jjl05\\Desktop\\Help-1\\frontend\\src\\app\\components\\ui\\input.tsx","statementMap":{"0":{"start":{"line":6,"column":2},"end":{"line":17,"column":null}}},"fnMap":{"0":{"name":"Input","decl":{"start":{"line":5,"column":9},"end":{"line":5,"column":15}},"loc":{"start":{"line":5,"column":77},"end":{"line":19,"column":null}},"line":5}},"branchMap":{},"s":{"0":491},"f":{"0":491},"b":{},"meta":{"lastBranch":0,"lastFunction":1,"lastStatement":1,"seen":{"f:5:9:5:15":0,"s:6:2:17:Infinity":0}}}
,"C:\\Users\\jjl05\\Desktop\\Help-1\\frontend\\src\\app\\components\\ui\\label.tsx": {"path":"C:\\Users\\jjl05\\Desktop\\Help-1\\frontend\\src\\app\\components\\ui\\label.tsx","statementMap":{"0":{"start":{"line":6,"column":0},"end":{"line":6,"column":null}},"1":{"start":{"line":12,"column":2},"end":{"line":20,"column":null}}},"fnMap":{"0":{"name":"Label","decl":{"start":{"line":8,"column":9},"end":{"line":8,"column":15}},"loc":{"start":{"line":11,"column":53},"end":{"line":22,"column":null}},"line":11}},"branchMap":{},"s":{"0":7,"1":614},"f":{"0":614},"b":{},"meta":{"lastBranch":0,"lastFunction":1,"lastStatement":2,"seen":{"s:6:0:6:Infinity":0,"f:8:9:8:15":0,"s:12:2:20:Infinity":1}}}
,"C:\\Users\\jjl05\\Desktop\\Help-1\\frontend\\src\\app\\components\\ui\\select.tsx": {"path":"C:\\Users\\jjl05\\Desktop\\Help-1\\frontend\\src\\app\\components\\ui\\select.tsx","statementMap":{"0":{"start":{"line":11,"column":0},"end":{"line":11,"column":null}},"1":{"start":{"line":16,"column":2},"end":{"line":16,"column":null}},"2":{"start":{"line":22,"column":2},"end":{"line":22,"column":null}},"3":{"start":{"line":28,"column":2},"end":{"line":28,"column":null}},"4":{"start":{"line":39,"column":2},"end":{"line":53,"column":null}},"5":{"start":{"line":63,"column":2},"end":{"line":88,"column":null}},"6":{"start":{"line":96,"column":2},"end":{"line":101,"column":null}},"7":{"start":{"line":110,"column":2},"end":{"line":125,"column":null}},"8":{"start":{"line":133,"column":2},"end":{"line":138,"column":null}},"9":{"start":{"line":146,"column":2},"end":{"line":156,"column":null}},"10":{"start":{"line":164,"column":2},"end":{"line":174,"column":null}}},"fnMap":{"0":{"name":"Select","decl":{"start":{"line":13,"column":9},"end":{"line":13,"column":16}},"loc":{"start":{"line":15,"column":54},"end":{"line":17,"column":null}},"line":15},"1":{"name":"SelectGroup","decl":{"start":{"line":19,"column":9},"end":{"line":19,"column":21}},"loc":{"start":{"line":21,"column":55},"end":{"line":23,"column":null}},"line":21},"2":{"name":"SelectValue","decl":{"start":{"line":25,"column":9},"end":{"line":25,"column":21}},"loc":{"start":{"line":27,"column":55},"end":{"line":29,"column":null}},"line":27},"3":{"name":"SelectTrigger","decl":{"start":{"line":31,"column":9},"end":{"line":31,"column":23}},"loc":{"start":{"line":38,"column":3},"end":{"line":55,"column":null}},"line":38},"4":{"name":"SelectContent","decl":{"start":{"line":57,"column":9},"end":{"line":57,"column":23}},"loc":{"start":{"line":62,"column":57},"end":{"line":90,"column":null}},"line":62},"5":{"name":"SelectLabel","decl":{"start":{"line":92,"column":9},"end":{"line":92,"column":21}},"loc":{"start":{"line":95,"column":55},"end":{"line":103,"column":null}},"line":95},"6":{"name":"SelectItem","decl":{"start":{"line":105,"column":9},"end":{"line":105,"column":20}},"loc":{"start":{"line":109,"column":54},"end":{"line":127,"column":null}},"line":109},"7":{"name":"SelectSeparator","decl":{"start":{"line":129,"column":9},"end":{"line":129,"column":25}},"loc":{"start":{"line":132,"column":59},"end":{"line":140,"column":null}},"line":132},"8":{"name":"SelectScrollUpButton","decl":{"start":{"line":142,"column":9},"end":{"line":142,"column":30}},"loc":{"start":{"line":145,"column":64},"end":{"line":158,"column":null}},"line":145},"9":{"name":"SelectScrollDownButton","decl":{"start":{"line":160,"column":9},"end":{"line":160,"column":32}},"loc":{"start":{"line":163,"column":66},"end":{"line":176,"column":null}},"line":163}},"branchMap":{"0":{"loc":{"start":{"line":33,"column":2},"end":{"line":33,"column":null}},"type":"default-arg","locations":[{"start":{"line":33,"column":9},"end":{"line":33,"column":null}}],"line":33},"1":{"loc":{"start":{"line":60,"column":2},"end":{"line":60,"column":null}},"type":"default-arg","locations":[{"start":{"line":60,"column":13},"end":{"line":60,"column":null}}],"line":60},"2":{"loc":{"start":{"line":69,"column":10},"end":{"line":70,"column":null}},"type":"binary-expr","locations":[{"start":{"line":69,"column":10},"end":{"line":69,"column":null}},{"start":{"line":70,"column":12},"end":{"line":70,"column":null}}],"line":69},"3":{"loc":{"start":{"line":80,"column":12},"end":{"line":81,"column":null}},"type":"binary-expr","locations":[{"start":{"line":80,"column":12},"end":{"line":80,"column":null}},{"start":{"line":81,"column":14},"end":{"line":81,"column":null}}],"line":80}},"s":{"0":1,"1":41,"2":0,"3":41,"4":41,"5":41,"6":0,"7":246,"8":0,"9":41,"10":41},"f":{"0":41,"1":0,"2":41,"3":41,"4":41,"5":0,"6":246,"7":0,"8":41,"9":41},"b":{"0":[41],"1":[41],"2":[41,41],"3":[41,41]},"meta":{"lastBranch":4,"lastFunction":10,"lastStatement":11,"seen":{"s:11:0:11:Infinity":0,"f:13:9:13:16":0,"s:16:2:16:Infinity":1,"f:19:9:19:21":1,"s:22:2:22:Infinity":2,"f:25:9:25:21":2,"s:28:2:28:Infinity":3,"f:31:9:31:23":3,"b:33:9:33:Infinity":0,"s:39:2:53:Infinity":4,"f:57:9:57:23":4,"b:60:13:60:Infinity":1,"s:63:2:88:Infinity":5,"b:69:10:69:Infinity:70:12:70:Infinity":2,"b:80:12:80:Infinity:81:14:81:Infinity":3,"f:92:9:92:21":5,"s:96:2:101:Infinity":6,"f:105:9:105:20":6,"s:110:2:125:Infinity":7,"f:129:9:129:25":7,"s:133:2:138:Infinity":8,"f:142:9:142:30":8,"s:146:2:156:Infinity":9,"f:160:9:160:32":9,"s:164:2:174:Infinity":10}}}
,"C:\\Users\\jjl05\\Desktop\\Help-1\\frontend\\src\\app\\components\\ui\\separator.tsx": {"path":"C:\\Users\\jjl05\\Desktop\\Help-1\\frontend\\src\\app\\components\\ui\\separator.tsx","statementMap":{"0":{"start":{"line":6,"column":0},"end":{"line":6,"column":null}},"1":{"start":{"line":14,"column":2},"end":{"line":24,"column":null}}},"fnMap":{"0":{"name":"Separator","decl":{"start":{"line":8,"column":9},"end":{"line":8,"column":19}},"loc":{"start":{"line":13,"column":57},"end":{"line":26,"column":null}},"line":13}},"branchMap":{"0":{"loc":{"start":{"line":10,"column":2},"end":{"line":10,"column":null}},"type":"default-arg","locations":[{"start":{"line":10,"column":16},"end":{"line":10,"column":null}}],"line":10},"1":{"loc":{"start":{"line":11,"column":2},"end":{"line":11,"column":null}},"type":"default-arg","locations":[{"start":{"line":11,"column":15},"end":{"line":11,"column":null}}],"line":11}},"s":{"0":2,"1":10},"f":{"0":10},"b":{"0":[10],"1":[10]},"meta":{"lastBranch":2,"lastFunction":1,"lastStatement":2,"seen":{"s:6:0:6:Infinity":0,"f:8:9:8:19":0,"b:10:16:10:Infinity":0,"b:11:15:11:Infinity":1,"s:14:2:24:Infinity":1}}}
,"C:\\Users\\jjl05\\Desktop\\Help-1\\frontend\\src\\app\\components\\ui\\switch.tsx": {"path":"C:\\Users\\jjl05\\Desktop\\Help-1\\frontend\\src\\app\\components\\ui\\switch.tsx","statementMap":{"0":{"start":{"line":6,"column":0},"end":{"line":6,"column":null}},"1":{"start":{"line":12,"column":2},"end":{"line":27,"column":null}}},"fnMap":{"0":{"name":"Switch","decl":{"start":{"line":8,"column":9},"end":{"line":8,"column":16}},"loc":{"start":{"line":11,"column":54},"end":{"line":29,"column":null}},"line":11}},"branchMap":{},"s":{"0":1,"1":41},"f":{"0":41},"b":{},"meta":{"lastBranch":0,"lastFunction":1,"lastStatement":2,"seen":{"s:6:0:6:Infinity":0,"f:8:9:8:16":0,"s:12:2:27:Infinity":1}}}
,"C:\\Users\\jjl05\\Desktop\\Help-1\\frontend\\src\\app\\components\\ui\\tabs.tsx": {"path":"C:\\Users\\jjl05\\Desktop\\Help-1\\frontend\\src\\app\\components\\ui\\tabs.tsx","statementMap":{"0":{"start":{"line":6,"column":0},"end":{"line":6,"column":null}},"1":{"start":{"line":12,"column":2},"end":{"line":17,"column":null}},"2":{"start":{"line":25,"column":2},"end":{"line":33,"column":null}},"3":{"start":{"line":41,"column":2},"end":{"line":49,"column":null}},"4":{"start":{"line":57,"column":2},"end":{"line":62,"column":null}}},"fnMap":{"0":{"name":"Tabs","decl":{"start":{"line":8,"column":9},"end":{"line":8,"column":14}},"loc":{"start":{"line":11,"column":52},"end":{"line":19,"column":null}},"line":11},"1":{"name":"TabsList","decl":{"start":{"line":21,"column":9},"end":{"line":21,"column":18}},"loc":{"start":{"line":24,"column":52},"end":{"line":35,"column":null}},"line":24},"2":{"name":"TabsTrigger","decl":{"start":{"line":37,"column":9},"end":{"line":37,"column":21}},"loc":{"start":{"line":40,"column":55},"end":{"line":51,"column":null}},"line":40},"3":{"name":"TabsContent","decl":{"start":{"line":53,"column":9},"end":{"line":53,"column":21}},"loc":{"start":{"line":56,"column":55},"end":{"line":64,"column":null}},"line":56}},"branchMap":{},"s":{"0":6,"1":85,"2":85,"3":179,"4":152},"f":{"0":85,"1":85,"2":179,"3":152},"b":{},"meta":{"lastBranch":0,"lastFunction":4,"lastStatement":5,"seen":{"s:6:0:6:Infinity":0,"f:8:9:8:14":0,"s:12:2:17:Infinity":1,"f:21:9:21:18":1,"s:25:2:33:Infinity":2,"f:37:9:37:21":2,"s:41:2:49:Infinity":3,"f:53:9:53:21":3,"s:57:2:62:Infinity":4}}}
,"C:\\Users\\jjl05\\Desktop\\Help-1\\frontend\\src\\app\\components\\ui\\textarea.tsx": {"path":"C:\\Users\\jjl05\\Desktop\\Help-1\\frontend\\src\\app\\components\\ui\\textarea.tsx","statementMap":{"0":{"start":{"line":6,"column":2},"end":{"line":14,"column":null}}},"fnMap":{"0":{"name":"Textarea","decl":{"start":{"line":5,"column":9},"end":{"line":5,"column":18}},"loc":{"start":{"line":5,"column":77},"end":{"line":16,"column":null}},"line":5}},"branchMap":{},"s":{"0":41},"f":{"0":41},"b":{},"meta":{"lastBranch":0,"lastFunction":1,"lastStatement":1,"seen":{"f:5:9:5:18":0,"s:6:2:14:Infinity":0}}}
,"C:\\Users\\jjl05\\Desktop\\Help-1\\frontend\\src\\app\\components\\ui\\utils.ts": {"path":"C:\\Users\\jjl05\\Desktop\\Help-1\\frontend\\src\\app\\components\\ui\\utils.ts","statementMap":{"0":{"start":{"line":5,"column":2},"end":{"line":5,"column":null}}},"fnMap":{"0":{"name":"cn","decl":{"start":{"line":4,"column":16},"end":{"line":4,"column":22}},"loc":{"start":{"line":4,"column":44},"end":{"line":6,"column":null}},"line":4}},"branchMap":{},"s":{"0":4028},"f":{"0":4028},"b":{},"meta":{"lastBranch":0,"lastFunction":1,"lastStatement":1,"seen":{"f:4:16:4:22":0,"s:5:2:5:Infinity":0}}}
,"C:\\Users\\jjl05\\Desktop\\Help-1\\frontend\\src\\app\\pages\\student\\Activities.tsx": {"path":"C:\\Users\\jjl05\\Desktop\\Help-1\\frontend\\src\\app\\pages\\student\\Activities.tsx","statementMap":{"0":{"start":{"line":10,"column":34},"end":{"line":10,"column":null}},"1":{"start":{"line":11,"column":28},"end":{"line":11,"column":null}},"2":{"start":{"line":12,"column":28},"end":{"line":12,"column":null}},"3":{"start":{"line":14,"column":25},"end":{"line":18,"column":null}},"4":{"start":{"line":15,"column":4},"end":{"line":17,"column":null}},"5":{"start":{"line":16,"column":6},"end":{"line":16,"column":null}},"6":{"start":{"line":17,"column":21},"end":{"line":17,"column":38}},"7":{"start":{"line":20,"column":2},"end":{"line":20,"column":null}},"8":{"start":{"line":20,"column":20},"end":{"line":20,"column":38}},"9":{"start":{"line":22,"column":22},"end":{"line":30,"column":null}},"10":{"start":{"line":23,"column":4},"end":{"line":29,"column":null}},"11":{"start":{"line":24,"column":6},"end":{"line":24,"column":null}},"12":{"start":{"line":25,"column":6},"end":{"line":25,"column":null}},"13":{"start":{"line":26,"column":6},"end":{"line":26,"column":null}},"14":{"start":{"line":26,"column":25},"end":{"line":26,"column":46}},"15":{"start":{"line":28,"column":6},"end":{"line":28,"column":null}},"16":{"start":{"line":32,"column":2},"end":{"line":80,"column":null}},"17":{"start":{"line":46,"column":30},"end":{"line":46,"column":null}},"18":{"start":{"line":47,"column":12},"end":{"line":75,"column":null}},"19":{"start":{"line":70,"column":91},"end":{"line":70,"column":110}}},"fnMap":{"0":{"name":"Activities","decl":{"start":{"line":9,"column":16},"end":{"line":9,"column":29}},"loc":{"start":{"line":9,"column":29},"end":{"line":82,"column":null}},"line":9},"1":{"name":"(anonymous_1)","decl":{"start":{"line":14,"column":25},"end":{"line":14,"column":31}},"loc":{"start":{"line":14,"column":31},"end":{"line":18,"column":null}},"line":14},"2":{"name":"(anonymous_2)","decl":{"start":{"line":15,"column":30},"end":{"line":15,"column":37}},"loc":{"start":{"line":15,"column":37},"end":{"line":17,"column":5}},"line":15},"3":{"name":"(anonymous_3)","decl":{"start":{"line":17,"column":15},"end":{"line":17,"column":21}},"loc":{"start":{"line":17,"column":21},"end":{"line":17,"column":38}},"line":17},"4":{"name":"(anonymous_4)","decl":{"start":{"line":20,"column":12},"end":{"line":20,"column":18}},"loc":{"start":{"line":20,"column":18},"end":{"line":20,"column":41}},"line":20},"5":{"name":"(anonymous_5)","decl":{"start":{"line":22,"column":22},"end":{"line":22,"column":29}},"loc":{"start":{"line":22,"column":44},"end":{"line":30,"column":null}},"line":22},"6":{"name":"(anonymous_6)","decl":{"start":{"line":26,"column":17},"end":{"line":26,"column":25}},"loc":{"start":{"line":26,"column":25},"end":{"line":26,"column":46}},"line":26},"7":{"name":"(anonymous_7)","decl":{"start":{"line":45,"column":26},"end":{"line":45,"column":27}},"loc":{"start":{"line":45,"column":38},"end":{"line":77,"column":11}},"line":45},"8":{"name":"(anonymous_8)","decl":{"start":{"line":70,"column":85},"end":{"line":70,"column":91}},"loc":{"start":{"line":70,"column":91},"end":{"line":70,"column":110}},"line":70}},"branchMap":{"0":{"loc":{"start":{"line":16,"column":20},"end":{"line":16,"column":35}},"type":"binary-expr","locations":[{"start":{"line":16,"column":20},"end":{"line":16,"column":33}},{"start":{"line":16,"column":33},"end":{"line":16,"column":35}}],"line":16},"1":{"loc":{"start":{"line":28,"column":18},"end":{"line":28,"column":56}},"type":"binary-expr","locations":[{"start":{"line":28,"column":18},"end":{"line":28,"column":50}},{"start":{"line":28,"column":50},"end":{"line":28,"column":56}}],"line":28},"2":{"loc":{"start":{"line":39,"column":7},"end":{"line":78,"column":null}},"type":"cond-expr","locations":[{"start":{"line":40,"column":8},"end":{"line":40,"column":null}},{"start":{"line":41,"column":10},"end":{"line":78,"column":null}}],"line":39},"3":{"loc":{"start":{"line":41,"column":10},"end":{"line":78,"column":null}},"type":"cond-expr","locations":[{"start":{"line":42,"column":8},"end":{"line":42,"column":null}},{"start":{"line":44,"column":8},"end":{"line":78,"column":null}}],"line":41},"4":{"loc":{"start":{"line":46,"column":30},"end":{"line":46,"column":null}},"type":"binary-expr","locations":[{"start":{"line":46,"column":30},"end":{"line":46,"column":51}},{"start":{"line":46,"column":51},"end":{"line":46,"column":null}}],"line":46},"5":{"loc":{"start":{"line":56,"column":23},"end":{"line":56,"column":null}},"type":"binary-expr","locations":[{"start":{"line":56,"column":23},"end":{"line":56,"column":40}},{"start":{"line":56,"column":40},"end":{"line":56,"column":null}}],"line":56},"6":{"loc":{"start":{"line":60,"column":96},"end":{"line":60,"column":117}},"type":"binary-expr","locations":[{"start":{"line":60,"column":96},"end":{"line":60,"column":115}},{"start":{"line":60,"column":115},"end":{"line":60,"column":117}}],"line":60},"7":{"loc":{"start":{"line":67,"column":23},"end":{"line":70,"column":null}},"type":"cond-expr","locations":[{"start":{"line":68,"column":24},"end":{"line":68,"column":null}},{"start":{"line":70,"column":24},"end":{"line":70,"column":null}}],"line":67}},"s":{"0":20,"1":20,"2":20,"3":20,"4":8,"5":7,"6":7,"7":20,"8":8,"9":20,"10":3,"11":3,"12":2,"13":2,"14":2,"15":1,"16":20,"17":12,"18":12,"19":3},"f":{"0":20,"1":8,"2":7,"3":7,"4":8,"5":3,"6":2,"7":12,"8":3},"b":{"0":[7,1],"1":[1,0],"2":[11,9],"3":[3,6],"4":[12,10],"5":[12,6],"6":[12,0],"7":[2,10]},"meta":{"lastBranch":8,"lastFunction":9,"lastStatement":20,"seen":{"f:9:16:9:29":0,"s:10:34:10:Infinity":0,"s:11:28:11:Infinity":1,"s:12:28:12:Infinity":2,"s:14:25:18:Infinity":3,"f:14:25:14:31":1,"s:15:4:17:Infinity":4,"f:15:30:15:37":2,"s:16:6:16:Infinity":5,"b:16:20:16:33:16:33:16:35":0,"f:17:15:17:21":3,"s:17:21:17:38":6,"s:20:2:20:Infinity":7,"f:20:12:20:18":4,"s:20:20:20:38":8,"s:22:22:30:Infinity":9,"f:22:22:22:29":5,"s:23:4:29:Infinity":10,"s:24:6:24:Infinity":11,"s:25:6:25:Infinity":12,"s:26:6:26:Infinity":13,"f:26:17:26:25":6,"s:26:25:26:46":14,"s:28:6:28:Infinity":15,"b:28:18:28:50:28:50:28:56":1,"s:32:2:80:Infinity":16,"b:40:8:40:Infinity:41:10:78:Infinity":2,"b:42:8:42:Infinity:44:8:78:Infinity":3,"f:45:26:45:27":7,"s:46:30:46:Infinity":17,"b:46:30:46:51:46:51:46:Infinity":4,"s:47:12:75:Infinity":18,"b:56:23:56:40:56:40:56:Infinity":5,"b:60:96:60:115:60:115:60:117":6,"b:68:24:68:Infinity:70:24:70:Infinity":7,"f:70:85:70:91":8,"s:70:91:70:110":19}}}
,"C:\\Users\\jjl05\\Desktop\\Help-1\\frontend\\src\\app\\pages\\student\\CreateTask.tsx": {"path":"C:\\Users\\jjl05\\Desktop\\Help-1\\frontend\\src\\app\\pages\\student\\CreateTask.tsx","statementMap":{"0":{"start":{"line":23,"column":8},"end":{"line":23,"column":null}},"1":{"start":{"line":24,"column":15},"end":{"line":24,"column":null}},"2":{"start":{"line":25,"column":34},"end":{"line":25,"column":null}},"3":{"start":{"line":26,"column":22},"end":{"line":33,"column":null}},"4":{"start":{"line":35,"column":23},"end":{"line":71,"column":null}},"5":{"start":{"line":36,"column":4},"end":{"line":36,"column":null}},"6":{"start":{"line":38,"column":22},"end":{"line":38,"column":null}},"7":{"start":{"line":39,"column":4},"end":{"line":42,"column":null}},"8":{"start":{"line":40,"column":6},"end":{"line":40,"column":null}},"9":{"start":{"line":41,"column":6},"end":{"line":41,"column":null}},"10":{"start":{"line":44,"column":4},"end":{"line":44,"column":null}},"11":{"start":{"line":45,"column":4},"end":{"line":70,"column":null}},"12":{"start":{"line":46,"column":18},"end":{"line":53,"column":null}},"13":{"start":{"line":55,"column":24},"end":{"line":55,"column":null}},"14":{"start":{"line":57,"column":6},"end":{"line":61,"column":null}},"15":{"start":{"line":58,"column":8},"end":{"line":58,"column":null}},"16":{"start":{"line":60,"column":8},"end":{"line":60,"column":null}},"17":{"start":{"line":63,"column":6},"end":{"line":65,"column":null}},"18":{"start":{"line":64,"column":8},"end":{"line":64,"column":null}},"19":{"start":{"line":67,"column":6},"end":{"line":67,"column":null}},"20":{"start":{"line":69,"column":6},"end":{"line":69,"column":null}},"21":{"start":{"line":73,"column":2},"end":{"line":191,"column":null}},"22":{"start":{"line":88,"column":33},"end":{"line":88,"column":null}},"23":{"start":{"line":97,"column":70},"end":{"line":97,"column":null}},"24":{"start":{"line":118,"column":33},"end":{"line":118,"column":null}},"25":{"start":{"line":134,"column":35},"end":{"line":134,"column":null}},"26":{"start":{"line":148,"column":35},"end":{"line":148,"column":null}},"27":{"start":{"line":163,"column":46},"end":{"line":163,"column":null}},"28":{"start":{"line":181,"column":88},"end":{"line":181,"column":103}}},"fnMap":{"0":{"name":"CreateTask","decl":{"start":{"line":22,"column":16},"end":{"line":22,"column":29}},"loc":{"start":{"line":22,"column":29},"end":{"line":193,"column":null}},"line":22},"1":{"name":"(anonymous_1)","decl":{"start":{"line":35,"column":23},"end":{"line":35,"column":30}},"loc":{"start":{"line":35,"column":53},"end":{"line":71,"column":null}},"line":35},"2":{"name":"(anonymous_2)","decl":{"start":{"line":63,"column":17},"end":{"line":63,"column":23}},"loc":{"start":{"line":63,"column":23},"end":{"line":65,"column":9}},"line":63},"3":{"name":"(anonymous_3)","decl":{"start":{"line":88,"column":26},"end":{"line":88,"column":27}},"loc":{"start":{"line":88,"column":33},"end":{"line":88,"column":null}},"line":88},"4":{"name":"(anonymous_4)","decl":{"start":{"line":97,"column":59},"end":{"line":97,"column":60}},"loc":{"start":{"line":97,"column":70},"end":{"line":97,"column":null}},"line":97},"5":{"name":"(anonymous_5)","decl":{"start":{"line":118,"column":26},"end":{"line":118,"column":27}},"loc":{"start":{"line":118,"column":33},"end":{"line":118,"column":null}},"line":118},"6":{"name":"(anonymous_6)","decl":{"start":{"line":134,"column":28},"end":{"line":134,"column":29}},"loc":{"start":{"line":134,"column":35},"end":{"line":134,"column":null}},"line":134},"7":{"name":"(anonymous_7)","decl":{"start":{"line":148,"column":28},"end":{"line":148,"column":29}},"loc":{"start":{"line":148,"column":35},"end":{"line":148,"column":null}},"line":148},"8":{"name":"(anonymous_8)","decl":{"start":{"line":163,"column":33},"end":{"line":163,"column":34}},"loc":{"start":{"line":163,"column":46},"end":{"line":163,"column":null}},"line":163},"9":{"name":"(anonymous_9)","decl":{"start":{"line":181,"column":82},"end":{"line":181,"column":88}},"loc":{"start":{"line":181,"column":88},"end":{"line":181,"column":103}},"line":181}},"branchMap":{"0":{"loc":{"start":{"line":39,"column":4},"end":{"line":42,"column":null}},"type":"if","locations":[{"start":{"line":39,"column":4},"end":{"line":42,"column":null}},{"start":{},"end":{}}],"line":39},"1":{"loc":{"start":{"line":39,"column":21},"end":{"line":39,"column":41}},"type":"binary-expr","locations":[{"start":{"line":39,"column":21},"end":{"line":39,"column":37}},{"start":{"line":39,"column":37},"end":{"line":39,"column":41}}],"line":39},"2":{"loc":{"start":{"line":52,"column":21},"end":{"line":52,"column":null}},"type":"cond-expr","locations":[{"start":{"line":52,"column":40},"end":{"line":52,"column":44}},{"start":{"line":52,"column":44},"end":{"line":52,"column":null}}],"line":52},"3":{"loc":{"start":{"line":55,"column":24},"end":{"line":55,"column":null}},"type":"binary-expr","locations":[{"start":{"line":55,"column":24},"end":{"line":55,"column":52}},{"start":{"line":55,"column":52},"end":{"line":55,"column":null}}],"line":55},"4":{"loc":{"start":{"line":57,"column":6},"end":{"line":61,"column":null}},"type":"if","locations":[{"start":{"line":57,"column":6},"end":{"line":61,"column":null}},{"start":{"line":59,"column":13},"end":{"line":61,"column":null}}],"line":57},"5":{"loc":{"start":{"line":137,"column":23},"end":{"line":137,"column":null}},"type":"binary-expr","locations":[{"start":{"line":137,"column":23},"end":{"line":137,"column":39}},{"start":{"line":137,"column":39},"end":{"line":137,"column":null}}],"line":137},"6":{"loc":{"start":{"line":185,"column":17},"end":{"line":185,"column":null}},"type":"cond-expr","locations":[{"start":{"line":185,"column":30},"end":{"line":185,"column":41}},{"start":{"line":185,"column":41},"end":{"line":185,"column":null}}],"line":185}},"s":{"0":41,"1":41,"2":41,"3":41,"4":41,"5":5,"6":5,"7":5,"8":1,"9":1,"10":4,"11":4,"12":4,"13":3,"14":5,"15":2,"16":1,"17":3,"18":0,"19":1,"20":4,"21":41,"22":6,"23":0,"24":5,"25":5,"26":5,"27":0,"28":1},"f":{"0":41,"1":5,"2":0,"3":6,"4":0,"5":5,"6":5,"7":5,"8":0,"9":1},"b":{"0":[1,4],"1":[5,0],"2":[0,4],"3":[3,0],"4":[2,1],"5":[41,0],"6":[4,37]},"meta":{"lastBranch":7,"lastFunction":10,"lastStatement":29,"seen":{"f:22:16:22:29":0,"s:23:8:23:Infinity":0,"s:24:15:24:Infinity":1,"s:25:34:25:Infinity":2,"s:26:22:33:Infinity":3,"s:35:23:71:Infinity":4,"f:35:23:35:30":1,"s:36:4:36:Infinity":5,"s:38:22:38:Infinity":6,"b:39:4:42:Infinity:undefined:undefined:undefined:undefined":0,"s:39:4:42:Infinity":7,"b:39:21:39:37:39:37:39:41":1,"s:40:6:40:Infinity":8,"s:41:6:41:Infinity":9,"s:44:4:44:Infinity":10,"s:45:4:70:Infinity":11,"s:46:18:53:Infinity":12,"b:52:40:52:44:52:44:52:Infinity":2,"s:55:24:55:Infinity":13,"b:55:24:55:52:55:52:55:Infinity":3,"b:57:6:61:Infinity:59:13:61:Infinity":4,"s:57:6:61:Infinity":14,"s:58:8:58:Infinity":15,"s:60:8:60:Infinity":16,"s:63:6:65:Infinity":17,"f:63:17:63:23":2,"s:64:8:64:Infinity":18,"s:67:6:67:Infinity":19,"s:69:6:69:Infinity":20,"s:73:2:191:Infinity":21,"f:88:26:88:27":3,"s:88:33:88:Infinity":22,"f:97:59:97:60":4,"s:97:70:97:Infinity":23,"f:118:26:118:27":5,"s:118:33:118:Infinity":24,"f:134:28:134:29":6,"s:134:35:134:Infinity":25,"b:137:23:137:39:137:39:137:Infinity":5,"f:148:28:148:29":7,"s:148:35:148:Infinity":26,"f:163:33:163:34":8,"s:163:46:163:Infinity":27,"f:181:82:181:88":9,"s:181:88:181:103":28,"b:185:30:185:41:185:41:185:Infinity":6}}}
,"C:\\Users\\jjl05\\Desktop\\Help-1\\frontend\\src\\app\\pages\\student\\Login.tsx": {"path":"C:\\Users\\jjl05\\Desktop\\Help-1\\frontend\\src\\app\\pages\\student\\Login.tsx","statementMap":{"0":{"start":{"line":14,"column":32},"end":{"line":14,"column":null}},"1":{"start":{"line":15,"column":38},"end":{"line":22,"column":null}},"2":{"start":{"line":25,"column":32},"end":{"line":25,"column":null}},"3":{"start":{"line":27,"column":39},"end":{"line":27,"column":null}},"4":{"start":{"line":28,"column":8},"end":{"line":28,"column":null}},"5":{"start":{"line":30,"column":2},"end":{"line":34,"column":null}},"6":{"start":{"line":31,"column":4},"end":{"line":33,"column":null}},"7":{"start":{"line":32,"column":6},"end":{"line":32,"column":null}},"8":{"start":{"line":36,"column":2},"end":{"line":38,"column":null}},"9":{"start":{"line":37,"column":4},"end":{"line":37,"column":null}},"10":{"start":{"line":40,"column":22},"end":{"line":49,"column":null}},"11":{"start":{"line":41,"column":4},"end":{"line":41,"column":null}},"12":{"start":{"line":42,"column":4},"end":{"line":48,"column":null}},"13":{"start":{"line":43,"column":6},"end":{"line":43,"column":null}},"14":{"start":{"line":44,"column":6},"end":{"line":44,"column":null}},"15":{"start":{"line":45,"column":6},"end":{"line":45,"column":null}},"16":{"start":{"line":47,"column":6},"end":{"line":47,"column":null}},"17":{"start":{"line":51,"column":25},"end":{"line":71,"column":null}},"18":{"start":{"line":52,"column":4},"end":{"line":52,"column":null}},"19":{"start":{"line":53,"column":4},"end":{"line":56,"column":null}},"20":{"start":{"line":54,"column":6},"end":{"line":54,"column":null}},"21":{"start":{"line":55,"column":6},"end":{"line":55,"column":null}},"22":{"start":{"line":59,"column":4},"end":{"line":70,"column":null}},"23":{"start":{"line":60,"column":6},"end":{"line":65,"column":null}},"24":{"start":{"line":66,"column":6},"end":{"line":66,"column":null}},"25":{"start":{"line":67,"column":6},"end":{"line":67,"column":null}},"26":{"start":{"line":69,"column":6},"end":{"line":69,"column":null}},"27":{"start":{"line":73,"column":2},"end":{"line":230,"column":null}},"28":{"start":{"line":112,"column":37},"end":{"line":112,"column":null}},"29":{"start":{"line":127,"column":37},"end":{"line":127,"column":null}},"30":{"start":{"line":145,"column":39},"end":{"line":145,"column":null}},"31":{"start":{"line":154,"column":39},"end":{"line":154,"column":null}},"32":{"start":{"line":165,"column":37},"end":{"line":165,"column":null}},"33":{"start":{"line":175,"column":37},"end":{"line":175,"column":null}},"34":{"start":{"line":185,"column":37},"end":{"line":185,"column":null}},"35":{"start":{"line":192,"column":50},"end":{"line":192,"column":null}},"36":{"start":{"line":224,"column":27},"end":{"line":224,"column":null}}},"fnMap":{"0":{"name":"StudentLogin","decl":{"start":{"line":13,"column":16},"end":{"line":13,"column":31}},"loc":{"start":{"line":13,"column":31},"end":{"line":232,"column":null}},"line":13},"1":{"name":"(anonymous_1)","decl":{"start":{"line":30,"column":12},"end":{"line":30,"column":18}},"loc":{"start":{"line":30,"column":18},"end":{"line":34,"column":5}},"line":30},"2":{"name":"(anonymous_2)","decl":{"start":{"line":40,"column":22},"end":{"line":40,"column":29}},"loc":{"start":{"line":40,"column":52},"end":{"line":49,"column":null}},"line":40},"3":{"name":"(anonymous_3)","decl":{"start":{"line":51,"column":25},"end":{"line":51,"column":32}},"loc":{"start":{"line":51,"column":55},"end":{"line":71,"column":null}},"line":51},"4":{"name":"(anonymous_4)","decl":{"start":{"line":112,"column":30},"end":{"line":112,"column":31}},"loc":{"start":{"line":112,"column":37},"end":{"line":112,"column":null}},"line":112},"5":{"name":"(anonymous_5)","decl":{"start":{"line":127,"column":30},"end":{"line":127,"column":31}},"loc":{"start":{"line":127,"column":37},"end":{"line":127,"column":null}},"line":127},"6":{"name":"(anonymous_6)","decl":{"start":{"line":145,"column":32},"end":{"line":145,"column":33}},"loc":{"start":{"line":145,"column":39},"end":{"line":145,"column":null}},"line":145},"7":{"name":"(anonymous_7)","decl":{"start":{"line":154,"column":32},"end":{"line":154,"column":33}},"loc":{"start":{"line":154,"column":39},"end":{"line":154,"column":null}},"line":154},"8":{"name":"(anonymous_8)","decl":{"start":{"line":165,"column":30},"end":{"line":165,"column":31}},"loc":{"start":{"line":165,"column":37},"end":{"line":165,"column":null}},"line":165},"9":{"name":"(anonymous_9)","decl":{"start":{"line":175,"column":30},"end":{"line":175,"column":31}},"loc":{"start":{"line":175,"column":37},"end":{"line":175,"column":null}},"line":175},"10":{"name":"(anonymous_10)","decl":{"start":{"line":185,"column":30},"end":{"line":185,"column":31}},"loc":{"start":{"line":185,"column":37},"end":{"line":185,"column":null}},"line":185},"11":{"name":"(anonymous_11)","decl":{"start":{"line":192,"column":37},"end":{"line":192,"column":38}},"loc":{"start":{"line":192,"column":50},"end":{"line":192,"column":null}},"line":192},"12":{"name":"(anonymous_12)","decl":{"start":{"line":224,"column":21},"end":{"line":224,"column":27}},"loc":{"start":{"line":224,"column":27},"end":{"line":224,"column":null}},"line":224}},"branchMap":{"0":{"loc":{"start":{"line":31,"column":4},"end":{"line":33,"column":null}},"type":"if","locations":[{"start":{"line":31,"column":4},"end":{"line":33,"column":null}},{"start":{},"end":{}}],"line":31},"1":{"loc":{"start":{"line":31,"column":8},"end":{"line":31,"column":53}},"type":"binary-expr","locations":[{"start":{"line":31,"column":8},"end":{"line":31,"column":27}},{"start":{"line":31,"column":27},"end":{"line":31,"column":53}}],"line":31},"2":{"loc":{"start":{"line":36,"column":2},"end":{"line":38,"column":null}},"type":"if","locations":[{"start":{"line":36,"column":2},"end":{"line":38,"column":null}},{"start":{},"end":{}}],"line":36},"3":{"loc":{"start":{"line":36,"column":6},"end":{"line":36,"column":51}},"type":"binary-expr","locations":[{"start":{"line":36,"column":6},"end":{"line":36,"column":25}},{"start":{"line":36,"column":25},"end":{"line":36,"column":51}}],"line":36},"4":{"loc":{"start":{"line":53,"column":4},"end":{"line":56,"column":null}},"type":"if","locations":[{"start":{"line":53,"column":4},"end":{"line":56,"column":null}},{"start":{},"end":{}}],"line":53},"5":{"loc":{"start":{"line":69,"column":18},"end":{"line":69,"column":71}},"type":"binary-expr","locations":[{"start":{"line":69,"column":18},"end":{"line":69,"column":52}},{"start":{"line":69,"column":52},"end":{"line":69,"column":71}}],"line":69}},"s":{"0":63,"1":63,"2":63,"3":63,"4":63,"5":63,"6":53,"7":0,"8":63,"9":0,"10":63,"11":4,"12":4,"13":4,"14":2,"15":2,"16":2,"17":63,"18":4,"19":4,"20":1,"21":1,"22":3,"23":3,"24":1,"25":1,"26":2,"27":63,"28":5,"29":5,"30":4,"31":4,"32":4,"33":4,"34":4,"35":5,"36":0},"f":{"0":63,"1":53,"2":4,"3":4,"4":5,"5":5,"6":4,"7":4,"8":4,"9":4,"10":4,"11":5,"12":0},"b":{"0":[0,53],"1":[53,0],"2":[0,63],"3":[63,0],"4":[1,3],"5":[2,1]},"meta":{"lastBranch":6,"lastFunction":13,"lastStatement":37,"seen":{"f:13:16:13:31":0,"s:14:32:14:Infinity":0,"s:15:38:22:Infinity":1,"s:25:32:25:Infinity":2,"s:27:39:27:Infinity":3,"s:28:8:28:Infinity":4,"s:30:2:34:Infinity":5,"f:30:12:30:18":1,"b:31:4:33:Infinity:undefined:undefined:undefined:undefined":0,"s:31:4:33:Infinity":6,"b:31:8:31:27:31:27:31:53":1,"s:32:6:32:Infinity":7,"b:36:2:38:Infinity:undefined:undefined:undefined:undefined":2,"s:36:2:38:Infinity":8,"b:36:6:36:25:36:25:36:51":3,"s:37:4:37:Infinity":9,"s:40:22:49:Infinity":10,"f:40:22:40:29":2,"s:41:4:41:Infinity":11,"s:42:4:48:Infinity":12,"s:43:6:43:Infinity":13,"s:44:6:44:Infinity":14,"s:45:6:45:Infinity":15,"s:47:6:47:Infinity":16,"s:51:25:71:Infinity":17,"f:51:25:51:32":3,"s:52:4:52:Infinity":18,"b:53:4:56:Infinity:undefined:undefined:undefined:undefined":4,"s:53:4:56:Infinity":19,"s:54:6:54:Infinity":20,"s:55:6:55:Infinity":21,"s:59:4:70:Infinity":22,"s:60:6:65:Infinity":23,"s:66:6:66:Infinity":24,"s:67:6:67:Infinity":25,"s:69:6:69:Infinity":26,"b:69:18:69:52:69:52:69:71":5,"s:73:2:230:Infinity":27,"f:112:30:112:31":4,"s:112:37:112:Infinity":28,"f:127:30:127:31":5,"s:127:37:127:Infinity":29,"f:145:32:145:33":6,"s:145:39:145:Infinity":30,"f:154:32:154:33":7,"s:154:39:154:Infinity":31,"f:165:30:165:31":8,"s:165:37:165:Infinity":32,"f:175:30:175:31":9,"s:175:37:175:Infinity":33,"f:185:30:185:31":10,"s:185:37:185:Infinity":34,"f:192:37:192:38":11,"s:192:50:192:Infinity":35,"f:224:21:224:27":12,"s:224:27:224:Infinity":36}}}
,"C:\\Users\\jjl05\\Desktop\\Help-1\\frontend\\src\\app\\pages\\student\\Messages.tsx": {"path":"C:\\Users\\jjl05\\Desktop\\Help-1\\frontend\\src\\app\\pages\\student\\Messages.tsx","statementMap":{"0":{"start":{"line":19,"column":34},"end":{"line":19,"column":null}},"1":{"start":{"line":20,"column":32},"end":{"line":20,"column":null}},"2":{"start":{"line":22,"column":21},"end":{"line":32,"column":null}},"3":{"start":{"line":23,"column":4},"end":{"line":31,"column":null}},"4":{"start":{"line":24,"column":6},"end":{"line":26,"column":null}},"5":{"start":{"line":24,"column":28},"end":{"line":26,"column":7}},"6":{"start":{"line":25,"column":8},"end":{"line":25,"column":null}},"7":{"start":{"line":28,"column":6},"end":{"line":30,"column":null}},"8":{"start":{"line":28,"column":27},"end":{"line":30,"column":7}},"9":{"start":{"line":29,"column":8},"end":{"line":29,"column":null}},"10":{"start":{"line":34,"column":24},"end":{"line":40,"column":null}},"11":{"start":{"line":35,"column":4},"end":{"line":39,"column":null}},"12":{"start":{"line":36,"column":6},"end":{"line":36,"column":null}},"13":{"start":{"line":36,"column":28},"end":{"line":36,"column":61}},"14":{"start":{"line":36,"column":47},"end":{"line":36,"column":60}},"15":{"start":{"line":38,"column":6},"end":{"line":38,"column":null}},"16":{"start":{"line":38,"column":27},"end":{"line":38,"column":60}},"17":{"start":{"line":38,"column":46},"end":{"line":38,"column":59}},"18":{"start":{"line":42,"column":30},"end":{"line":52,"column":null}},"19":{"start":{"line":43,"column":4},"end":{"line":51,"column":null}},"20":{"start":{"line":46,"column":8},"end":{"line":46,"column":null}},"21":{"start":{"line":48,"column":8},"end":{"line":48,"column":null}},"22":{"start":{"line":50,"column":8},"end":{"line":50,"column":null}},"23":{"start":{"line":54,"column":27},"end":{"line":120,"column":null}},"24":{"start":{"line":55,"column":4},"end":{"line":63,"column":null}},"25":{"start":{"line":56,"column":6},"end":{"line":61,"column":null}},"26":{"start":{"line":65,"column":4},"end":{"line":118,"column":null}},"27":{"start":{"line":76,"column":14},"end":{"line":114,"column":null}},"28":{"start":{"line":97,"column":41},"end":{"line":97,"column":null}},"29":{"start":{"line":106,"column":39},"end":{"line":106,"column":null}},"30":{"start":{"line":122,"column":2},"end":{"line":143,"column":null}}},"fnMap":{"0":{"name":"Messages","decl":{"start":{"line":18,"column":16},"end":{"line":18,"column":27}},"loc":{"start":{"line":18,"column":27},"end":{"line":145,"column":null}},"line":18},"1":{"name":"(anonymous_1)","decl":{"start":{"line":22,"column":21},"end":{"line":22,"column":22}},"loc":{"start":{"line":22,"column":63},"end":{"line":32,"column":null}},"line":22},"2":{"name":"(anonymous_2)","decl":{"start":{"line":24,"column":20},"end":{"line":24,"column":28}},"loc":{"start":{"line":24,"column":28},"end":{"line":26,"column":7}},"line":24},"3":{"name":"(anonymous_3)","decl":{"start":{"line":24,"column":37},"end":{"line":24,"column":null}},"loc":{"start":{"line":25,"column":8},"end":{"line":25,"column":null}},"line":25},"4":{"name":"(anonymous_4)","decl":{"start":{"line":28,"column":19},"end":{"line":28,"column":27}},"loc":{"start":{"line":28,"column":27},"end":{"line":30,"column":7}},"line":28},"5":{"name":"(anonymous_5)","decl":{"start":{"line":28,"column":36},"end":{"line":28,"column":null}},"loc":{"start":{"line":29,"column":8},"end":{"line":29,"column":null}},"line":29},"6":{"name":"(anonymous_6)","decl":{"start":{"line":34,"column":24},"end":{"line":34,"column":25}},"loc":{"start":{"line":34,"column":66},"end":{"line":40,"column":null}},"line":34},"7":{"name":"(anonymous_7)","decl":{"start":{"line":36,"column":20},"end":{"line":36,"column":28}},"loc":{"start":{"line":36,"column":28},"end":{"line":36,"column":61}},"line":36},"8":{"name":"(anonymous_8)","decl":{"start":{"line":36,"column":40},"end":{"line":36,"column":47}},"loc":{"start":{"line":36,"column":47},"end":{"line":36,"column":60}},"line":36},"9":{"name":"(anonymous_9)","decl":{"start":{"line":38,"column":19},"end":{"line":38,"column":27}},"loc":{"start":{"line":38,"column":27},"end":{"line":38,"column":60}},"line":38},"10":{"name":"(anonymous_10)","decl":{"start":{"line":38,"column":39},"end":{"line":38,"column":46}},"loc":{"start":{"line":38,"column":46},"end":{"line":38,"column":59}},"line":38},"11":{"name":"(anonymous_11)","decl":{"start":{"line":42,"column":30},"end":{"line":42,"column":31}},"loc":{"start":{"line":42,"column":48},"end":{"line":52,"column":null}},"line":42},"12":{"name":"(anonymous_12)","decl":{"start":{"line":54,"column":27},"end":{"line":54,"column":28}},"loc":{"start":{"line":54,"column":117},"end":{"line":120,"column":null}},"line":54},"13":{"name":"(anonymous_13)","decl":{"start":{"line":75,"column":31},"end":{"line":75,"column":32}},"loc":{"start":{"line":76,"column":14},"end":{"line":114,"column":null}},"line":76},"14":{"name":"(anonymous_14)","decl":{"start":{"line":97,"column":35},"end":{"line":97,"column":41}},"loc":{"start":{"line":97,"column":41},"end":{"line":97,"column":null}},"line":97},"15":{"name":"(anonymous_15)","decl":{"start":{"line":106,"column":33},"end":{"line":106,"column":39}},"loc":{"start":{"line":106,"column":39},"end":{"line":106,"column":null}},"line":106}},"branchMap":{"0":{"loc":{"start":{"line":23,"column":4},"end":{"line":31,"column":null}},"type":"if","locations":[{"start":{"line":23,"column":4},"end":{"line":31,"column":null}},{"start":{"line":27,"column":11},"end":{"line":31,"column":null}}],"line":23},"1":{"loc":{"start":{"line":25,"column":8},"end":{"line":25,"column":null}},"type":"cond-expr","locations":[{"start":{"line":25,"column":24},"end":{"line":25,"column":49}},{"start":{"line":25,"column":49},"end":{"line":25,"column":null}}],"line":25},"2":{"loc":{"start":{"line":29,"column":8},"end":{"line":29,"column":null}},"type":"cond-expr","locations":[{"start":{"line":29,"column":24},"end":{"line":29,"column":49}},{"start":{"line":29,"column":49},"end":{"line":29,"column":null}}],"line":29},"3":{"loc":{"start":{"line":35,"column":4},"end":{"line":39,"column":null}},"type":"if","locations":[{"start":{"line":35,"column":4},"end":{"line":39,"column":null}},{"start":{"line":37,"column":11},"end":{"line":39,"column":null}}],"line":35},"4":{"loc":{"start":{"line":43,"column":4},"end":{"line":51,"column":null}},"type":"switch","locations":[{"start":{"line":44,"column":6},"end":{"line":44,"column":null}},{"start":{"line":45,"column":6},"end":{"line":46,"column":null}},{"start":{"line":47,"column":6},"end":{"line":48,"column":null}},{"start":{"line":49,"column":6},"end":{"line":50,"column":null}}],"line":43},"5":{"loc":{"start":{"line":55,"column":4},"end":{"line":63,"column":null}},"type":"if","locations":[{"start":{"line":55,"column":4},"end":{"line":63,"column":null}},{"start":{},"end":{}}],"line":55},"6":{"loc":{"start":{"line":59,"column":13},"end":{"line":59,"column":null}},"type":"cond-expr","locations":[{"start":{"line":59,"column":33},"end":{"line":59,"column":44}},{"start":{"line":59,"column":44},"end":{"line":59,"column":null}}],"line":59},"7":{"loc":{"start":{"line":69,"column":19},"end":{"line":69,"column":55}},"type":"cond-expr","locations":[{"start":{"line":69,"column":39},"end":{"line":69,"column":48}},{"start":{"line":69,"column":48},"end":{"line":69,"column":55}}],"line":69},"8":{"loc":{"start":{"line":77,"column":17},"end":{"line":77,"column":null}},"type":"binary-expr","locations":[{"start":{"line":77,"column":17},"end":{"line":77,"column":30}},{"start":{"line":77,"column":30},"end":{"line":77,"column":null}}],"line":77},"9":{"loc":{"start":{"line":78,"column":73},"end":{"line":78,"column":111}},"type":"cond-expr","locations":[{"start":{"line":78,"column":94},"end":{"line":78,"column":109}},{"start":{"line":78,"column":109},"end":{"line":78,"column":111}}],"line":78},"10":{"loc":{"start":{"line":85,"column":23},"end":{"line":86,"column":null}},"type":"binary-expr","locations":[{"start":{"line":85,"column":23},"end":{"line":85,"column":null}},{"start":{"line":86,"column":24},"end":{"line":86,"column":null}}],"line":85},"11":{"loc":{"start":{"line":92,"column":23},"end":{"line":100,"column":null}},"type":"binary-expr","locations":[{"start":{"line":92,"column":23},"end":{"line":92,"column":null}},{"start":{"line":93,"column":24},"end":{"line":100,"column":null}}],"line":92}},"s":{"0":5,"1":5,"2":5,"3":0,"4":0,"5":0,"6":0,"7":0,"8":0,"9":0,"10":5,"11":0,"12":0,"13":0,"14":0,"15":0,"16":0,"17":0,"18":5,"19":0,"20":0,"21":0,"22":0,"23":5,"24":7,"25":7,"26":0,"27":0,"28":0,"29":0,"30":5},"f":{"0":5,"1":0,"2":0,"3":0,"4":0,"5":0,"6":0,"7":0,"8":0,"9":0,"10":0,"11":0,"12":7,"13":0,"14":0,"15":0},"b":{"0":[0,0],"1":[0,0],"2":[0,0],"3":[0,0],"4":[0,0,0,0],"5":[7,0],"6":[5,2],"7":[0,0],"8":[0,0],"9":[0,0],"10":[0,0],"11":[0,0]},"meta":{"lastBranch":12,"lastFunction":16,"lastStatement":31,"seen":{"f:18:16:18:27":0,"s:19:34:19:Infinity":0,"s:20:32:20:Infinity":1,"s:22:21:32:Infinity":2,"f:22:21:22:22":1,"b:23:4:31:Infinity:27:11:31:Infinity":0,"s:23:4:31:Infinity":3,"s:24:6:26:Infinity":4,"f:24:20:24:28":2,"s:24:28:26:7":5,"f:24:37:24:Infinity":3,"s:25:8:25:Infinity":6,"b:25:24:25:49:25:49:25:Infinity":1,"s:28:6:30:Infinity":7,"f:28:19:28:27":4,"s:28:27:30:7":8,"f:28:36:28:Infinity":5,"s:29:8:29:Infinity":9,"b:29:24:29:49:29:49:29:Infinity":2,"s:34:24:40:Infinity":10,"f:34:24:34:25":6,"b:35:4:39:Infinity:37:11:39:Infinity":3,"s:35:4:39:Infinity":11,"s:36:6:36:Infinity":12,"f:36:20:36:28":7,"s:36:28:36:61":13,"f:36:40:36:47":8,"s:36:47:36:60":14,"s:38:6:38:Infinity":15,"f:38:19:38:27":9,"s:38:27:38:60":16,"f:38:39:38:46":10,"s:38:46:38:59":17,"s:42:30:52:Infinity":18,"f:42:30:42:31":11,"b:44:6:44:Infinity:45:6:46:Infinity:47:6:48:Infinity:49:6:50:Infinity":4,"s:43:4:51:Infinity":19,"s:46:8:46:Infinity":20,"s:48:8:48:Infinity":21,"s:50:8:50:Infinity":22,"s:54:27:120:Infinity":23,"f:54:27:54:28":12,"b:55:4:63:Infinity:undefined:undefined:undefined:undefined":5,"s:55:4:63:Infinity":24,"s:56:6:61:Infinity":25,"b:59:33:59:44:59:44:59:Infinity":6,"s:65:4:118:Infinity":26,"b:69:39:69:48:69:48:69:55":7,"f:75:31:75:32":13,"s:76:14:114:Infinity":27,"b:77:17:77:30:77:30:77:Infinity":8,"b:78:94:78:109:78:109:78:111":9,"b:85:23:85:Infinity:86:24:86:Infinity":10,"b:92:23:92:Infinity:93:24:100:Infinity":11,"f:97:35:97:41":14,"s:97:41:97:Infinity":28,"f:106:33:106:39":15,"s:106:39:106:Infinity":29,"s:122:2:143:Infinity":30}}}
,"C:\\Users\\jjl05\\Desktop\\Help-1\\frontend\\src\\app\\pages\\student\\MyTasks.tsx": {"path":"C:\\Users\\jjl05\\Desktop\\Help-1\\frontend\\src\\app\\pages\\student\\MyTasks.tsx","statementMap":{"0":{"start":{"line":19,"column":79},"end":{"line":25,"column":null}},"1":{"start":{"line":28,"column":8},"end":{"line":28,"column":null}},"2":{"start":{"line":29,"column":42},"end":{"line":29,"column":null}},"3":{"start":{"line":30,"column":40},"end":{"line":30,"column":null}},"4":{"start":{"line":31,"column":28},"end":{"line":31,"column":null}},"5":{"start":{"line":32,"column":50},"end":{"line":32,"column":null}},"6":{"start":{"line":33,"column":46},"end":{"line":33,"column":null}},"7":{"start":{"line":34,"column":38},"end":{"line":34,"column":null}},"8":{"start":{"line":36,"column":20},"end":{"line":47,"column":null}},"9":{"start":{"line":37,"column":4},"end":{"line":37,"column":null}},"10":{"start":{"line":38,"column":4},"end":{"line":46,"column":null}},"11":{"start":{"line":42,"column":6},"end":{"line":42,"column":null}},"12":{"start":{"line":43,"column":6},"end":{"line":43,"column":null}},"13":{"start":{"line":45,"column":6},"end":{"line":45,"column":null}},"14":{"start":{"line":46,"column":21},"end":{"line":46,"column":38}},"15":{"start":{"line":49,"column":2},"end":{"line":49,"column":null}},"16":{"start":{"line":49,"column":20},"end":{"line":49,"column":33}},"17":{"start":{"line":51,"column":25},"end":{"line":54,"column":null}},"18":{"start":{"line":52,"column":4},"end":{"line":52,"column":null}},"19":{"start":{"line":53,"column":4},"end":{"line":53,"column":null}},"20":{"start":{"line":56,"column":26},"end":{"line":66,"column":null}},"21":{"start":{"line":57,"column":4},"end":{"line":57,"column":null}},"22":{"start":{"line":57,"column":23},"end":{"line":57,"column":null}},"23":{"start":{"line":58,"column":4},"end":{"line":65,"column":null}},"24":{"start":{"line":59,"column":6},"end":{"line":59,"column":null}},"25":{"start":{"line":60,"column":6},"end":{"line":60,"column":null}},"26":{"start":{"line":61,"column":6},"end":{"line":61,"column":null}},"27":{"start":{"line":62,"column":6},"end":{"line":62,"column":null}},"28":{"start":{"line":64,"column":6},"end":{"line":64,"column":null}},"29":{"start":{"line":68,"column":23},"end":{"line":71,"column":null}},"30":{"start":{"line":69,"column":4},"end":{"line":69,"column":null}},"31":{"start":{"line":70,"column":4},"end":{"line":70,"column":null}},"32":{"start":{"line":73,"column":24},"end":{"line":83,"column":null}},"33":{"start":{"line":74,"column":4},"end":{"line":74,"column":null}},"34":{"start":{"line":74,"column":23},"end":{"line":74,"column":null}},"35":{"start":{"line":75,"column":4},"end":{"line":82,"column":null}},"36":{"start":{"line":76,"column":6},"end":{"line":76,"column":null}},"37":{"start":{"line":77,"column":6},"end":{"line":77,"column":null}},"38":{"start":{"line":78,"column":6},"end":{"line":78,"column":null}},"39":{"start":{"line":79,"column":6},"end":{"line":79,"column":null}},"40":{"start":{"line":81,"column":6},"end":{"line":81,"column":null}},"41":{"start":{"line":85,"column":19},"end":{"line":160,"column":null}},"42":{"start":{"line":86,"column":19},"end":{"line":86,"column":null}},"43":{"start":{"line":87,"column":23},"end":{"line":87,"column":null}},"44":{"start":{"line":89,"column":4},"end":{"line":158,"column":null}},"45":{"start":{"line":132,"column":65},"end":{"line":132,"column":95}},"46":{"start":{"line":139,"column":35},"end":{"line":139,"column":57}},"47":{"start":{"line":143,"column":35},"end":{"line":143,"column":55}},"48":{"start":{"line":151,"column":33},"end":{"line":151,"column":59}},"49":{"start":{"line":162,"column":2},"end":{"line":244,"column":null}},"50":{"start":{"line":180,"column":41},"end":{"line":180,"column":96}},"51":{"start":{"line":184,"column":83},"end":{"line":184,"column":109}},"52":{"start":{"line":193,"column":40},"end":{"line":193,"column":94}},"53":{"start":{"line":197,"column":83},"end":{"line":197,"column":98}},"54":{"start":{"line":220,"column":53},"end":{"line":220,"column":83}},"55":{"start":{"line":239,"column":53},"end":{"line":239,"column":81}}},"fnMap":{"0":{"name":"MyTasks","decl":{"start":{"line":27,"column":16},"end":{"line":27,"column":26}},"loc":{"start":{"line":27,"column":26},"end":{"line":246,"column":null}},"line":27},"1":{"name":"(anonymous_1)","decl":{"start":{"line":36,"column":20},"end":{"line":36,"column":26}},"loc":{"start":{"line":36,"column":26},"end":{"line":47,"column":null}},"line":36},"2":{"name":"(anonymous_2)","decl":{"start":{"line":41,"column":12},"end":{"line":41,"column":13}},"loc":{"start":{"line":41,"column":34},"end":{"line":44,"column":5}},"line":41},"3":{"name":"(anonymous_3)","decl":{"start":{"line":44,"column":13},"end":{"line":44,"column":20}},"loc":{"start":{"line":44,"column":20},"end":{"line":46,"column":5}},"line":44},"4":{"name":"(anonymous_4)","decl":{"start":{"line":46,"column":15},"end":{"line":46,"column":21}},"loc":{"start":{"line":46,"column":21},"end":{"line":46,"column":38}},"line":46},"5":{"name":"(anonymous_5)","decl":{"start":{"line":49,"column":12},"end":{"line":49,"column":18}},"loc":{"start":{"line":49,"column":18},"end":{"line":49,"column":36}},"line":49},"6":{"name":"(anonymous_6)","decl":{"start":{"line":51,"column":25},"end":{"line":51,"column":26}},"loc":{"start":{"line":51,"column":41},"end":{"line":54,"column":null}},"line":51},"7":{"name":"(anonymous_7)","decl":{"start":{"line":56,"column":26},"end":{"line":56,"column":38}},"loc":{"start":{"line":56,"column":38},"end":{"line":66,"column":null}},"line":56},"8":{"name":"(anonymous_8)","decl":{"start":{"line":68,"column":23},"end":{"line":68,"column":24}},"loc":{"start":{"line":68,"column":39},"end":{"line":71,"column":null}},"line":68},"9":{"name":"(anonymous_9)","decl":{"start":{"line":73,"column":24},"end":{"line":73,"column":36}},"loc":{"start":{"line":73,"column":36},"end":{"line":83,"column":null}},"line":73},"10":{"name":"(anonymous_10)","decl":{"start":{"line":85,"column":19},"end":{"line":85,"column":20}},"loc":{"start":{"line":85,"column":87},"end":{"line":160,"column":null}},"line":85},"11":{"name":"(anonymous_11)","decl":{"start":{"line":132,"column":59},"end":{"line":132,"column":65}},"loc":{"start":{"line":132,"column":65},"end":{"line":132,"column":95}},"line":132},"12":{"name":"(anonymous_12)","decl":{"start":{"line":139,"column":29},"end":{"line":139,"column":35}},"loc":{"start":{"line":139,"column":35},"end":{"line":139,"column":57}},"line":139},"13":{"name":"(anonymous_13)","decl":{"start":{"line":143,"column":29},"end":{"line":143,"column":35}},"loc":{"start":{"line":143,"column":35},"end":{"line":143,"column":55}},"line":143},"14":{"name":"(anonymous_14)","decl":{"start":{"line":151,"column":27},"end":{"line":151,"column":33}},"loc":{"start":{"line":151,"column":33},"end":{"line":151,"column":59}},"line":151},"15":{"name":"(anonymous_15)","decl":{"start":{"line":180,"column":33},"end":{"line":180,"column":41}},"loc":{"start":{"line":180,"column":41},"end":{"line":180,"column":96}},"line":180},"16":{"name":"(anonymous_16)","decl":{"start":{"line":184,"column":77},"end":{"line":184,"column":83}},"loc":{"start":{"line":184,"column":83},"end":{"line":184,"column":109}},"line":184},"17":{"name":"(anonymous_17)","decl":{"start":{"line":193,"column":32},"end":{"line":193,"column":40}},"loc":{"start":{"line":193,"column":40},"end":{"line":193,"column":94}},"line":193},"18":{"name":"(anonymous_18)","decl":{"start":{"line":197,"column":77},"end":{"line":197,"column":83}
[...]
mn":15},"end":{"line":11,"column":null}},"1":{"start":{"line":12,"column":22},"end":{"line":12,"column":null}},"2":{"start":{"line":13,"column":28},"end":{"line":13,"column":null}},"3":{"start":{"line":14,"column":44},"end":{"line":14,"column":null}},"4":{"start":{"line":15,"column":34},"end":{"line":15,"column":null}},"5":{"start":{"line":17,"column":2},"end":{"line":21,"column":null}},"6":{"start":{"line":18,"column":4},"end":{"line":20,"column":null}},"7":{"start":{"line":19,"column":6},"end":{"line":19,"column":null}},"8":{"start":{"line":20,"column":42},"end":{"line":20,"column":59}},"9":{"start":{"line":23,"column":23},"end":{"line":26,"column":null}},"10":{"start":{"line":24,"column":4},"end":{"line":24,"column":null}},"11":{"start":{"line":24,"column":30},"end":{"line":24,"column":null}},"12":{"start":{"line":25,"column":4},"end":{"line":25,"column":null}},"13":{"start":{"line":28,"column":22},"end":{"line":28,"column":null}},"14":{"start":{"line":28,"column":42},"end":{"line":28,"column":57}},"15":{"start":{"line":28,"column":81},"end":{"line":28,"column":100}},"16":{"start":{"line":29,"column":23},"end":{"line":29,"column":null}},"17":{"start":{"line":29,"column":52},"end":{"line":29,"column":67}},"18":{"start":{"line":29,"column":91},"end":{"line":29,"column":110}},"19":{"start":{"line":31,"column":2},"end":{"line":138,"column":null}},"20":{"start":{"line":38,"column":49},"end":{"line":38,"column":null}},"21":{"start":{"line":74,"column":59},"end":{"line":74,"column":null}},"22":{"start":{"line":89,"column":16},"end":{"line":107,"column":null}}},"fnMap":{"0":{"name":"PointsHistory","decl":{"start":{"line":10,"column":16},"end":{"line":10,"column":32}},"loc":{"start":{"line":10,"column":32},"end":{"line":140,"column":null}},"line":10},"1":{"name":"(anonymous_1)","decl":{"start":{"line":17,"column":12},"end":{"line":17,"column":18}},"loc":{"start":{"line":17,"column":18},"end":{"line":21,"column":5}},"line":17},"2":{"name":"(anonymous_2)","decl":{"start":{"line":18,"column":36},"end":{"line":18,"column":43}},"loc":{"start":{"line":18,"column":43},"end":{"line":20,"column":5}},"line":18},"3":{"name":"(anonymous_3)","decl":{"start":{"line":20,"column":36},"end":{"line":20,"column":42}},"loc":{"start":{"line":20,"column":42},"end":{"line":20,"column":59}},"line":20},"4":{"name":"(anonymous_4)","decl":{"start":{"line":23,"column":35},"end":{"line":23,"column":43}},"loc":{"start":{"line":23,"column":43},"end":{"line":26,"column":3}},"line":23},"5":{"name":"(anonymous_5)","decl":{"start":{"line":28,"column":34},"end":{"line":28,"column":42}},"loc":{"start":{"line":28,"column":42},"end":{"line":28,"column":57}},"line":28},"6":{"name":"(anonymous_6)","decl":{"start":{"line":28,"column":66},"end":{"line":28,"column":67}},"loc":{"start":{"line":28,"column":81},"end":{"line":28,"column":100}},"line":28},"7":{"name":"(anonymous_7)","decl":{"start":{"line":29,"column":44},"end":{"line":29,"column":52}},"loc":{"start":{"line":29,"column":52},"end":{"line":29,"column":67}},"line":29},"8":{"name":"(anonymous_8)","decl":{"start":{"line":29,"column":76},"end":{"line":29,"column":77}},"loc":{"start":{"line":29,"column":91},"end":{"line":29,"column":110}},"line":29},"9":{"name":"(anonymous_9)","decl":{"start":{"line":38,"column":43},"end":{"line":38,"column":49}},"loc":{"start":{"line":38,"column":49},"end":{"line":38,"column":null}},"line":38},"10":{"name":"(anonymous_10)","decl":{"start":{"line":74,"column":52},"end":{"line":74,"column":53}},"loc":{"start":{"line":74,"column":59},"end":{"line":74,"column":null}},"line":74},"11":{"name":"(anonymous_11)","decl":{"start":{"line":88,"column":32},"end":{"line":88,"column":33}},"loc":{"start":{"line":89,"column":16},"end":{"line":107,"column":null}},"line":89}},"branchMap":{"0":{"loc":{"start":{"line":19,"column":14},"end":{"line":19,"column":35}},"type":"binary-expr","locations":[{"start":{"line":19,"column":14},"end":{"line":19,"column":33}},{"start":{"line":19,"column":33},"end":{"line":19,"column":35}}],"line":19},"1":{"loc":{"start":{"line":24,"column":4},"end":{"line":24,"column":null}},"type":"if","locations":[{"start":{"line":24,"column":4},"end":{"line":24,"column":null}},{"start":{},"end":{}}],"line":24},"2":{"loc":{"start":{"line":25,"column":11},"end":{"line":25,"column":null}},"type":"cond-expr","locations":[{"start":{"line":25,"column":37},"end":{"line":25,"column":55}},{"start":{"line":25,"column":55},"end":{"line":25,"column":null}}],"line":25},"3":{"loc":{"start":{"line":84,"column":11},"end":{"line":110,"column":null}},"type":"cond-expr","locations":[{"start":{"line":85,"column":12},"end":{"line":85,"column":null}},{"start":{"line":87,"column":12},"end":{"line":110,"column":null}}],"line":84},"4":{"loc":{"start":{"line":91,"column":54},"end":{"line":91,"column":99}},"type":"cond-expr","locations":[{"start":{"line":91,"column":72},"end":{"line":91,"column":88}},{"start":{"line":91,"column":88},"end":{"line":91,"column":99}}],"line":91},"5":{"loc":{"start":{"line":92,"column":23},"end":{"line":92,"column":null}},"type":"cond-expr","locations":[{"start":{"line":92,"column":41},"end":{"line":92,"column":93}},{"start":{"line":92,"column":93},"end":{"line":92,"column":null}}],"line":92},"6":{"loc":{"start":{"line":96,"column":62},"end":{"line":96,"column":85}},"type":"binary-expr","locations":[{"start":{"line":96,"column":62},"end":{"line":96,"column":82}},{"start":{"line":96,"column":82},"end":{"line":96,"column":85}}],"line":96},"7":{"loc":{"start":{"line":103,"column":57},"end":{"line":103,"column":110}},"type":"cond-expr","locations":[{"start":{"line":103,"column":75},"end":{"line":103,"column":94}},{"start":{"line":103,"column":94},"end":{"line":103,"column":110}}],"line":103},"8":{"loc":{"start":{"line":104,"column":23},"end":{"line":104,"column":51}},"type":"cond-expr","locations":[{"start":{"line":104,"column":41},"end":{"line":104,"column":47}},{"start":{"line":104,"column":47},"end":{"line":104,"column":51}}],"line":104},"9":{"loc":{"start":{"line":109,"column":15},"end":{"line":109,"column":null}},"type":"binary-expr","locations":[{"start":{"line":109,"column":15},"end":{"line":109,"column":44}},{"start":{"line":109,"column":44},"end":{"line":109,"column":null}}],"line":109}},"s":{"0":9,"1":9,"2":9,"3":9,"4":9,"5":9,"6":5,"7":3,"8":4,"9":9,"10":5,"11":5,"12":0,"13":9,"14":5,"15":3,"16":9,"17":5,"18":2,"19":9,"20":0,"21":0,"22":5},"f":{"0":9,"1":5,"2":3,"3":4,"4":5,"5":5,"6":3,"7":5,"8":2,"9":0,"10":0,"11":5},"b":{"0":[3,0],"1":[5,0],"2":[0,0],"3":[5,4],"4":[3,2],"5":[3,2],"6":[5,3],"7":[3,2],"8":[3,2],"9":[4,2]},"meta":{"lastBranch":10,"lastFunction":12,"lastStatement":23,"seen":{"f:10:16:10:32":0,"s:11:15:11:Infinity":0,"s:12:22:12:Infinity":1,"s:13:28:13:Infinity":2,"s:14:44:14:Infinity":3,"s:15:34:15:Infinity":4,"s:17:2:21:Infinity":5,"f:17:12:17:18":1,"s:18:4:20:Infinity":6,"f:18:36:18:43":2,"s:19:6:19:Infinity":7,"b:19:14:19:33:19:33:19:35":0,"f:20:36:20:42":3,"s:20:42:20:59":8,"s:23:23:26:Infinity":9,"f:23:35:23:43":4,"b:24:4:24:Infinity:undefined:undefined:undefined:undefined":1,"s:24:4:24:Infinity":10,"s:24:30:24:Infinity":11,"s:25:4:25:Infinity":12,"b:25:37:25:55:25:55:25:Infinity":2,"s:28:22:28:Infinity":13,"f:28:34:28:42":5,"s:28:42:28:57":14,"f:28:66:28:67":6,"s:28:81:28:100":15,"s:29:23:29:Infinity":16,"f:29:44:29:52":7,"s:29:52:29:67":17,"f:29:76:29:77":8,"s:29:91:29:110":18,"s:31:2:138:Infinity":19,"f:38:43:38:49":9,"s:38:49:38:Infinity":20,"f:74:52:74:53":10,"s:74:59:74:Infinity":21,"b:85:12:85:Infinity:87:12:110:Infinity":3,"f:88:32:88:33":11,"s:89:16:107:Infinity":22,"b:91:72:91:88:91:88:91:99":4,"b:92:41:92:93:92:93:92:Infinity":5,"b:96:62:96:82:96:82:96:85":6,"b:103:75:103:94:103:94:103:110":7,"b:104:41:104:47:104:47:104:51":8,"b:109:15:109:44:109:44:109:Infinity":9}}}
,"C:\\Users\\jjl05\\Desktop\\Help-1\\frontend\\src\\app\\pages\\student\\Profile.tsx": {"path":"C:\\Users\\jjl05\\Desktop\\Help-1\\frontend\\src\\app\\pages\\student\\Profile.tsx","statementMap":{"0":{"start":{"line":23,"column":15},"end":{"line":23,"column":null}},"1":{"start":{"line":24,"column":8},"end":{"line":24,"column":null}},"2":{"start":{"line":25,"column":32},"end":{"line":25,"column":null}},"3":{"start":{"line":26,"column":30},"end":{"line":30,"column":null}},"4":{"start":{"line":32,"column":21},"end":{"line":44,"column":null}},"5":{"start":{"line":33,"column":4},"end":{"line":43,"column":null}},"6":{"start":{"line":34,"column":6},"end":{"line":38,"column":null}},"7":{"start":{"line":39,"column":6},"end":{"line":39,"column":null}},"8":{"start":{"line":40,"column":6},"end":{"line":40,"column":null}},"9":{"start":{"line":42,"column":6},"end":{"line":42,"column":null}},"10":{"start":{"line":46,"column":16},"end":{"line":49,"column":null}},"11":{"start":{"line":51,"column":20},"end":{"line":70,"column":null}},"12":{"start":{"line":56,"column":20},"end":{"line":56,"column":null}},"13":{"start":{"line":62,"column":20},"end":{"line":62,"column":null}},"14":{"start":{"line":68,"column":20},"end":{"line":68,"column":null}},"15":{"start":{"line":72,"column":2},"end":{"line":235,"column":null}},"16":{"start":{"line":94,"column":33},"end":{"line":94,"column":null}},"17":{"start":{"line":122,"column":31},"end":{"line":122,"column":null}},"18":{"start":{"line":123,"column":18},"end":{"line":130,"column":null}},"19":{"start":{"line":148,"column":31},"end":{"line":148,"column":null}},"20":{"start":{"line":149,"column":18},"end":{"line":166,"column":null}},"21":{"start":{"line":180,"column":94},"end":{"line":180,"column":123}},"22":{"start":{"line":202,"column":33},"end":{"line":202,"column":null}},"23":{"start":{"line":211,"column":33},"end":{"line":211,"column":null}},"24":{"start":{"line":219,"column":33},"end":{"line":219,"column":null}},"25":{"start":{"line":224,"column":53},"end":{"line":224,"column":null}}},"fnMap":{"0":{"name":"Profile","decl":{"start":{"line":22,"column":16},"end":{"line":22,"column":26}},"loc":{"start":{"line":22,"column":26},"end":{"line":237,"column":null}},"line":22},"1":{"name":"(anonymous_1)","decl":{"start":{"line":32,"column":21},"end":{"line":32,"column":33}},"loc":{"start":{"line":32,"column":33},"end":{"line":44,"column":null}},"line":32},"2":{"name":"(anonymous_2)","decl":{"start":{"line":56,"column":14},"end":{"line":56,"column":20}},"loc":{"start":{"line":56,"column":20},"end":{"line":56,"column":null}},"line":56},"3":{"name":"(anonymous_3)","decl":{"start":{"line":62,"column":14},"end":{"line":62,"column":20}},"loc":{"start":{"line":62,"column":20},"end":{"line":62,"column":null}},"line":62},"4":{"name":"(anonymous_4)","decl":{"start":{"line":68,"column":14},"end":{"line":68,"column":20}},"loc":{"start":{"line":68,"column":20},"end":{"line":68,"column":null}},"line":68},"5":{"name":"(anonymous_5)","decl":{"start":{"line":94,"column":27},"end":{"line":94,"column":33}},"loc":{"start":{"line":94,"column":33},"end":{"line":94,"column":null}},"line":94},"6":{"name":"(anonymous_6)","decl":{"start":{"line":121,"column":27},"end":{"line":121,"column":28}},"loc":{"start":{"line":121,"column":37},"end":{"line":132,"column":17}},"line":121},"7":{"name":"(anonymous_7)","decl":{"start":{"line":147,"column":31},"end":{"line":147,"column":32}},"loc":{"start":{"line":147,"column":41},"end":{"line":168,"column":17}},"line":147},"8":{"name":"(anonymous_8)","decl":{"start":{"line":180,"column":88},"end":{"line":180,"column":94}},"loc":{"start":{"line":180,"column":94},"end":{"line":180,"column":123}},"line":180},"9":{"name":"(anonymous_9)","decl":{"start":{"line":202,"column":26},"end":{"line":202,"column":27}},"loc":{"start":{"line":202,"column":33},"end":{"line":202,"column":null}},"line":202},"10":{"name":"(anonymous_10)","decl":{"start":{"line":211,"column":26},"end":{"line":211,"column":27}},"loc":{"start":{"line":211,"column":33},"end":{"line":211,"column":null}},"line":211},"11":{"name":"(anonymous_11)","decl":{"start":{"line":219,"column":26},"end":{"line":219,"column":27}},"loc":{"start":{"line":219,"column":33},"end":{"line":219,"column":null}},"line":219},"12":{"name":"(anonymous_12)","decl":{"start":{"line":224,"column":47},"end":{"line":224,"column":53}},"loc":{"start":{"line":224,"column":53},"end":{"line":224,"column":null}},"line":224}},"branchMap":{"0":{"loc":{"start":{"line":27,"column":10},"end":{"line":27,"column":null}},"type":"binary-expr","locations":[{"start":{"line":27,"column":10},"end":{"line":27,"column":24}},{"start":{"line":27,"column":24},"end":{"line":27,"column":null}}],"line":27},"1":{"loc":{"start":{"line":28,"column":11},"end":{"line":28,"column":null}},"type":"binary-expr","locations":[{"start":{"line":28,"column":11},"end":{"line":28,"column":26}},{"start":{"line":28,"column":26},"end":{"line":28,"column":null}}],"line":28},"2":{"loc":{"start":{"line":29,"column":11},"end":{"line":29,"column":null}},"type":"binary-expr","locations":[{"start":{"line":29,"column":11},"end":{"line":29,"column":26}},{"start":{"line":29,"column":26},"end":{"line":29,"column":null}}],"line":29},"3":{"loc":{"start":{"line":47,"column":28},"end":{"line":47,"column":47}},"type":"binary-expr","locations":[{"start":{"line":47,"column":28},"end":{"line":47,"column":44}},{"start":{"line":47,"column":44},"end":{"line":47,"column":47}}],"line":47},"4":{"loc":{"start":{"line":48,"column":27},"end":{"line":48,"column":53}},"type":"binary-expr","locations":[{"start":{"line":48,"column":27},"end":{"line":48,"column":48}},{"start":{"line":48,"column":48},"end":{"line":48,"column":53}}],"line":48},"5":{"loc":{"start":{"line":110,"column":25},"end":{"line":110,"column":46}},"type":"binary-expr","locations":[{"start":{"line":110,"column":25},"end":{"line":110,"column":40}},{"start":{"line":110,"column":40},"end":{"line":110,"column":46}}],"line":110}},"s":{"0":11,"1":11,"2":11,"3":11,"4":11,"5":2,"6":2,"7":1,"8":1,"9":1,"10":11,"11":11,"12":0,"13":0,"14":0,"15":11,"16":3,"17":20,"18":20,"19":30,"20":30,"21":0,"22":1,"23":0,"24":0,"25":1},"f":{"0":11,"1":2,"2":0,"3":0,"4":0,"5":3,"6":20,"7":30,"8":0,"9":1,"10":0,"11":0,"12":1},"b":{"0":[11,0],"1":[11,0],"2":[11,0],"3":[11,0],"4":[11,0],"5":[11,0]},"meta":{"lastBranch":6,"lastFunction":13,"lastStatement":26,"seen":{"f:22:16:22:26":0,"s:23:15:23:Infinity":0,"s:24:8:24:Infinity":1,"s:25:32:25:Infinity":2,"s:26:30:30:Infinity":3,"b:27:10:27:24:27:24:27:Infinity":0,"b:28:11:28:26:28:26:28:Infinity":1,"b:29:11:29:26:29:26:29:Infinity":2,"s:32:21:44:Infinity":4,"f:32:21:32:33":1,"s:33:4:43:Infinity":5,"s:34:6:38:Infinity":6,"s:39:6:39:Infinity":7,"s:40:6:40:Infinity":8,"s:42:6:42:Infinity":9,"s:46:16:49:Infinity":10,"b:47:28:47:44:47:44:47:47":3,"b:48:27:48:48:48:48:48:53":4,"s:51:20:70:Infinity":11,"f:56:14:56:20":2,"s:56:20:56:Infinity":12,"f:62:14:62:20":3,"s:62:20:62:Infinity":13,"f:68:14:68:20":4,"s:68:20:68:Infinity":14,"s:72:2:235:Infinity":15,"f:94:27:94:33":5,"s:94:33:94:Infinity":16,"b:110:25:110:40:110:40:110:46":5,"f:121:27:121:28":6,"s:122:31:122:Infinity":17,"s:123:18:130:Infinity":18,"f:147:31:147:32":7,"s:148:31:148:Infinity":19,"s:149:18:166:Infinity":20,"f:180:88:180:94":8,"s:180:94:180:123":21,"f:202:26:202:27":9,"s:202:33:202:Infinity":22,"f:211:26:211:27":10,"s:211:33:211:Infinity":23,"f:219:26:219:27":11,"s:219:33:219:Infinity":24,"f:224:47:224:53":12,"s:224:53:224:Infinity":25}}}
,"C:\\Users\\jjl05\\Desktop\\Help-1\\frontend\\src\\app\\pages\\student\\Settings.tsx": {"path":"C:\\Users\\jjl05\\Desktop\\Help-1\\frontend\\src\\app\\pages\\student\\Settings.tsx","statementMap":{"0":{"start":{"line":12,"column":8},"end":{"line":12,"column":null}},"1":{"start":{"line":13,"column":22},"end":{"line":13,"column":null}},"2":{"start":{"line":14,"column":34},"end":{"line":14,"column":null}},"3":{"start":{"line":16,"column":31},"end":{"line":39,"column":null}},"4":{"start":{"line":17,"column":4},"end":{"line":17,"column":null}},"5":{"start":{"line":18,"column":4},"end":{"line":21,"column":null}},"6":{"start":{"line":19,"column":6},"end":{"line":19,"column":null}},"7":{"start":{"line":20,"column":6},"end":{"line":20,"column":null}},"8":{"start":{"line":22,"column":4},"end":{"line":25,"column":null}},"9":{"start":{"line":23,"column":6},"end":{"line":23,"column":null}},"10":{"start":{"line":24,"column":6},"end":{"line":24,"column":null}},"11":{"start":{"line":26,"column":4},"end":{"line":26,"column":null}},"12":{"start":{"line":27,"column":4},"end":{"line":38,"column":null}},"13":{"start":{"line":28,"column":6},"end":{"line":31,"column":null}},"14":{"start":{"line":32,"column":6},"end":{"line":32,"column":null}},"15":{"start":{"line":33,"column":6},"end":{"line":33,"column":null}},"16":{"start":{"line":35,"column":6},"end":{"line":35,"column":null}},"17":{"start":{"line":37,"column":6},"end":{"line":37,"column":null}},"18":{"start":{"line":41,"column":2},"end":{"line":103,"column":null}},"19":{"start":{"line":43,"column":62},"end":{"line":43,"column":null}},"20":{"start":{"line":70,"column":33},"end":{"line":70,"column":null}},"21":{"start":{"line":81,"column":33},"end":{"line":81,"column":null}},"22":{"start":{"line":93,"column":33},"end":{"line":93,"column":null}}},"fnMap":{"0":{"name":"Settings","decl":{"start":{"line":11,"column":16},"end":{"line":11,"column":27}},"loc":{"start":{"line":11,"column":27},"end":{"line":105,"column":null}},"line":11},"1":{"name":"(anonymous_1)","decl":{"start":{"line":16,"column":31},"end":{"line":16,"column":38}},"loc":{"start":{"line":16,"column":61},"end":{"line":39,"column":null}},"line":16},"2":{"name":"(anonymous_2)","decl":{"start":{"line":43,"column":56},"end":{"line":43,"column":62}},"loc":{"start":{"line":43,"column":62},"end":{"line":43,"column":null}},"line":43},"3":{"name":"(anonymous_3)","decl":{"start":{"line":70,"column":26},"end":{"line":70,"column":27}},"loc":{"start":{"line":70,"column":33},"end":{"line":70,"column":null}},"line":70},"4":{"name":"(anonymous_4)","decl":{"start":{"line":81,"column":26},"end":{"line":81,"column":27}},"loc":{"start":{"line":81,"column":33},"end":{"line":81,"column":null}},"line":81},"5":{"name":"(anonymous_5)","decl":{"start":{"line":93,"column":26},"end":{"line":93,"column":27}},"loc":{"start":{"line":93,"column":33},"end":{"line":93,"column":null}},"line":93}},"branchMap":{"0":{"loc":{"start":{"line":18,"column":4},"end":{"line":21,"column":null}},"type":"if","locations":[{"start":{"line":18,"column":4},"end":{"line":21,"column":null}},{"start":{},"end":{}}],"line":18},"1":{"loc":{"start":{"line":22,"column":4},"end":{"line":25,"column":null}},"type":"if","locations":[{"start":{"line":22,"column":4},"end":{"line":25,"column":null}},{"start":{},"end":{}}],"line":22},"2":{"loc":{"start":{"line":98,"column":15},"end":{"line":98,"column":null}},"type":"cond-expr","locations":[{"start":{"line":98,"column":28},"end":{"line":98,"column":39}},{"start":{"line":98,"column":39},"end":{"line":98,"column":null}}],"line":98}},"s":{"0":33,"1":33,"2":33,"3":33,"4":5,"5":5,"6":1,"7":1,"8":4,"9":1,"10":1,"11":3,"12":3,"13":3,"14":2,"15":2,"16":1,"17":3,"18":33,"19":1,"20":6,"21":6,"22":6},"f":{"0":33,"1":5,"2":1,"3":6,"4":6,"5":6},"b":{"0":[1,4],"1":[1,3],"2":[3,30]},"meta":{"lastBranch":3,"lastFunction":6,"lastStatement":23,"seen":{"f:11:16:11:27":0,"s:12:8:12:Infinity":0,"s:13:22:13:Infinity":1,"s:14:34:14:Infinity":2,"s:16:31:39:Infinity":3,"f:16:31:16:38":1,"s:17:4:17:Infinity":4,"b:18:4:21:Infinity:undefined:undefined:undefined:undefined":0,"s:18:4:21:Infinity":5,"s:19:6:19:Infinity":6,"s:20:6:20:Infinity":7,"b:22:4:25:Infinity:undefined:undefined:undefined:undefined":1,"s:22:4:25:Infinity":8,"s:23:6:23:Infinity":9,"s:24:6:24:Infinity":10,"s:26:4:26:Infinity":11,"s:27:4:38:Infinity":12,"s:28:6:31:Infinity":13,"s:32:6:32:Infinity":14,"s:33:6:33:Infinity":15,"s:35:6:35:Infinity":16,"s:37:6:37:Infinity":17,"s:41:2:103:Infinity":18,"f:43:56:43:62":2,"s:43:62:43:Infinity":19,"f:70:26:70:27":3,"s:70:33:70:Infinity":20,"f:81:26:81:27":4,"s:81:33:81:Infinity":21,"f:93:26:93:27":5,"s:93:33:93:Infinity":22,"b:98:28:98:39:98:39:98:Infinity":2}}}
}
