TN:
SF:src\app\components\TaskCard.tsx
FN:23,TaskCard
FN:27,(anonymous_1)
FN:55,(anonymous_2)
FN:70,(anonymous_3)
FNF:4
FNH:3
FNDA:3,TaskCard
FNDA:0,(anonymous_1)
FNDA:7,(anonymous_2)
FNDA:1,(anonymous_3)
DA:24,3
DA:27,0
DA:56,7
DA:71,1
DA:72,1
LF:5
LH:4
BRDA:37,0,0,3
BRDA:37,0,1,0
BRDA:39,1,0,3
BRDA:39,1,1,0
BRF:4
BRH:2
end_of_record
TN:
SF:src\app\pages\student\Login.tsx
FN:12,StudentLogin
FN:26,(anonymous_1)
FN:37,(anonymous_2)
FN:49,(anonymous_3)
FN:99,(anonymous_4)
FN:114,(anonymous_5)
FN:147,(anonymous_6)
FN:179,(anonymous_7)
FNF:8
FNH:5
FNDA:19,StudentLogin
FNDA:9,(anonymous_1)
FNDA:4,(anonymous_2)
FNDA:0,(anonymous_3)
FNDA:5,(anonymous_4)
FNDA:5,(anonymous_5)
FNDA:0,(anonymous_6)
FNDA:0,(anonymous_7)
DA:13,19
DA:14,19
DA:22,19
DA:23,19
DA:26,19
DA:27,9
DA:28,0
DA:33,19
DA:34,0
DA:37,19
DA:38,4
DA:39,4
DA:40,4
DA:41,2
DA:43,2
DA:45,2
DA:49,19
DA:50,0
DA:51,0
DA:52,0
DA:53,0
DA:56,0
DA:59,19
DA:99,5
DA:114,5
DA:147,0
DA:179,0
LF:27
LH:18
BRDA:27,0,0,0
BRDA:27,0,1,9
BRDA:27,1,0,9
BRDA:27,1,1,0
BRDA:33,2,0,0
BRDA:33,2,1,19
BRDA:33,3,0,19
BRDA:33,3,1,0
BRDA:51,4,0,0
BRDA:51,4,1,0
BRF:10
BRH:4
end_of_record
