TN:
SF:src\app\components\AIPageSummary.tsx
FN:17,AIPageSummary
FN:24,(anonymous_1)
FNF:2
FNH:0
FNDA:0,AIPageSummary
FNDA:0,(anonymous_1)
DA:19,0
DA:20,0
DA:21,0
DA:24,0
DA:25,0
DA:28,0
DA:29,0
DA:30,0
DA:31,0
DA:32,0
DA:34,0
DA:36,0
DA:41,0
LF:13
LH:0
BRDA:28,0,0,0
BRDA:28,0,1,0
BRDA:28,1,0,0
BRDA:28,1,1,0
BRDA:64,2,0,0
BRDA:64,2,1,0
BRDA:71,3,0,0
BRDA:71,3,1,0
BRF:8
BRH:0
end_of_record
TN:
SF:src\app\components\PointsBadge.tsx
FN:9,PointsBadge
FNF:1
FNH:0
FNDA:0,PointsBadge
DA:10,0
LF:1
LH:0
BRDA:9,0,0,0
BRF:1
BRH:0
end_of_record
TN:
SF:src\app\components\TaskCard.tsx
FN:23,TaskCard
FN:27,(anonymous_1)
FN:55,(anonymous_2)
FN:70,(anonymous_3)
FNF:4
FNH:3
FNDA:3,TaskCard
FNDA:0,(anonymous_1)
FNDA:7,(anonymous_2)
FNDA:1,(anonymous_3)
DA:24,3
DA:27,0
DA:56,7
DA:71,1
DA:72,1
LF:5
LH:4
BRDA:37,0,0,3
BRDA:37,0,1,0
BRDA:39,1,0,3
BRDA:39,1,1,0
BRF:4
BRH:2
end_of_record
TN:
SF:src\app\components\TaskStatusBadge.tsx
FN:8,TaskStatusBadge
FN:9,(anonymous_1)
FNF:2
FNH:0
FNDA:0,TaskStatusBadge
FNDA:0,(anonymous_1)
DA:9,0
DA:10,0
DA:12,0
DA:14,0
DA:16,0
DA:18,0
DA:22,0
LF:7
LH:0
BRDA:10,0,0,0
BRDA:10,0,1,0
BRDA:10,0,2,0
BRDA:10,0,3,0
BRF:4
BRH:0
end_of_record
TN:
SF:src\app\components\figma\ImageWithFallback.tsx
FN:6,ImageWithFallback
FN:9,(anonymous_1)
FNF:2
FNH:0
FNDA:0,ImageWithFallback
FNDA:0,(anonymous_1)
DA:4,0
DA:7,0
DA:9,0
DA:10,0
DA:13,0
DA:15,0
LF:6
LH:0
BRDA:15,0,0,0
BRDA:15,0,1,0
BRDA:17,1,0,0
BRDA:17,1,1,0
BRF:4
BRH:0
end_of_record
TN:
SF:src\app\components\ui\accordion.tsx
FN:9,Accordion
FN:15,AccordionItem
FN:28,AccordionTrigger
FN:50,AccordionContent
FNF:4
FNH:0
FNDA:0,Accordion
FNDA:0,AccordionItem
FNDA:0,AccordionTrigger
FNDA:0,AccordionContent
DA:7,0
DA:12,0
DA:19,0
DA:33,0
DA:55,0
LF:5
LH:0
BRF:0
BRH:0
end_of_record
TN:
SF:src\app\components\ui\alert-dialog.tsx
FN:9,AlertDialog
FN:15,AlertDialogTrigger
FN:23,AlertDialogPortal
FN:31,AlertDialogOverlay
FN:47,AlertDialogContent
FN:66,AlertDialogHeader
FN:79,AlertDialogFooter
FN:95,AlertDialogTitle
FN:108,AlertDialogDescription
FN:121,AlertDialogAction
FN:133,AlertDialogCancel
FNF:11
FNH:0
FNDA:0,AlertDialog
FNDA:0,AlertDialogTrigger
FNDA:0,AlertDialogPortal
FNDA:0,AlertDialogOverlay
FNDA:0,AlertDialogContent
FNDA:0,AlertDialogHeader
FNDA:0,AlertDialogFooter
FNDA:0,AlertDialogTitle
FNDA:0,AlertDialogDescription
FNDA:0,AlertDialogAction
FNDA:0,AlertDialogCancel
DA:7,0
DA:12,0
DA:18,0
DA:26,0
DA:35,0
DA:51,0
DA:70,0
DA:83,0
DA:99,0
DA:112,0
DA:125,0
DA:137,0
LF:12
LH:0
BRF:0
BRH:0
end_of_record
TN:
SF:src\app\components\ui\alert.tsx
FN:22,Alert
FN:37,AlertTitle
FN:50,AlertDescription
FNF:3
FNH:0
FNDA:0,Alert
FNDA:0,AlertTitle
FNDA:0,AlertDescription
DA:6,0
DA:27,0
DA:38,0
DA:54,0
LF:4
LH:0
BRF:0
BRH:0
end_of_record
TN:
SF:src\app\components\ui\aspect-ratio.tsx
FN:5,AspectRatio
FNF:1
FNH:0
FNDA:0,AspectRatio
DA:3,0
DA:8,0
LF:2
LH:0
BRF:0
BRH:0
end_of_record
TN:
SF:src\app\components\ui\avatar.tsx
FN:8,Avatar
FN:24,AvatarImage
FN:37,AvatarFallback
FNF:3
FNH:0
FNDA:0,Avatar
FNDA:0,AvatarImage
FNDA:0,AvatarFallback
DA:6,0
DA:12,0
DA:28,0
DA:41,0
LF:4
LH:0
BRF:0
BRH:0
end_of_record
TN:
SF:src\app\components\ui\badge.tsx
FN:28,Badge
FNF:1
FNH:1
FNDA:10,Badge
DA:7,1
DA:35,10
DA:37,10
LF:3
LH:3
BRDA:31,0,0,10
BRDA:35,1,0,0
BRDA:35,1,1,10
BRF:3
BRH:2
end_of_record
TN:
SF:src\app\components\ui\breadcrumb.tsx
FN:7,Breadcrumb
FN:11,BreadcrumbList
FN:24,BreadcrumbItem
FN:34,BreadcrumbLink
FN:52,BreadcrumbPage
FN:65,BreadcrumbSeparator
FN:83,BreadcrumbEllipsis
FNF:7
FNH:0
FNDA:0,Breadcrumb
FNDA:0,BreadcrumbList
FNDA:0,BreadcrumbItem
FNDA:0,BreadcrumbLink
FNDA:0,BreadcrumbPage
FNDA:0,BreadcrumbSeparator
FNDA:0,BreadcrumbEllipsis
DA:8,0
DA:12,0
DA:25,0
DA:41,0
DA:43,0
DA:53,0
DA:70,0
DA:87,0
LF:8
LH:0
BRDA:41,0,0,0
BRDA:41,0,1,0
BRDA:78,1,0,0
BRDA:78,1,1,0
BRF:4
BRH:0
end_of_record
TN:
SF:src\app\components\ui\button.tsx
FN:44,(anonymous_0)
FNF:1
FNH:1
FNDA:60,(anonymous_0)
DA:7,3
DA:43,3
DA:45,60
DA:46,60
DA:55,3
LF:5
LH:5
BRDA:44,0,0,60
BRDA:45,1,0,0
BRDA:45,1,1,60
BRF:3
BRH:2
end_of_record
TN:
SF:src\app\components\ui\calendar.tsx
FN:10,Calendar
FN:63,(anonymous_1)
FN:66,(anonymous_2)
FNF:3
FNH:0
FNDA:0,Calendar
FNDA:0,(anonymous_1)
FNDA:0,(anonymous_2)
DA:8,0
DA:16,0
DA:64,0
DA:67,0
LF:4
LH:0
BRDA:13,0,0,0
BRDA:39,1,0,0
BRDA:39,1,1,0
BRF:3
BRH:0
end_of_record
TN:
SF:src\app\components\ui\card.tsx
FN:5,Card
FN:18,CardHeader
FN:31,CardTitle
FN:41,CardDescription
FN:51,CardAction
FN:64,CardContent
FN:74,CardFooter
FNF:7
FNH:5
FNDA:22,Card
FNDA:19,CardHeader
FNDA:19,CardTitle
FNDA:19,CardDescription
FNDA:0,CardAction
FNDA:22,CardContent
FNDA:0,CardFooter
DA:6,22
DA:19,19
DA:32,19
DA:42,19
DA:52,0
DA:65,22
DA:75,0
LF:7
LH:5
BRF:0
BRH:0
end_of_record
TN:
SF:src\app\components\ui\carousel.tsx
FN:35,useCarousel
FN:45,Carousel
FN:64,(anonymous_2)
FN:70,(anonymous_3)
FN:74,(anonymous_4)
FN:79,(anonymous_5)
FN:91,(anonymous_6)
FN:96,(anonymous_7)
FN:102,(anonymous_8)
FN:135,CarouselContent
FN:156,CarouselItem
FN:174,CarouselPrevious
FN:204,CarouselNext
FNF:13
FNH:0
FNDA:0,useCarousel
FNDA:0,Carousel
FNDA:0,(anonymous_2)
FNDA:0,(anonymous_3)
FNDA:0,(anonymous_4)
FNDA:0,(anonymous_5)
FNDA:0,(anonymous_6)
FNDA:0,(anonymous_7)
FNDA:0,(anonymous_8)
FNDA:0,CarouselContent
FNDA:0,CarouselItem
FNDA:0,CarouselPrevious
FNDA:0,CarouselNext
DA:10,0
DA:33,0
DA:36,0
DA:38,0
DA:39,0
DA:42,0
DA:54,0
DA:61,0
DA:62,0
DA:64,0
DA:65,0
DA:66,0
DA:67,0
DA:70,0
DA:71,0
DA:74,0
DA:75,0
DA:78,0
DA:80,0
DA:81,0
DA:82,0
DA:83,0
DA:84,0
DA:85,0
DA:91,0
DA:92,0
DA:93,0
DA:96,0
DA:97,0
DA:98,0
DA:99,0
DA:100,0
DA:102,0
DA:103,0
DA:107,0
DA:136,0
DA:138,0
DA:157,0
DA:159,0
DA:180,0
DA:182,0
DA:210,0
DA:212,0
LF:43
LH:0
BRDA:38,0,0,0
BRDA:38,0,1,0
BRDA:46,1,0,0
BRDA:57,2,0,0
BRDA:57,2,1,0
BRDA:65,3,0,0
BRDA:65,3,1,0
BRDA:80,4,0,0
BRDA:80,4,1,0
BRDA:83,5,0,0
BRDA:83,5,1,0
BRDA:92,6,0,0
BRDA:92,6,1,0
BRDA:92,7,0,0
BRDA:92,7,1,0
BRDA:97,8,0,0
BRDA:97,8,1,0
BRDA:114,9,0,0
BRDA:114,9,1,0
BRDA:114,10,0,0
BRDA:114,10,1,0
BRDA:147,11,0,0
BRDA:147,11,1,0
BRDA:166,12,0,0
BRDA:166,12,1,0
BRDA:176,13,0,0
BRDA:177,14,0,0
BRDA:189,15,0,0
BRDA:189,15,1,0
BRDA:206,16,0,0
BRDA:207,17,0,0
BRDA:219,18,0,0
BRDA:219,18,1,0
BRF:33
BRH:0
end_of_record
TN:
SF:src\app\components\ui\chart.tsx
FN:27,useChart
FN:37,ChartContainer
FN:72,(anonymous_2)
FN:74,(anonymous_3)
FN:86,(anonymous_4)
FN:89,(anonymous_5)
FN:107,ChartTooltipContent
FN:131,(anonymous_7)
FN:182,(anonymous_8)
FN:253,ChartLegendContent
FN:278,(anonymous_10)
FN:308,getPayloadConfigFromPayload
FNF:12
FNH:0
FNDA:0,useChart
FNDA:0,ChartContainer
FNDA:0,(anonymous_2)
FNDA:0,(anonymous_3)
FNDA:0,(anonymous_4)
FNDA:0,(anonymous_5)
FNDA:0,ChartTooltipContent
FNDA:0,(anonymous_7)
FNDA:0,(anonymous_8)
FNDA:0,ChartLegendContent
FNDA:0,(anonymous_10)
FNDA:0,getPayloadConfigFromPayload
DA:6,0
DA:9,0
DA:25,0
DA:28,0
DA:30,0
DA:31,0
DA:34,0
DA:49,0
DA:50,0
DA:52,0
DA:72,0
DA:73,0
DA:74,0
DA:77,0
DA:78,0
DA:81,0
DA:86,0
DA:91,0
DA:93,0
DA:105,0
DA:129,0
DA:131,0
DA:132,0
DA:133,0
DA:136,0
DA:137,0
DA:138,0
DA:140,0
DA:144,0
DA:145,0
DA:152,0
DA:153,0
DA:156,0
DA:167,0
DA:168,0
DA:171,0
DA:173,0
DA:183,0
DA:184,0
DA:185,0
DA:187,0
DA:251,0
DA:264,0
DA:266,0
DA:267,0
DA:270,0
DA:279,0
DA:280,0
DA:282,0
DA:313,0
DA:314,0
DA:318,0
DA:324,0
DA:326,0
DA:330,0
DA:331,0
DA:336,0
DA:341,0
LF:58
LH:0
BRDA:30,0,0,0
BRDA:30,0,1,0
BRDA:50,1,0,0
BRDA:50,1,1,0
BRDA:74,2,0,0
BRDA:74,2,1,0
BRDA:77,3,0,0
BRDA:77,3,1,0
BRDA:91,4,0,0
BRDA:91,4,1,0
BRDA:93,5,0,0
BRDA:93,5,1,0
BRDA:111,6,0,0
BRDA:112,7,0,0
BRDA:113,8,0,0
BRDA:132,9,0,0
BRDA:132,9,1,0
BRDA:132,10,0,0
BRDA:132,10,1,0
BRDA:137,11,0,0
BRDA:137,11,1,0
BRDA:137,11,2,0
BRDA:137,11,3,0
BRDA:140,12,0,0
BRDA:140,12,1,0
BRDA:140,13,0,0
BRDA:140,13,1,0
BRDA:141,14,0,0
BRDA:141,14,1,0
BRDA:144,15,0,0
BRDA:144,15,1,0
BRDA:152,16,0,0
BRDA:152,16,1,0
BRDA:167,17,0,0
BRDA:167,17,1,0
BRDA:167,18,0,0
BRDA:167,18,1,0
BRDA:171,19,0,0
BRDA:171,19,1,0
BRDA:180,20,0,0
BRDA:180,20,1,0
BRDA:183,21,0,0
BRDA:183,21,1,0
BRDA:183,21,2,0
BRDA:183,21,3,0
BRDA:185,22,0,0
BRDA:185,22,1,0
BRDA:185,22,2,0
BRDA:192,23,0,0
BRDA:192,23,1,0
BRDA:195,24,0,0
BRDA:195,24,1,0
BRDA:195,25,0,0
BRDA:195,25,1,0
BRDA:195,25,2,0
BRDA:199,26,0,0
BRDA:199,26,1,0
BRDA:202,27,0,0
BRDA:202,27,1,0
BRDA:211,28,0,0
BRDA:211,28,1,0
BRDA:226,29,0,0
BRDA:226,29,1,0
BRDA:230,30,0,0
BRDA:230,30,1,0
BRDA:232,31,0,0
BRDA:232,31,1,0
BRDA:235,32,0,0
BRDA:235,32,1,0
BRDA:255,33,0,0
BRDA:257,34,0,0
BRDA:266,35,0,0
BRDA:266,35,1,0
BRDA:274,36,0,0
BRDA:274,36,1,0
BRDA:279,37,0,0
BRDA:279,37,1,0
BRDA:279,37,2,0
BRDA:289,38,0,0
BRDA:289,38,1,0
BRDA:289,39,0,0
BRDA:289,39,1,0
BRDA:313,40,0,0
BRDA:313,40,1,0
BRDA:313,41,0,0
BRDA:313,41,1,0
BRDA:318,42,0,0
BRDA:318,42,1,0
BRDA:318,43,0,0
BRDA:318,43,1,0
BRDA:318,43,2,0
BRDA:326,44,0,0
BRDA:326,44,1,0
BRDA:327,45,0,0
BRDA:327,45,1,0
BRDA:331,46,0,0
BRDA:331,46,1,0
BRDA:332,47,0,0
BRDA:332,47,1,0
BRDA:332,47,2,0
BRDA:341,48,0,0
BRDA:341,48,1,0
BRF:102
BRH:0
end_of_record
TN:
SF:src\app\components\ui\checkbox.tsx
FN:9,Checkbox
FNF:1
FNH:0
FNDA:0,Checkbox
DA:7,2
DA:13,0
LF:2
LH:1
BRF:0
BRH:0
end_of_record
TN:
SF:src\app\components\ui\collapsible.tsx
FN:5,Collapsible
FN:11,CollapsibleTrigger
FN:22,CollapsibleContent
FNF:3
FNH:0
FNDA:0,Collapsible
FNDA:0,CollapsibleTrigger
FNDA:0,CollapsibleContent
DA:3,0
DA:8,0
DA:14,0
DA:25,0
LF:4
LH:0
BRF:0
BRH:0
end_of_record
TN:
SF:src\app\components\ui\command.tsx
FN:16,Command
FN:32,CommandDialog
FN:56,CommandInput
FN:78,CommandList
FN:94,CommandEmpty
FN:106,CommandGroup
FN:122,CommandSeparator
FN:135,CommandItem
FN:151,CommandShortcut
FNF:9
FNH:0
FNDA:0,Command
FNDA:0,CommandDialog
FNDA:0,CommandInput
FNDA:0,CommandList
FNDA:0,CommandEmpty
FNDA:0,CommandGroup
FNDA:0,CommandSeparator
FNDA:0,CommandItem
FNDA:0,CommandShortcut
DA:8,0
DA:20,0
DA:41,0
DA:60,0
DA:82,0
DA:97,0
DA:110,0
DA:126,0
DA:139,0
DA:155,0
LF:10
LH:0
BRDA:33,0,0,0
BRDA:34,1,0,0
BRF:2
BRH:0
end_of_record
TN:
SF:src\app\components\ui\context-menu.tsx
FN:9,ContextMenu
FN:15,ContextMenuTrigger
FN:23,ContextMenuGroup
FN:31,ContextMenuPortal
FN:39,ContextMenuSub
FN:45,ContextMenuRadioGroup
FN:56,ContextMenuSubTrigger
FN:80,ContextMenuSubContent
FN:96,ContextMenuContent
FN:114,ContextMenuItem
FN:137,ContextMenuCheckboxItem
FN:163,ContextMenuRadioItem
FN:187,ContextMenuLabel
FN:207,ContextMenuSeparator
FN:220,ContextMenuShortcut
FNF:15
FNH:0
FNDA:0,ContextMenu
FNDA:0,ContextMenuTrigger
FNDA:0,ContextMenuGroup
FNDA:0,ContextMenuPortal
FNDA:0,ContextMenuSub
FNDA:0,ContextMenuRadioGroup
FNDA:0,ContextMenuSubTrigger
FNDA:0,ContextMenuSubContent
FNDA:0,ContextMenuContent
FNDA:0,ContextMenuItem
FNDA:0,ContextMenuCheckboxItem
FNDA:0,ContextMenuRadioItem
FNDA:0,ContextMenuLabel
FNDA:0,ContextMenuSeparator
FNDA:0,ContextMenuShortcut
DA:7,0
DA:12,0
DA:18,0
DA:26,0
DA:34,0
DA:42,0
DA:48,0
DA:64,0
DA:84,0
DA:100,0
DA:123,0
DA:143,0
DA:168,0
DA:194,0
DA:211,0
DA:224,0
LF:16
LH:0
BRDA:117,0,0,0
BRF:1
BRH:0
end_of_record
TN:
SF:src\app\components\ui\dialog.tsx
FN:9,Dialog
FN:15,DialogTrigger
FN:21,DialogPortal
FN:27,DialogClose
FN:33,DialogOverlay
FN:49,DialogContent
FN:75,DialogHeader
FN:85,DialogFooter
FN:98,DialogTitle
FN:111,DialogDescription
FNF:10
FNH:0
FNDA:0,Dialog
FNDA:0,DialogTrigger
FNDA:0,DialogPortal
FNDA:0,DialogClose
FNDA:0,DialogOverlay
FNDA:0,DialogContent
FNDA:0,DialogHeader
FNDA:0,DialogFooter
FNDA:0,DialogTitle
FNDA:0,DialogDescription
DA:7,0
DA:12,0
DA:18,0
DA:24,0
DA:30,0
DA:37,0
DA:54,0
DA:76,0
DA:86,0
DA:102,0
DA:115,0
LF:11
LH:0
BRF:0
BRH:0
end_of_record
TN:
SF:src\app\components\ui\drawer.tsx
FN:8,Drawer
FN:14,DrawerTrigger
FN:20,DrawerPortal
FN:26,DrawerClose
FN:32,DrawerOverlay
FN:48,DrawerContent
FN:75,DrawerHeader
FN:85,DrawerFooter
FN:95,DrawerTitle
FN:108,DrawerDescription
FNF:10
FNH:0
FNDA:0,Drawer
FNDA:0,DrawerTrigger
FNDA:0,DrawerPortal
FNDA:0,DrawerClose
FNDA:0,DrawerOverlay
FNDA:0,DrawerContent
FNDA:0,DrawerHeader
FNDA:0,DrawerFooter
FNDA:0,DrawerTitle
FNDA:0,DrawerDescription
DA:6,0
DA:11,0
DA:17,0
DA:23,0
DA:29,0
DA:36,0
DA:53,0
DA:76,0
DA:86,0
DA:99,0
DA:112,0
LF:11
LH:0
BRF:0
BRH:0
end_of_record
TN:
SF:src\app\components\ui\dropdown-menu.tsx
FN:9,DropdownMenu
FN:15,DropdownMenuPortal
FN:23,DropdownMenuTrigger
FN:34,DropdownMenuContent
FN:54,DropdownMenuGroup
FN:62,DropdownMenuItem
FN:85,DropdownMenuCheckboxItem
FN:111,DropdownMenuRadioGroup
FN:122,DropdownMenuRadioItem
FN:146,DropdownMenuLabel
FN:166,DropdownMenuSeparator
FN:179,DropdownMenuShortcut
FN:195,DropdownMenuSub
FN:201,DropdownMenuSubTrigger
FN:225,DropdownMenuSubContent
FNF:15
FNH:0
FNDA:0,DropdownMenu
FNDA:0,DropdownMenuPortal
FNDA:0,DropdownMenuTrigger
FNDA:0,DropdownMenuContent
FNDA:0,DropdownMenuGroup
FNDA:0,DropdownMenuItem
FNDA:0,DropdownMenuCheckboxItem
FNDA:0,DropdownMenuRadioGroup
FNDA:0,DropdownMenuRadioItem
FNDA:0,DropdownMenuLabel
FNDA:0,DropdownMenuSeparator
FNDA:0,DropdownMenuShortcut
FNDA:0,DropdownMenuSub
FNDA:0,DropdownMenuSubTrigger
FNDA:0,DropdownMenuSubContent
DA:7,0
DA:12,0
DA:18,0
DA:26,0
DA:39,0
DA:57,0
DA:71,0
DA:91,0
DA:114,0
DA:127,0
DA:153,0
DA:170,0
DA:183,0
DA:198,0
DA:209,0
DA:229,0
LF:16
LH:0
BRDA:36,0,0,0
BRDA:65,1,0,0
BRF:2
BRH:0
end_of_record
TN:
SF:src\app\components\ui\form.tsx
FN:32,(anonymous_0)
FN:45,(anonymous_1)
FN:76,FormItem
FN:90,FormLabel
FN:107,FormControl
FN:126,FormDescription
FN:139,FormMessage
FNF:7
FNH:0
FNDA:0,(anonymous_0)
FNDA:0,(anonymous_1)
FNDA:0,FormItem
FNDA:0,FormLabel
FNDA:0,FormControl
FNDA:0,FormDescription
FNDA:0,FormMessage
DA:17,0
DA:19,0
DA:28,0
DA:32,0
DA:38,0
DA:45,0
DA:46,0
DA:47,0
DA:48,0
DA:49,0
DA:50,0
DA:52,0
DA:53,0
DA:56,0
DA:58,0
DA:72,0
DA:77,0
DA:79,0
DA:94,0
DA:96,0
DA:109,0
DA:111,0
DA:127,0
DA:129,0
DA:140,0
DA:141,0
DA:143,0
DA:144,0
DA:147,0
LF:29
LH:0
BRDA:52,0,0,0
BRDA:52,0,1,0
BRDA:116,1,0,0
BRDA:116,1,1,0
BRDA:141,2,0,0
BRDA:141,2,1,0
BRDA:141,3,0,0
BRDA:141,3,1,0
BRDA:143,4,0,0
BRDA:143,4,1,0
BRF:10
BRH:0
end_of_record
TN:
SF:src\app\components\ui\hover-card.tsx
FN:8,HoverCard
FN:14,HoverCardTrigger
FN:22,HoverCardContent
FNF:3
FNH:0
FNDA:0,HoverCard
FNDA:0,HoverCardTrigger
FNDA:0,HoverCardContent
DA:6,0
DA:11,0
DA:17,0
DA:28,0
LF:4
LH:0
BRDA:24,0,0,0
BRDA:25,1,0,0
BRF:2
BRH:0
end_of_record
TN:
SF:src\app\components\ui\input-otp.tsx
FN:9,InputOTP
FN:29,InputOTPGroup
FN:39,InputOTPSlot
FN:69,InputOTPSeparator
FNF:4
FNH:0
FNDA:0,InputOTP
FNDA:0,InputOTPGroup
FNDA:0,InputOTPSlot
FNDA:0,InputOTPSeparator
DA:7,0
DA:16,0
DA:30,0
DA:46,0
DA:47,0
DA:49,0
DA:70,0
LF:7
LH:0
BRDA:47,0,0,0
BRDA:47,0,1,0
BRDA:60,1,0,0
BRDA:60,1,1,0
BRF:4
BRH:0
end_of_record
TN:
SF:src\app\components\ui\input.tsx
FN:5,Input
FNF:1
FNH:1
FNDA:38,Input
DA:6,38
LF:1
LH:1
BRF:0
BRH:0
end_of_record
TN:
SF:src\app\components\ui\label.tsx
FN:8,Label
FNF:1
FNH:1
FNDA:38,Label
DA:6,2
DA:12,38
LF:2
LH:2
BRF:0
BRH:0
end_of_record
TN:
SF:src\app\components\ui\menubar.tsx
FN:9,Menubar
FN:25,MenubarMenu
FN:31,MenubarGroup
FN:37,MenubarPortal
FN:43,MenubarRadioGroup
FN:51,MenubarTrigger
FN:67,MenubarContent
FN:91,MenubarItem
FN:114,MenubarCheckboxItem
FN:140,MenubarRadioItem
FN:164,MenubarLabel
FN:184,MenubarSeparator
FN:197,MenubarShortcut
FN:213,MenubarSub
FN:219,MenubarSubTrigger
FN:243,MenubarSubContent
FNF:16
FNH:0
FNDA:0,Menubar
FNDA:0,MenubarMenu
FNDA:0,MenubarGroup
FNDA:0,MenubarPortal
FNDA:0,MenubarRadioGroup
FNDA:0,MenubarTrigger
FNDA:0,MenubarContent
FNDA:0,MenubarItem
FNDA:0,MenubarCheckboxItem
FNDA:0,MenubarRadioItem
FNDA:0,MenubarLabel
FNDA:0,MenubarSeparator
FNDA:0,MenubarShortcut
FNDA:0,MenubarSub
FNDA:0,MenubarSubTrigger
FNDA:0,MenubarSubContent
DA:7,0
DA:13,0
DA:28,0
DA:34,0
DA:40,0
DA:46,0
DA:55,0
DA:74,0
DA:100,0
DA:120,0
DA:145,0
DA:171,0
DA:188,0
DA:201,0
DA:216,0
DA:227,0
DA:247,0
LF:17
LH:0
BRDA:69,0,0,0
BRDA:70,1,0,0
BRDA:71,2,0,0
BRDA:94,3,0,0
BRF:4
BRH:0
end_of_record
TN:
SF:src\app\components\ui\navigation-menu.tsx
FN:8,NavigationMenu
FN:32,NavigationMenuList
FN:48,NavigationMenuItem
FN:65,NavigationMenuTrigger
FN:85,NavigationMenuContent
FN:102,NavigationMenuViewport
FN:124,NavigationMenuLink
FN:140,NavigationMenuIndicator
FNF:8
FNH:0
FNDA:0,NavigationMenu
FNDA:0,NavigationMenuList
FNDA:0,NavigationMenuItem
FNDA:0,NavigationMenuTrigger
FNDA:0,NavigationMenuContent
FNDA:0,NavigationMenuViewport
FNDA:0,NavigationMenuLink
FNDA:0,NavigationMenuIndicator
DA:16,0
DA:36,0
DA:52,0
DA:61,0
DA:70,0
DA:89,0
DA:106,0
DA:128,0
DA:144,0
LF:9
LH:0
BRDA:11,0,0,0
BRDA:27,1,0,0
BRDA:27,1,1,0
BRF:3
BRH:0
end_of_record
TN:
SF:src\app\components\ui\pagination.tsx
FN:11,Pagination
FN:23,PaginationContent
FN:36,PaginationItem
FN:45,PaginationLink
FN:68,PaginationPrevious
FN:85,PaginationNext
FN:102,PaginationEllipsis
FNF:7
FNH:0
FNDA:0,Pagination
FNDA:0,PaginationContent
FNDA:0,PaginationItem
FNDA:0,PaginationLink
FNDA:0,PaginationPrevious
FNDA:0,PaginationNext
FNDA:0,PaginationEllipsis
DA:12,0
DA:27,0
DA:37,0
DA:51,0
DA:72,0
DA:89,0
DA:106,0
LF:7
LH:0
BRDA:48,0,0,0
BRDA:53,1,0,0
BRDA:53,1,1,0
BRDA:58,2,0,0
BRDA:58,2,1,0
BRF:5
BRH:0
end_of_record
TN:
SF:src\app\components\ui\popover.tsx
FN:8,Popover
FN:14,PopoverTrigger
FN:20,PopoverContent
FN:42,PopoverAnchor
FNF:4
FNH:0
FNDA:0,Popover
FNDA:0,PopoverTrigger
FNDA:0,PopoverContent
FNDA:0,PopoverAnchor
DA:6,0
DA:11,0
DA:17,0
DA:26,0
DA:45,0
LF:5
LH:0
BRDA:22,0,0,0
BRDA:23,1,0,0
BRF:2
BRH:0
end_of_record
TN:
SF:src\app\components\ui\progress.tsx
FN:8,Progress
FNF:1
FNH:0
FNDA:0,Progress
DA:6,0
DA:13,0
LF:2
LH:0
BRDA:25,0,0,0
BRDA:25,0,1,0
BRF:2
BRH:0
end_of_record
TN:
SF:src\app\components\ui\radio-group.tsx
FN:9,RadioGroup
FN:22,RadioGroupItem
FNF:2
FNH:0
FNDA:0,RadioGroup
FNDA:0,RadioGroupItem
DA:7,0
DA:13,0
DA:26,0
LF:3
LH:0
BRF:0
BRH:0
end_of_record
TN:
SF:src\app\components\ui\resizable.tsx
FN:9,ResizablePanelGroup
FN:25,ResizablePanel
FN:31,ResizableHandle
FNF:3
FNH:0
FNDA:0,ResizablePanelGroup
FNDA:0,ResizablePanel
FNDA:0,ResizableHandle
DA:7,0
DA:13,0
DA:28,0
DA:38,0
LF:4
LH:0
BRDA:47,0,0,0
BRDA:47,0,1,0
BRF:2
BRH:0
end_of_record
TN:
SF:src\app\components\ui\scroll-area.tsx
FN:8,ScrollArea
FN:31,ScrollBar
FNF:2
FNH:0
FNDA:0,ScrollArea
FNDA:0,ScrollBar
DA:6,0
DA:13,0
DA:36,0
LF:3
LH:0
BRDA:33,0,0,0
BRDA:42,1,0,0
BRDA:42,1,1,0
BRDA:44,2,0,0
BRDA:44,2,1,0
BRF:5
BRH:0
end_of_record
TN:
SF:src\app\components\ui\select.tsx
FN:13,Select
FN:19,SelectGroup
FN:25,SelectValue
FN:31,SelectTrigger
FN:57,SelectContent
FN:92,SelectLabel
FN:105,SelectItem
FN:129,SelectSeparator
FN:142,SelectScrollUpButton
FN:160,SelectScrollDownButton
FNF:10
FNH:0
FNDA:0,Select
FNDA:0,SelectGroup
FNDA:0,SelectValue
FNDA:0,SelectTrigger
FNDA:0,SelectContent
FNDA:0,SelectLabel
FNDA:0,SelectItem
FNDA:0,SelectSeparator
FNDA:0,SelectScrollUpButton
FNDA:0,SelectScrollDownButton
DA:11,0
DA:16,0
DA:22,0
DA:28,0
DA:39,0
DA:63,0
DA:96,0
DA:110,0
DA:133,0
DA:146,0
DA:164,0
LF:11
LH:0
BRDA:33,0,0,0
BRDA:60,1,0,0
BRDA:69,2,0,0
BRDA:69,2,1,0
BRDA:80,3,0,0
BRDA:80,3,1,0
BRF:6
BRH:0
end_of_record
TN:
SF:src\app\components\ui\separator.tsx
FN:8,Separator
FNF:1
FNH:0
FNDA:0,Separator
DA:6,0
DA:14,0
LF:2
LH:0
BRDA:10,0,0,0
BRDA:11,1,0,0
BRF:2
BRH:0
end_of_record
TN:
SF:src\app\components\ui\sheet.tsx
FN:9,Sheet
FN:13,SheetTrigger
FN:19,SheetClose
FN:25,SheetPortal
FN:31,SheetOverlay
FN:47,SheetContent
FN:84,SheetHeader
FN:94,SheetFooter
FN:104,SheetTitle
FN:117,SheetDescription
FNF:10
FNH:0
FNDA:0,Sheet
FNDA:0,SheetTrigger
FNDA:0,SheetClose
FNDA:0,SheetPortal
FNDA:0,SheetOverlay
FNDA:0,SheetContent
FNDA:0,SheetHeader
FNDA:0,SheetFooter
FNDA:0,SheetTitle
FNDA:0,SheetDescription
DA:7,0
DA:10,0
DA:16,0
DA:22,0
DA:28,0
DA:35,0
DA:55,0
DA:85,0
DA:95,0
DA:108,0
DA:121,0
LF:11
LH:0
BRDA:50,0,0,0
BRDA:62,1,0,0
BRDA:62,1,1,0
BRDA:64,2,0,0
BRDA:64,2,1,0
BRDA:66,3,0,0
BRDA:66,3,1,0
BRDA:68,4,0,0
BRDA:68,4,1,0
BRF:9
BRH:0
end_of_record
TN:
SF:src\app\components\ui\sidebar.tsx
FN:47,useSidebar
FN:56,SidebarProvider
FN:77,(anonymous_2)
FN:92,(anonymous_3)
FN:93,(anonymous_4)
FN:93,(anonymous_5)
FN:97,(anonymous_6)
FN:98,(anonymous_7)
FN:109,(anonymous_8)
FN:117,(anonymous_9)
FN:154,Sidebar
FN:256,SidebarTrigger
FN:270,(anonymous_12)
FN:282,SidebarRail
FN:307,SidebarInset
FN:321,SidebarInput
FN:335,SidebarHeader
FN:346,SidebarFooter
FN:357,SidebarSeparator
FN:371,SidebarContent
FN:385,SidebarGroup
FN:396,SidebarGroupLabel
FN:417,SidebarGroupAction
FN:440,SidebarGroupContent
FN:454,SidebarMenu
FN:465,SidebarMenuItem
FN:498,SidebarMenuButton
FN:548,SidebarMenuAction
FN:580,SidebarMenuBadge
FN:602,SidebarMenuSkeleton
FN:610,(anonymous_30)
FN:640,SidebarMenuSub
FN:655,SidebarMenuSubItem
FN:669,SidebarMenuSubButton
FNF:34
FNH:0
FNDA:0,useSidebar
FNDA:0,SidebarProvider
FNDA:0,(anonymous_2)
FNDA:0,(anonymous_3)
FNDA:0,(anonymous_4)
FNDA:0,(anonymous_5)
FNDA:0,(anonymous_6)
FNDA:0,(anonymous_7)
FNDA:0,(anonymous_8)
FNDA:0,(anonymous_9)
FNDA:0,Sidebar
FNDA:0,SidebarTrigger
FNDA:0,(anonymous_12)
FNDA:0,SidebarRail
FNDA:0,SidebarInset
FNDA:0,SidebarInput
FNDA:0,SidebarHeader
FNDA:0,SidebarFooter
FNDA:0,SidebarSeparator
FNDA:0,SidebarContent
FNDA:0,SidebarGroup
FNDA:0,SidebarGroupLabel
FNDA:0,SidebarGroupAction
FNDA:0,SidebarGroupContent
FNDA:0,SidebarMenu
FNDA:0,SidebarMenuItem
FNDA:0,SidebarMenuButton
FNDA:0,SidebarMenuAction
FNDA:0,SidebarMenuBadge
FNDA:0,SidebarMenuSkeleton
FNDA:0,(anonymous_30)
FNDA:0,SidebarMenuSub
FNDA:0,SidebarMenuSubItem
FNDA:0,SidebarMenuSubButton
DA:21,0
DA:28,0
DA:29,0
DA:30,0
DA:31,0
DA:32,0
DA:33,0
DA:45,0
DA:48,0
DA:49,0
DA:50,0
DA:53,0
DA:69,0
DA:70,0
DA:74,0
DA:75,0
DA:76,0
DA:78,0
DA:79,0
DA:80,0
DA:82,0
DA:86,0
DA:92,0
DA:93,0
DA:97,0
DA:98,0
DA:99,0
DA:103,0
DA:104,0
DA:108,0
DA:109,0
DA:114,0
DA:116,0
DA:117,0
DA:129,0
DA:166,0
DA:168,0
DA:169,0
DA:183,0
DA:184,0
DA:208,0
DA:261,0
DA:263,0
DA:271,0
DA:272,0
DA:283,0
DA:285,0
DA:308,0
DA:325,0
DA:336,0
DA:347,0
DA:361,0
DA:372,0
DA:386,0
DA:401,0
DA:403,0
DA:422,0
DA:424,0
DA:444,0
DA:455,0
DA:466,0
DA:476,0
DA:511,0
DA:512,0
DA:515,0
DA:525,0
DA:526,0
DA:529,0
DA:530,0
DA:535,0
DA:557,0
DA:559,0
DA:584,0
DA:610,0
DA:611,0
DA:614,0
DA:641,0
DA:659,0
DA:680,0
DA:682,0
LF:80
LH:0
BRDA:49,0,0,0
BRDA:49,0,1,0
BRDA:57,1,0,0
BRDA:75,2,0,0
BRDA:75,2,1,0
BRDA:78,3,0,0
BRDA:78,3,1,0
BRDA:79,4,0,0
BRDA:79,4,1,0
BRDA:93,5,0,0
BRDA:93,5,1,0
BRDA:99,6,0,0
BRDA:99,6,1,0
BRDA:100,7,0,0
BRDA:100,7,1,0
BRDA:100,7,2,0
BRDA:114,8,0,0
BRDA:114,8,1,0
BRDA:155,9,0,0
BRDA:156,10,0,0
BRDA:157,11,0,0
BRDA:168,12,0,0
BRDA:168,12,1,0
BRDA:183,13,0,0
BRDA:183,13,1,0
BRDA:212,14,0,0
BRDA:212,14,1,0
BRDA:224,15,0,0
BRDA:224,15,1,0
BRDA:224,16,0,0
BRDA:224,16,1,0
BRDA:233,17,0,0
BRDA:233,17,1,0
BRDA:237,18,0,0
BRDA:237,18,1,0
BRDA:237,19,0,0
BRDA:237,19,1,0
BRDA:398,20,0,0
BRDA:401,21,0,0
BRDA:401,21,1,0
BRDA:419,22,0,0
BRDA:422,23,0,0
BRDA:422,23,1,0
BRDA:499,24,0,0
BRDA:500,25,0,0
BRDA:501,26,0,0
BRDA:502,27,0,0
BRDA:511,28,0,0
BRDA:511,28,1,0
BRDA:525,29,0,0
BRDA:525,29,1,0
BRDA:529,30,0,0
BRDA:529,30,1,0
BRDA:541,31,0,0
BRDA:541,31,1,0
BRDA:550,32,0,0
BRDA:551,33,0,0
BRDA:557,34,0,0
BRDA:557,34,1,0
BRDA:571,35,0,0
BRDA:571,35,1,0
BRDA:604,36,0,0
BRDA:621,37,0,0
BRDA:621,37,1,0
BRDA:670,38,0,0
BRDA:671,39,0,0
BRDA:672,40,0,0
BRDA:680,41,0,0
BRDA:680,41,1,0
BRDA:691,42,0,0
BRDA:691,42,1,0
BRDA:692,43,0,0
BRDA:692,43,1,0
BRF:73
BRH:0
end_of_record
TN:
SF:src\app\components\ui\skeleton.tsx
FN:3,Skeleton
FNF:1
FNH:0
FNDA:0,Skeleton
DA:4,0
LF:1
LH:0
BRF:0
BRH:0
end_of_record
TN:
SF:src\app\components\ui\slider.tsx
FN:8,Slider
FN:17,(anonymous_1)
FN:52,(anonymous_2)
FNF:3
FNH:0
FNDA:0,Slider
FNDA:0,(anonymous_1)
FNDA:0,(anonymous_2)
DA:6,0
DA:16,0
DA:18,0
DA:26,0
DA:53,0
LF:5
LH:0
BRDA:12,0,0,0
BRDA:13,1,0,0
BRDA:18,2,0,0
BRDA:18,2,1,0
BRDA:20,3,0,0
BRDA:20,3,1,0
BRF:6
BRH:0
end_of_record
TN:
SF:src\app\components\ui\sonner.tsx
FN:6,(anonymous_0)
FNF:1
FNH:0
FNDA:0,(anonymous_0)
DA:4,0
DA:6,0
DA:7,0
DA:9,0
LF:4
LH:0
BRDA:7,0,0,0
BRF:1
BRH:0
end_of_record
TN:
SF:src\app\components\ui\switch.tsx
FN:8,Switch
FNF:1
FNH:0
FNDA:0,Switch
DA:6,0
DA:12,0
LF:2
LH:0
BRF:0
BRH:0
end_of_record
TN:
SF:src\app\components\ui\table.tsx
FN:7,Table
FN:22,TableHeader
FN:32,TableBody
FN:42,TableFooter
FN:55,TableRow
FN:68,TableHead
FN:81,TableCell
FN:94,TableCaption
FNF:8
FNH:0
FNDA:0,Table
FNDA:0,TableHeader
FNDA:0,TableBody
FNDA:0,TableFooter
FNDA:0,TableRow
FNDA:0,TableHead
FNDA:0,TableCell
FNDA:0,TableCaption
DA:5,0
DA:8,0
DA:23,0
DA:33,0
DA:43,0
DA:56,0
DA:69,0
DA:82,0
DA:98,0
LF:9
LH:0
BRF:0
BRH:0
end_of_record
TN:
SF:src\app\components\ui\tabs.tsx
FN:8,Tabs
FN:21,TabsList
FN:37,TabsTrigger
FN:53,TabsContent
FNF:4
FNH:4
FNDA:19,Tabs
FNDA:19,TabsList
FNDA:38,TabsTrigger
FNDA:38,TabsContent
DA:6,2
DA:12,19
DA:25,19
DA:41,38
DA:57,38
LF:5
LH:5
BRF:0
BRH:0
end_of_record
TN:
SF:src\app\components\ui\textarea.tsx
FN:5,Textarea
FNF:1
FNH:0
FNDA:0,Textarea
DA:6,0
LF:1
LH:0
BRF:0
BRH:0
end_of_record
TN:
SF:src\app\components\ui\toggle-group.tsx
FN:17,ToggleGroup
FN:43,ToggleGroupItem
FNF:2
FNH:0
FNDA:0,ToggleGroup
FNDA:0,ToggleGroupItem
DA:8,0
DA:10,0
DA:25,0
DA:51,0
DA:53,0
LF:5
LH:0
BRDA:56,0,0,0
BRDA:56,0,1,0
BRDA:57,1,0,0
BRDA:57,1,1,0
BRDA:60,2,0,0
BRDA:60,2,1,0
BRDA:61,3,0,0
BRDA:61,3,1,0
BRF:8
BRH:0
end_of_record
TN:
SF:src\app\components\ui\toggle.tsx
FN:31,Toggle
FNF:1
FNH:0
FNDA:0,Toggle
DA:7,0
DA:9,0
DA:38,0
LF:3
LH:0
BRF:0
BRH:0
end_of_record
TN:
SF:src\app\components\ui\tooltip.tsx
FN:8,TooltipProvider
FN:21,Tooltip
FN:31,TooltipTrigger
FN:37,TooltipContent
FNF:4
FNH:0
FNDA:0,TooltipProvider
FNDA:0,Tooltip
FNDA:0,TooltipTrigger
FNDA:0,TooltipContent
DA:6,0
DA:12,0
DA:24,0
DA:34,0
DA:43,0
LF:5
LH:0
BRDA:9,0,0,0
BRDA:39,1,0,0
BRF:2
BRH:0
end_of_record
TN:
SF:src\app\components\ui\use-mobile.ts
FN:5,useIsMobile
FN:10,(anonymous_1)
FN:12,(anonymous_2)
FN:17,(anonymous_3)
FNF:4
FNH:0
FNDA:0,useIsMobile
FNDA:0,(anonymous_1)
FNDA:0,(anonymous_2)
FNDA:0,(anonymous_3)
DA:3,0
DA:6,0
DA:10,0
DA:11,0
DA:12,0
DA:13,0
DA:15,0
DA:16,0
DA:17,0
DA:20,0
LF:10
LH:0
BRF:0
BRH:0
end_of_record
TN:
SF:src\app\components\ui\utils.ts
FN:4,cn
FNF:1
FNH:1
FNDA:361,cn
DA:5,361
LF:1
LH:1
BRF:0
BRH:0
end_of_record
TN:
SF:src\app\pages\admin\ActivityManagement.tsx
FN:60,ActivityManagement
FN:74,(anonymous_1)
FN:85,(anonymous_2)
FN:94,(anonymous_3)
FN:101,(anonymous_4)
FN:113,(anonymous_5)
FN:114,(anonymous_6)
FN:114,(anonymous_7)
FN:123,(anonymous_8)
FN:128,(anonymous_9)
FN:129,(anonymous_10)
FN:129,(anonymous_11)
FN:155,(anonymous_12)
FN:170,(anonymous_13)
FN:185,(anonymous_14)
FN:215,(anonymous_15)
FN:256,(anonymous_16)
FN:264,(anonymous_17)
FN:293,(anonymous_18)
FN:303,(anonymous_19)
FN:315,(anonymous_20)
FN:324,(anonymous_21)
FN:336,(anonymous_22)
FN:342,(anonymous_23)
FN:371,(anonymous_24)
FN:380,(anonymous_25)
FN:392,(anonymous_26)
FN:401,(anonymous_27)
FN:412,(anonymous_28)
FN:418,(anonymous_29)
FN:451,(anonymous_30)
FNF:31
FNH:0
FNDA:0,ActivityManagement
FNDA:0,(anonymous_1)
FNDA:0,(anonymous_2)
FNDA:0,(anonymous_3)
FNDA:0,(anonymous_4)
FNDA:0,(anonymous_5)
FNDA:0,(anonymous_6)
FNDA:0,(anonymous_7)
FNDA:0,(anonymous_8)
FNDA:0,(anonymous_9)
FNDA:0,(anonymous_10)
FNDA:0,(anonymous_11)
FNDA:0,(anonymous_12)
FNDA:0,(anonymous_13)
FNDA:0,(anonymous_14)
FNDA:0,(anonymous_15)
FNDA:0,(anonymous_16)
FNDA:0,(anonymous_17)
FNDA:0,(anonymous_18)
FNDA:0,(anonymous_19)
FNDA:0,(anonymous_20)
FNDA:0,(anonymous_21)
FNDA:0,(anonymous_22)
FNDA:0,(anonymous_23)
FNDA:0,(anonymous_24)
FNDA:0,(anonymous_25)
FNDA:0,(anonymous_26)
FNDA:0,(anonymous_27)
FNDA:0,(anonymous_28)
FNDA:0,(anonymous_29)
FNDA:0,(anonymous_30)
DA:27,0
DA:61,0
DA:62,0
DA:63,0
DA:64,0
DA:65,0
DA:66,0
DA:74,0
DA:75,0
DA:82,0
DA:85,0
DA:86,0
DA:94,0
DA:95,0
DA:98,0
DA:101,0
DA:102,0
DA:103,0
DA:110,0
DA:113,0
DA:114,0
DA:115,0
DA:119,0
DA:120,0
DA:123,0
DA:124,0
DA:125,0
DA:128,0
DA:129,0
DA:130,0
DA:131,0
DA:134,0
DA:155,0
DA:170,0
DA:185,0
DA:216,0
DA:256,0
DA:264,0
DA:293,0
DA:303,0
DA:315,0
DA:324,0
DA:336,0
DA:342,0
DA:371,0
DA:380,0
DA:392,0
DA:401,0
DA:412,0
DA:418,0
DA:451,0
LF:51
LH:0
BRDA:115,0,0,0
BRDA:115,0,1,0
BRDA:233,1,0,0
BRDA:233,1,1,0
BRDA:242,2,0,0
BRDA:242,2,1,0
BRDA:348,3,0,0
BRDA:348,3,1,0
BRDA:348,3,2,0
BRDA:348,3,3,0
BRDA:440,4,0,0
BRDA:440,4,1,0
BRF:12
BRH:0
end_of_record
TN:
SF:src\app\pages\admin\ContentReview.tsx
FN:69,ContentReview
FN:76,(anonymous_1)
FN:77,(anonymous_2)
FN:78,(anonymous_3)
FN:80,(anonymous_4)
FN:85,(anonymous_5)
FN:86,(anonymous_6)
FN:86,(anonymous_7)
FN:97,(anonymous_8)
FN:103,(anonymous_9)
FN:104,(anonymous_10)
FN:104,(anonymous_11)
FN:115,(anonymous_12)
FN:162,(anonymous_13)
FN:169,(anonymous_14)
FN:262,(anonymous_15)
FN:274,(anonymous_16)
FN:286,(anonymous_17)
FN:323,(anonymous_18)
FN:361,(anonymous_19)
FN:368,(anonymous_20)
FNF:21
FNH:0
FNDA:0,ContentReview
FNDA:0,(anonymous_1)
FNDA:0,(anonymous_2)
FNDA:0,(anonymous_3)
FNDA:0,(anonymous_4)
FNDA:0,(anonymous_5)
FNDA:0,(anonymous_6)
FNDA:0,(anonymous_7)
FNDA:0,(anonymous_8)
FNDA:0,(anonymous_9)
FNDA:0,(anonymous_10)
FNDA:0,(anonymous_11)
FNDA:0,(anonymous_12)
FNDA:0,(anonymous_13)
FNDA:0,(anonymous_14)
FNDA:0,(anonymous_15)
FNDA:0,(anonymous_16)
FNDA:0,(anonymous_17)
FNDA:0,(anonymous_18)
FNDA:0,(anonymous_19)
FNDA:0,(anonymous_20)
DA:19,0
DA:70,0
DA:71,0
DA:72,0
DA:73,0
DA:74,0
DA:76,0
DA:77,0
DA:78,0
DA:80,0
DA:81,0
DA:82,0
DA:85,0
DA:86,0
DA:87,0
DA:91,0
DA:94,0
DA:97,0
DA:98,0
DA:99,0
DA:100,0
DA:103,0
DA:104,0
DA:105,0
DA:109,0
DA:112,0
DA:115,0
DA:116,0
DA:162,0
DA:169,0
DA:196,0
DA:262,0
DA:274,0
DA:286,0
DA:323,0
DA:361,0
DA:368,0
LF:37
LH:0
BRDA:87,0,0,0
BRDA:87,0,1,0
BRDA:105,1,0,0
BRDA:105,1,1,0
BRDA:144,2,0,0
BRDA:144,2,1,0
BRDA:149,3,0,0
BRDA:149,3,1,0
BRDA:158,4,0,0
BRDA:158,4,1,0
BRDA:177,5,0,0
BRDA:177,5,1,0
BRDA:184,6,0,0
BRDA:184,6,1,0
BRDA:261,7,0,0
BRDA:261,7,1,0
BRDA:273,8,0,0
BRDA:273,8,1,0
BRDA:285,9,0,0
BRDA:285,9,1,0
BRDA:306,10,0,0
BRDA:306,10,1,0
BRDA:342,11,0,0
BRDA:342,11,1,0
BRF:24
BRH:0
end_of_record
TN:
SF:src\app\pages\admin\Dashboard.tsx
FN:52,AdminDashboard
FN:62,(anonymous_1)
FN:121,(anonymous_2)
FN:126,(anonymous_3)
FN:146,(anonymous_4)
FNF:5
FNH:0
FNDA:0,AdminDashboard
FNDA:0,(anonymous_1)
FNDA:0,(anonymous_2)
FNDA:0,(anonymous_3)
FNDA:0,(anonymous_4)
DA:19,0
DA:26,0
DA:36,0
DA:44,0
DA:53,0
DA:63,0
DA:64,0
DA:121,0
DA:127,0
DA:147,0
LF:10
LH:0
BRDA:71,0,0,0
BRDA:71,0,1,0
BRDA:153,1,0,0
BRDA:153,1,1,0
BRF:4
BRH:0
end_of_record
TN:
SF:src\app\pages\admin\Login.tsx
FN:12,AdminLogin
FN:23,(anonymous_1)
FN:66,(anonymous_2)
FN:78,(anonymous_3)
FN:95,(anonymous_4)
FNF:5
FNH:0
FNDA:0,AdminLogin
FNDA:0,(anonymous_1)
FNDA:0,(anonymous_2)
FNDA:0,(anonymous_3)
FNDA:0,(anonymous_4)
DA:13,0
DA:14,0
DA:15,0
DA:18,0
DA:19,0
DA:20,0
DA:23,0
DA:24,0
DA:25,0
DA:26,0
DA:27,0
DA:28,0
DA:30,0
DA:34,0
DA:66,0
DA:78,0
DA:95,0
LF:17
LH:0
BRDA:18,0,0,0
BRDA:18,0,1,0
BRDA:18,1,0,0
BRDA:18,1,1,0
BRF:4
BRH:0
end_of_record
TN:
SF:src\app\pages\admin\SystemSettings.tsx
FN:20,SystemSettings
FN:43,(anonymous_1)
FN:49,(anonymous_2)
FN:57,(anonymous_3)
FN:58,(anonymous_4)
FN:89,(anonymous_5)
FN:99,(anonymous_6)
FN:114,(anonymous_7)
FN:124,(anonymous_8)
FN:141,(anonymous_9)
FN:153,(anonymous_10)
FN:179,(anonymous_11)
FN:180,(anonymous_12)
FN:189,(anonymous_13)
FN:193,(anonymous_14)
FN:221,(anonymous_15)
FNF:16
FNH:0
FNDA:0,SystemSettings
FNDA:0,(anonymous_1)
FNDA:0,(anonymous_2)
FNDA:0,(anonymous_3)
FNDA:0,(anonymous_4)
FNDA:0,(anonymous_5)
FNDA:0,(anonymous_6)
FNDA:0,(anonymous_7)
FNDA:0,(anonymous_8)
FNDA:0,(anonymous_9)
FNDA:0,(anonymous_10)
FNDA:0,(anonymous_11)
FNDA:0,(anonymous_12)
FNDA:0,(anonymous_13)
FNDA:0,(anonymous_14)
FNDA:0,(anonymous_15)
DA:21,0
DA:30,0
DA:33,0
DA:35,0
DA:43,0
DA:44,0
DA:49,0
DA:50,0
DA:51,0
DA:52,0
DA:53,0
DA:57,0
DA:58,0
DA:59,0
DA:62,0
DA:89,0
DA:99,0
DA:114,0
DA:124,0
DA:141,0
DA:153,0
DA:179,0
DA:180,0
DA:190,0
DA:193,0
DA:222,0
LF:26
LH:0
BRDA:50,0,0,0
BRDA:50,0,1,0
BRDA:50,1,0,0
BRDA:50,1,1,0
BRDA:180,2,0,0
BRDA:180,2,1,0
BRDA:202,3,0,0
BRDA:202,3,1,0
BRDA:223,4,0,0
BRDA:223,4,1,0
BRF:10
BRH:0
end_of_record
TN:
SF:src\app\pages\admin\UserManagement.tsx
FN:41,UserManagement
FN:54,(anonymous_1)
FN:62,(anonymous_2)
FN:68,(anonymous_3)
FN:79,(anonymous_4)
FN:84,(anonymous_5)
FN:86,(anonymous_6)
FN:86,(anonymous_7)
FN:117,(anonymous_8)
FN:125,(anonymous_9)
FN:133,(anonymous_10)
FN:153,(anonymous_11)
FN:182,(anonymous_12)
FN:214,(anonymous_13)
FN:223,(anonymous_14)
FN:266,(anonymous_15)
FN:283,(anonymous_16)
FN:293,(anonymous_17)
FN:299,(anonymous_18)
FN:341,(anonymous_19)
FNF:20
FNH:0
FNDA:0,UserManagement
FNDA:0,(anonymous_1)
FNDA:0,(anonymous_2)
FNDA:0,(anonymous_3)
FNDA:0,(anonymous_4)
FNDA:0,(anonymous_5)
FNDA:0,(anonymous_6)
FNDA:0,(anonymous_7)
FNDA:0,(anonymous_8)
FNDA:0,(anonymous_9)
FNDA:0,(anonymous_10)
FNDA:0,(anonymous_11)
FNDA:0,(anonymous_12)
FNDA:0,(anonymous_13)
FNDA:0,(anonymous_14)
FNDA:0,(anonymous_15)
FNDA:0,(anonymous_16)
FNDA:0,(anonymous_17)
FNDA:0,(anonymous_18)
FNDA:0,(anonymous_19)
DA:33,0
DA:42,0
DA:43,0
DA:44,0
DA:45,0
DA:46,0
DA:47,0
DA:48,0
DA:54,0
DA:55,0
DA:58,0
DA:59,0
DA:62,0
DA:63,0
DA:64,0
DA:65,0
DA:68,0
DA:69,0
DA:70,0
DA:72,0
DA:76,0
DA:79,0
DA:80,0
DA:81,0
DA:84,0
DA:85,0
DA:86,0
DA:87,0
DA:90,0
DA:95,0
DA:98,0
DA:117,0
DA:125,0
DA:133,0
DA:153,0
DA:183,0
DA:214,0
DA:223,0
DA:266,0
DA:283,0
DA:293,0
DA:299,0
DA:341,0
LF:43
LH:0
BRDA:55,0,0,0
BRDA:55,0,1,0
BRDA:55,0,2,0
BRDA:58,1,0,0
BRDA:58,1,1,0
BRDA:59,2,0,0
BRDA:59,2,1,0
BRDA:70,3,0,0
BRDA:70,3,1,0
BRDA:72,4,0,0
BRDA:72,4,1,0
BRDA:73,5,0,0
BRDA:73,5,1,0
BRDA:85,6,0,0
BRDA:85,6,1,0
BRDA:87,7,0,0
BRDA:87,7,1,0
BRDA:91,8,0,0
BRDA:91,8,1,0
BRDA:191,9,0,0
BRDA:191,9,1,0
BRDA:196,10,0,0
BRDA:196,10,1,0
BRDA:222,11,0,0
BRDA:222,11,1,0
BRDA:225,12,0,0
BRDA:225,12,1,0
BRDA:234,13,0,0
BRDA:234,13,1,0
BRDA:251,14,0,0
BRDA:251,14,1,0
BRDA:305,15,0,0
BRDA:305,15,1,0
BRDA:317,16,0,0
BRDA:317,16,1,0
BRDA:318,17,0,0
BRDA:318,17,1,0
BRDA:321,18,0,0
BRDA:321,18,1,0
BRDA:326,19,0,0
BRDA:326,19,1,0
BRDA:345,20,0,0
BRDA:345,20,1,0
BRDA:346,21,0,0
BRDA:346,21,1,0
BRDA:349,22,0,0
BRDA:349,22,1,0
BRF:47
BRH:0
end_of_record
TN:
SF:src\app\pages\student\CreateTask.tsx
FN:21,CreateTask
FN:33,(anonymous_1)
FN:45,(anonymous_2)
FN:65,(anonymous_3)
FN:74,(anonymous_4)
FN:95,(anonymous_5)
FN:111,(anonymous_6)
FN:125,(anonymous_7)
FN:140,(anonymous_8)
FN:158,(anonymous_9)
FNF:10
FNH:0
FNDA:0,CreateTask
FNDA:0,(anonymous_1)
FNDA:0,(anonymous_2)
FNDA:0,(anonymous_3)
FNDA:0,(anonymous_4)
FNDA:0,(anonymous_5)
FNDA:0,(anonymous_6)
FNDA:0,(anonymous_7)
FNDA:0,(anonymous_8)
FNDA:0,(anonymous_9)
DA:22,0
DA:23,0
DA:24,0
DA:33,0
DA:34,0
DA:36,0
DA:37,0
DA:38,0
DA:41,0
DA:45,0
DA:46,0
DA:50,0
DA:65,0
DA:74,0
DA:95,0
DA:111,0
DA:125,0
DA:140,0
DA:158,0
LF:19
LH:0
BRDA:36,0,0,0
BRDA:36,0,1,0
BRDA:36,1,0,0
BRDA:36,1,1,0
BRDA:114,2,0,0
BRDA:114,2,1,0
BRF:6
BRH:0
end_of_record
TN:
SF:src\app\pages\student\Home.tsx
FN:66,StudentHome
FN:73,(anonymous_1)
FN:74,(anonymous_2)
FN:75,(anonymous_3)
FN:77,(anonymous_4)
FN:81,(anonymous_5)
FN:116,(anonymous_6)
FN:131,(anonymous_7)
FN:139,(anonymous_8)
FN:143,(anonymous_9)
FN:157,(anonymous_10)
FN:167,(anonymous_11)
FNF:12
FNH:0
FNDA:0,StudentHome
FNDA:0,(anonymous_1)
FNDA:0,(anonymous_2)
FNDA:0,(anonymous_3)
FNDA:0,(anonymous_4)
FNDA:0,(anonymous_5)
FNDA:0,(anonymous_6)
FNDA:0,(anonymous_7)
FNDA:0,(anonymous_8)
FNDA:0,(anonymous_9)
FNDA:0,(anonymous_10)
FNDA:0,(anonymous_11)
DA:21,0
DA:27,0
DA:30,0
DA:67,0
DA:68,0
DA:69,0
DA:70,0
DA:73,0
DA:74,0
DA:75,0
DA:77,0
DA:81,0
DA:82,0
DA:84,0
DA:85,0
DA:88,0
DA:116,0
DA:131,0
DA:140,0
DA:143,0
DA:158,0
DA:167,0
LF:22
LH:0
BRDA:82,0,0,0
BRDA:82,0,1,0
BRDA:84,1,0,0
BRDA:84,1,1,0
BRDA:85,2,0,0
BRDA:85,2,1,0
BRDA:142,3,0,0
BRDA:142,3,1,0
BRDA:145,4,0,0
BRDA:145,4,1,0
BRDA:174,5,0,0
BRDA:174,5,1,0
BRF:12
BRH:0
end_of_record
TN:
SF:src\app\pages\student\Login.tsx
FN:12,StudentLogin
FN:26,(anonymous_1)
FN:37,(anonymous_2)
FN:49,(anonymous_3)
FN:99,(anonymous_4)
FN:114,(anonymous_5)
FN:147,(anonymous_6)
FN:179,(anonymous_7)
FNF:8
FNH:5
FNDA:19,StudentLogin
FNDA:9,(anonymous_1)
FNDA:4,(anonymous_2)
FNDA:0,(anonymous_3)
FNDA:5,(anonymous_4)
FNDA:5,(anonymous_5)
FNDA:0,(anonymous_6)
FNDA:0,(anonymous_7)
DA:13,19
DA:14,19
DA:22,19
DA:23,19
DA:26,19
DA:27,9
DA:28,0
DA:33,19
DA:34,0
DA:37,19
DA:38,4
DA:39,4
DA:40,4
DA:41,2
DA:43,2
DA:45,2
DA:49,19
DA:50,0
DA:51,0
DA:52,0
DA:53,0
DA:56,0
DA:59,19
DA:99,5
DA:114,5
DA:147,0
DA:179,0
LF:27
LH:18
BRDA:27,0,0,0
BRDA:27,0,1,9
BRDA:27,1,0,9
BRDA:27,1,1,0
BRDA:33,2,0,0
BRDA:33,2,1,19
BRDA:33,3,0,19
BRDA:33,3,1,0
BRDA:51,4,0,0
BRDA:51,4,1,0
BRF:10
BRH:4
end_of_record
TN:
SF:src\app\pages\student\Messages.tsx
FN:91,Messages
FN:95,(anonymous_1)
FN:97,(anonymous_2)
FN:97,(anonymous_3)
FN:101,(anonymous_4)
FN:101,(anonymous_5)
FN:107,(anonymous_6)
FN:109,(anonymous_7)
FN:109,(anonymous_8)
FN:111,(anonymous_9)
FN:111,(anonymous_10)
FN:115,(anonymous_11)
FN:130,(anonymous_12)
FN:131,(anonymous_13)
FN:132,(anonymous_14)
FN:179,(anonymous_15)
FN:201,(anonymous_16)
FN:210,(anonymous_17)
FN:240,(anonymous_18)
FN:269,(anonymous_19)
FN:278,(anonymous_20)
FN:305,(anonymous_21)
FNF:22
FNH:0
FNDA:0,Messages
FNDA:0,(anonymous_1)
FNDA:0,(anonymous_2)
FNDA:0,(anonymous_3)
FNDA:0,(anonymous_4)
FNDA:0,(anonymous_5)
FNDA:0,(anonymous_6)
FNDA:0,(anonymous_7)
FNDA:0,(anonymous_8)
FNDA:0,(anonymous_9)
FNDA:0,(anonymous_10)
FNDA:0,(anonymous_11)
FNDA:0,(anonymous_12)
FNDA:0,(anonymous_13)
FNDA:0,(anonymous_14)
FNDA:0,(anonymous_15)
FNDA:0,(anonymous_16)
FNDA:0,(anonymous_17)
FNDA:0,(anonymous_18)
FNDA:0,(anonymous_19)
FNDA:0,(anonymous_20)
FNDA:0,(anonymous_21)
DA:10,0
DA:37,0
DA:67,0
DA:92,0
DA:93,0
DA:95,0
DA:96,0
DA:97,0
DA:98,0
DA:101,0
DA:102,0
DA:107,0
DA:108,0
DA:109,0
DA:111,0
DA:115,0
DA:116,0
DA:119,0
DA:121,0
DA:124,0
DA:126,0
DA:130,0
DA:131,0
DA:132,0
DA:134,0
DA:180,0
DA:201,0
DA:210,0
DA:241,0
DA:269,0
DA:278,0
DA:306,0
LF:32
LH:0
BRDA:96,0,0,0
BRDA:96,0,1,0
BRDA:98,1,0,0
BRDA:98,1,1,0
BRDA:102,2,0,0
BRDA:102,2,1,0
BRDA:108,3,0,0
BRDA:108,3,1,0
BRDA:116,4,0,0
BRDA:116,4,1,0
BRDA:116,4,2,0
BRDA:116,4,3,0
BRDA:116,4,4,0
BRDA:116,4,5,0
BRDA:145,5,0,0
BRDA:145,5,1,0
BRDA:153,6,0,0
BRDA:153,6,1,0
BRDA:161,7,0,0
BRDA:161,7,1,0
BRDA:181,8,0,0
BRDA:181,8,1,0
BRDA:182,9,0,0
BRDA:182,9,1,0
BRDA:189,10,0,0
BRDA:189,10,1,0
BRDA:196,11,0,0
BRDA:196,11,1,0
BRDA:220,12,0,0
BRDA:220,12,1,0
BRDA:242,13,0,0
BRDA:242,13,1,0
BRDA:243,14,0,0
BRDA:243,14,1,0
BRDA:250,15,0,0
BRDA:250,15,1,0
BRDA:264,16,0,0
BRDA:264,16,1,0
BRDA:288,17,0,0
BRDA:288,17,1,0
BRDA:322,18,0,0
BRDA:322,18,1,0
BRDA:329,19,0,0
BRDA:329,19,1,0
BRF:44
BRH:0
end_of_record
TN:
SF:src\app\pages\student\MyTasks.tsx
FN:83,MyTasks
FN:89,(anonymous_1)
FN:94,(anonymous_2)
FN:99,(anonymous_3)
FN:104,(anonymous_4)
FN:111,(anonymous_5)
FN:167,(anonymous_6)
FN:177,(anonymous_7)
FN:185,(anonymous_8)
FN:196,(anonymous_9)
FN:227,(anonymous_10)
FN:236,(anonymous_11)
FN:247,(anonymous_12)
FN:256,(anonymous_13)
FN:292,(anonymous_14)
FN:324,(anonymous_15)
FNF:16
FNH:0
FNDA:0,MyTasks
FNDA:0,(anonymous_1)
FNDA:0,(anonymous_2)
FNDA:0,(anonymous_3)
FNDA:0,(anonymous_4)
FNDA:0,(anonymous_5)
FNDA:0,(anonymous_6)
FNDA:0,(anonymous_7)
FNDA:0,(anonymous_8)
FNDA:0,(anonymous_9)
FNDA:0,(anonymous_10)
FNDA:0,(anonymous_11)
FNDA:0,(anonymous_12)
FNDA:0,(anonymous_13)
FNDA:0,(anonymous_14)
FNDA:0,(anonymous_15)
DA:18,0
DA:52,0
DA:76,0
DA:84,0
DA:85,0
DA:86,0
DA:87,0
DA:89,0
DA:90,0
DA:91,0
DA:94,0
DA:95,0
DA:96,0
DA:99,0
DA:100,0
DA:101,0
DA:104,0
DA:105,0
DA:108,0
DA:111,0
DA:112,0
DA:113,0
DA:115,0
DA:167,0
DA:177,0
DA:185,0
DA:196,0
DA:208,0
DA:228,0
DA:236,0
DA:248,0
DA:256,0
DA:292,0
DA:324,0
LF:34
LH:0
BRDA:141,0,0,0
BRDA:141,0,1,0
BRDA:141,0,2,0
BRDA:148,1,0,0
BRDA:148,1,1,0
BRDA:148,1,2,0
BRDA:155,2,0,0
BRDA:155,2,1,0
BRDA:172,3,0,0
BRDA:172,3,1,0
BRDA:172,3,2,0
BRDA:192,4,0,0
BRDA:192,4,1,0
BRDA:192,4,2,0
BRDA:226,5,0,0
BRDA:226,5,1,0
BRDA:246,6,0,0
BRDA:246,6,1,0
BRDA:275,7,0,0
BRDA:275,7,1,0
BRDA:311,8,0,0
BRDA:311,8,1,0
BRF:22
BRH:0
end_of_record
TN:
SF:src\app\pages\student\PointsHistory.tsx
FN:83,PointsHistory
FN:88,(anonymous_1)
FN:94,(anonymous_2)
FN:95,(anonymous_3)
FN:99,(anonymous_4)
FN:100,(anonymous_5)
FN:110,(anonymous_6)
FN:166,(anonymous_7)
FN:177,(anonymous_8)
FNF:9
FNH:0
FNDA:0,PointsHistory
FNDA:0,(anonymous_1)
FNDA:0,(anonymous_2)
FNDA:0,(anonymous_3)
FNDA:0,(anonymous_4)
FNDA:0,(anonymous_5)
FNDA:0,(anonymous_6)
FNDA:0,(anonymous_7)
FNDA:0,(anonymous_8)
DA:16,0
DA:84,0
DA:85,0
DA:86,0
DA:88,0
DA:89,0
DA:90,0
DA:93,0
DA:94,0
DA:95,0
DA:97,0
DA:99,0
DA:100,0
DA:103,0
DA:110,0
DA:166,0
DA:178,0
LF:17
LH:0
BRDA:89,0,0,0
BRDA:89,0,1,0
BRDA:183,1,0,0
BRDA:183,1,1,0
BRDA:184,2,0,0
BRDA:184,2,1,0
BRDA:199,3,0,0
BRDA:199,3,1,0
BRDA:200,4,0,0
BRDA:200,4,1,0
BRDA:209,5,0,0
BRDA:209,5,1,0
BRF:12
BRH:0
end_of_record
TN:
SF:src\app\pages\student\Profile.tsx
FN:21,Profile
FN:31,(anonymous_1)
FN:47,(anonymous_2)
FN:53,(anonymous_3)
FN:59,(anonymous_4)
FN:65,(anonymous_5)
FN:91,(anonymous_6)
FN:118,(anonymous_7)
FN:144,(anonymous_8)
FN:181,(anonymous_9)
FN:216,(anonymous_10)
FN:225,(anonymous_11)
FN:233,(anonymous_12)
FN:238,(anonymous_13)
FNF:14
FNH:0
FNDA:0,Profile
FNDA:0,(anonymous_1)
FNDA:0,(anonymous_2)
FNDA:0,(anonymous_3)
FNDA:0,(anonymous_4)
FNDA:0,(anonymous_5)
FNDA:0,(anonymous_6)
FNDA:0,(anonymous_7)
FNDA:0,(anonymous_8)
FNDA:0,(anonymous_9)
FNDA:0,(anonymous_10)
FNDA:0,(anonymous_11)
FNDA:0,(anonymous_12)
FNDA:0,(anonymous_13)
DA:22,0
DA:23,0
DA:24,0
DA:25,0
DA:31,0
DA:32,0
DA:33,0
DA:36,0
DA:42,0
DA:47,0
DA:53,0
DA:59,0
DA:65,0
DA:69,0
DA:91,0
DA:119,0
DA:120,0
DA:145,0
DA:146,0
DA:182,0
DA:216,0
DA:225,0
DA:233,0
DA:238,0
LF:24
LH:0
BRDA:26,0,0,0
BRDA:26,0,1,0
BRDA:27,1,0,0
BRDA:27,1,1,0
BRDA:28,2,0,0
BRDA:28,2,1,0
BRDA:37,3,0,0
BRDA:37,3,1,0
BRDA:188,4,0,0
BRDA:188,4,1,0
BRDA:188,5,0,0
BRDA:188,5,1,0
BRDA:189,6,0,0
BRDA:189,6,1,0
BRF:14
BRH:0
end_of_record
TN:
SF:src\app\pages\student\TaskDetail.tsx
FN:19,TaskDetail
FN:56,(anonymous_1)
FN:60,(anonymous_2)
FN:71,(anonymous_3)
FN:121,(anonymous_4)
FN:138,(anonymous_5)
FN:177,(anonymous_6)
FN:181,(anonymous_7)
FN:239,(anonymous_8)
FN:285,(anonymous_9)
FNF:10
FNH:0
FNDA:0,TaskDetail
FNDA:0,(anonymous_1)
FNDA:0,(anonymous_2)
FNDA:0,(anonymous_3)
FNDA:0,(anonymous_4)
FNDA:0,(anonymous_5)
FNDA:0,(anonymous_6)
FNDA:0,(anonymous_7)
FNDA:0,(anonymous_8)
FNDA:0,(anonymous_9)
DA:20,0
DA:21,0
DA:22,0
DA:25,0
DA:56,0
DA:57,0
DA:60,0
DA:61,0
DA:62,0
DA:63,0
DA:66,0
DA:71,0
DA:122,0
DA:139,0
DA:178,0
DA:181,0
DA:239,0
DA:285,0
LF:18
LH:0
BRF:0
BRH:0
end_of_record
TN:
SF:src\app\pages\student\hhome.tsx
FN:105,StudentHome
FN:112,(anonymous_1)
FN:113,(anonymous_2)
FN:129,(anonymous_3)
FN:149,(anonymous_4)
FN:162,(anonymous_5)
FN:177,(anonymous_6)
FN:199,(anonymous_7)
FN:224,(anonymous_8)
FN:232,(anonymous_9)
FN:254,(anonymous_10)
FN:271,(anonymous_11)
FNF:12
FNH:0
FNDA:0,StudentHome
FNDA:0,(anonymous_1)
FNDA:0,(anonymous_2)
FNDA:0,(anonymous_3)
FNDA:0,(anonymous_4)
FNDA:0,(anonymous_5)
FNDA:0,(anonymous_6)
FNDA:0,(anonymous_7)
FNDA:0,(anonymous_8)
FNDA:0,(anonymous_9)
FNDA:0,(anonymous_10)
FNDA:0,(anonymous_11)
DA:22,0
DA:91,0
DA:99,0
DA:106,0
DA:107,0
DA:108,0
DA:109,0
DA:112,0
DA:113,0
DA:114,0
DA:115,0
DA:117,0
DA:120,0
DA:122,0
DA:126,0
DA:129,0
DA:130,0
DA:131,0
DA:133,0
DA:136,0
DA:150,0
DA:163,0
DA:164,0
DA:165,0
DA:177,0
DA:199,0
DA:225,0
DA:232,0
DA:255,0
DA:272,0
DA:273,0
LF:31
LH:0
BRDA:130,0,0,0
BRDA:130,0,1,0
BRDA:131,1,0,0
BRDA:131,1,1,0
BRDA:133,2,0,0
BRDA:133,2,1,0
BRDA:173,3,0,0
BRDA:173,3,1,0
BRDA:180,4,0,0
BRDA:180,4,1,0
BRDA:181,5,0,0
BRDA:181,5,1,0
BRDA:287,6,0,0
BRDA:287,6,1,0
BRF:14
BRH:0
end_of_record
