<?xml version="1.0" encoding="UTF-8"?>
<testsuite xmlns:xsi="http://www.w3.org/2001/XMLSchema-instance" xsi:noNamespaceSchemaLocation="https://maven.apache.org/surefire/maven-surefire-plugin/xsd/surefire-test-report-3.0.xsd" version="3.0" name="com.help.controller.AuthControllerTest" time="0.397" tests="1" errors="0" skipped="0" failures="0">
  <properties>
[...]
</properties>
  <testcase name="login_Success" classname="com.help.controller.AuthControllerTest" time="0.139">
    <system-out><![CDATA[{"time":"2026-06-16T21:09:32.435728+08:00","@version":"1","message":"Could not detect default configuration classes for test class [com.help.controller.AuthControllerTest]: AuthControllerTest does not declare any static, non-private, non-final, nested classes annotated with @Configuration.","logger":"org.springframework.test.context.support.AnnotationConfigContextLoaderUtils","thread":"main","level":"INFO","level_value":20000}
{"time":"2026-06-16T21:09:32.4431426+08:00","@version":"1","message":"Found @SpringBootConfiguration com.help.HelpApplication for test class com.help.controller.AuthControllerTest","logger":"org.springframework.boot.test.context.SpringBootTestContextBootstrapper","thread":"main","level":"INFO","level_value":20000}

  .   ____          _            __ _ _
 /\\ / ___'_ __ _ _(_)_ __  __ _ \ \ \ \
( ( )\___ | '_ | '_| | '_ \/ _` | \ \ \ \
 \\/  ___)| |_)| | | | | || (_| |  ) ) ) )
  '  |____| .__|_| |_|_| |_\__, | / / / /
 =========|_|==============|___/=/_/_/_/
 :: Spring Boot ::                (v3.2.3)

{"time":"2026-06-16T21:09:32.4791316+08:00","@version":"1","message":"Starting AuthControllerTest using Java 17.0.12 with PID 40236 (started by jjl05 in C:\\Users\\jjl05\\Desktop\\Help-1\\backend\\help)","logger":"com.help.controller.AuthControllerTest","thread":"main","level":"INFO","level_value":20000}
{"time":"2026-06-16T21:09:32.4791316+08:00","@version":"1","message":"No active profile set, falling back to 1 default profile: \"default\"","logger":"com.help.controller.AuthControllerTest","thread":"main","level":"INFO","level_value":20000}
{"time":"2026-06-16T21:09:32.6859186+08:00","@version":"1","message":"Initializing Spring TestDispatcherServlet ''","logger":"org.springframework.boot.test.mock.web.SpringBootMockServletContext","thread":"main","level":"INFO","level_value":20000}
{"time":"2026-06-16T21:09:32.6871103+08:00","@version":"1","message":"Initializing Servlet ''","logger":"org.springframework.test.web.servlet.TestDispatcherServlet","thread":"main","level":"INFO","level_value":20000}
{"time":"2026-06-16T21:09:32.6871103+08:00","@version":"1","message":"Completed initialization in 0 ms","logger":"org.springframework.test.web.servlet.TestDispatcherServlet","thread":"main","level":"INFO","level_value":20000}
{"time":"2026-06-16T21:09:32.6907251+08:00","@version":"1","message":"Started AuthControllerTest in 0.245 seconds (process running for 10.933)","logger":"com.help.controller.AuthControllerTest","thread":"main","level":"INFO","level_value":20000}
{"time":"2026-06-16T21:09:32.8269062+08:00","@version":"1","message":"method=POST uri=/api/auth/login status=200 durationMs=67","logger":"com.help.config.MetricsInterceptor","thread":"main","level":"INFO","level_value":20000}
]]></system-out>
  </testcase>
</testsuite>